Model Technology ModelSim SE-64 vmap 10.6b Lib Mapping Utility 2017.05 May 25 2017
vmap mdm_v3_2 /home/dmonk/Firmware/DTC-firmware/DTC-front/DTC-front.cache/compile_simlib/modelsim/mdm_v3_2 
Modifying modelsim.ini
Model Technology ModelSim SE-64 vcom 10.6b Compiler 2017.05 May 25 2017
Start time: 13:05:03 on May 03,2019
vcom -64 -93 -work mdm_v3_2 -f /home/dmonk/Firmware/DTC-firmware/DTC-front/DTC-front.cache/compile_simlib/modelsim/mdm_v3_2/.cxl.vhdl.mdm_v3_2.mdm_v3_2.lin64.cmf 
-- Loading package STANDARD
-- Loading package TEXTIO
-- Loading package std_logic_1164
-- Compiling entity carry_and
-- Compiling architecture IMP of carry_and
-- Compiling entity carry_or_vec
-- Compiling architecture IMP of carry_or_vec
-- Compiling entity carry_or
-- Compiling architecture IMP of carry_or
-- Compiling entity select_bit
-- Compiling architecture IMP of select_bit
-- Compiling entity Arbiter
-- Compiling architecture IMP of Arbiter
-- Compiling entity SRL_FIFO
-- Compiling architecture IMP of SRL_FIFO
-- Compiling entity bus_master
-- Compiling architecture IMP of bus_master
-- Compiling entity JTAG_CONTROL
-- Loading entity SRL_FIFO
-- Compiling architecture IMP of JTAG_CONTROL
-- Compiling entity MDM_Core
-- Compiling architecture IMP of MDM_CORE
-- Loading package std_logic_arith
-- Loading package STD_LOGIC_UNSIGNED
-- Loading package ATTRIBUTES
-- Loading package std_logic_misc
-- Loading package ipif_pkg
-- Loading entity axi_lite_ipif
-- Compiling entity MDM
-- Compiling architecture IMP of MDM
End time: 13:05:04 on May 03,2019, Elapsed time: 0:00:01
Errors: 0, Warnings: 0
