Model Technology ModelSim SE-64 vmap 10.6b Lib Mapping Utility 2017.05 May 25 2017
vmap smartconnect_v1_0 /home/dmonk/Firmware/DTC-firmware/DTC-front/DTC-front.cache/compile_simlib/modelsim/smartconnect_v1_0 
Modifying modelsim.ini
Model Technology ModelSim SE-64 vlog 10.6b Compiler 2017.05 May 25 2017
Start time: 13:03:32 on May 03,2019
vlog -64 -L smartconnect_v1_0 "+incdir+/home/dmonk/.cxl.ip/incl" -sv -work smartconnect_v1_0 -f /home/dmonk/Firmware/DTC-firmware/DTC-front/DTC-front.cache/compile_simlib/modelsim/smartconnect_v1_0/.cxl.systemverilog.smartconnect_v1_0.smartconnect_v1_0.lin64.cmf 
-- Compiling package sc_util_v1_0_vl_rfs_sv_unit
-- Compiling package sc_exit_v1_0_vl_rfs_sv_unit
-- Compiling package sc_splitter_v1_0_vl_rfs_sv_unit
-- Compiling package sc_sc2axi_v1_0_vl_rfs_sv_unit
-- Compiling package sc_mmu_v1_0_vl_rfs_sv_unit
-- Compiling package sc_axi2sc_v1_0_vl_rfs_sv_unit
-- Compiling package sc_switchboard_v1_0_vl_rfs_sv_unit
** Warning: /opt/Xilinx/Vivado/2018.3/data/ip/xilinx/sc_node_v1_0/hdl/sc_node_v1_0_vl_rfs.sv(64): (vlog-2583) [SVCHK] - Some checking for conflicts with always_comb and always_latch variables not yet supported. Run vopt to provide additional design-level checks.
** Warning: /opt/Xilinx/Vivado/2018.3/data/ip/xilinx/sc_node_v1_0/hdl/sc_node_v1_0_vl_rfs.sv(64): (vlog-2583) [SVCHK] - Some checking for conflicts with always_comb and always_latch variables not yet supported. Run vopt to provide additional design-level checks.
** Warning: /opt/Xilinx/Vivado/2018.3/data/ip/xilinx/sc_node_v1_0/hdl/sc_node_v1_0_vl_rfs.sv(64): (vlog-2583) [SVCHK] - Some checking for conflicts with always_comb and always_latch variables not yet supported. Run vopt to provide additional design-level checks.
** Warning: /opt/Xilinx/Vivado/2018.3/data/ip/xilinx/sc_node_v1_0/hdl/sc_node_v1_0_vl_rfs.sv(64): (vlog-2583) [SVCHK] - Some checking for conflicts with always_comb and always_latch variables not yet supported. Run vopt to provide additional design-level checks.
** Warning: /opt/Xilinx/Vivado/2018.3/data/ip/xilinx/sc_node_v1_0/hdl/sc_node_v1_0_vl_rfs.sv(64): (vlog-2583) [SVCHK] - Some checking for conflicts with always_comb and always_latch variables not yet supported. Run vopt to provide additional design-level checks.
** Warning: /opt/Xilinx/Vivado/2018.3/data/ip/xilinx/sc_node_v1_0/hdl/sc_node_v1_0_vl_rfs.sv(64): (vlog-2583) [SVCHK] - Some checking for conflicts with always_comb and always_latch variables not yet supported. Run vopt to provide additional design-level checks.
** Warning: /opt/Xilinx/Vivado/2018.3/data/ip/xilinx/sc_node_v1_0/hdl/sc_node_v1_0_vl_rfs.sv(64): (vlog-2583) [SVCHK] - Some checking for conflicts with always_comb and always_latch variables not yet supported. Run vopt to provide additional design-level checks.
** Warning: /opt/Xilinx/Vivado/2018.3/data/ip/xilinx/sc_node_v1_0/hdl/sc_node_v1_0_vl_rfs.sv(64): (vlog-2583) [SVCHK] - Some checking for conflicts with always_comb and always_latch variables not yet supported. Run vopt to provide additional design-level checks.
** Warning: /opt/Xilinx/Vivado/2018.3/data/ip/xilinx/sc_node_v1_0/hdl/sc_node_v1_0_vl_rfs.sv(64): (vlog-2583) [SVCHK] - Some checking for conflicts with always_comb and always_latch variables not yet supported. Run vopt to provide additional design-level checks.
** Warning: /opt/Xilinx/Vivado/2018.3/data/ip/xilinx/sc_node_v1_0/hdl/sc_node_v1_0_vl_rfs.sv(64): (vlog-2583) [SVCHK] - Some checking for conflicts with always_comb and always_latch variables not yet supported. Run vopt to provide additional design-level checks.
** Warning: /opt/Xilinx/Vivado/2018.3/data/ip/xilinx/sc_node_v1_0/hdl/sc_node_v1_0_vl_rfs.sv(64): (vlog-2583) [SVCHK] - Some checking for conflicts with always_comb and always_latch variables not yet supported. Run vopt to provide additional design-level checks.
** Warning: /opt/Xilinx/Vivado/2018.3/data/ip/xilinx/sc_node_v1_0/hdl/sc_node_v1_0_vl_rfs.sv(64): (vlog-2583) [SVCHK] - Some checking for conflicts with always_comb and always_latch variables not yet supported. Run vopt to provide additional design-level checks.
** Warning: /opt/Xilinx/Vivado/2018.3/data/ip/xilinx/sc_node_v1_0/hdl/sc_node_v1_0_vl_rfs.sv(64): (vlog-2583) [SVCHK] - Some checking for conflicts with always_comb and always_latch variables not yet supported. Run vopt to provide additional design-level checks.
** Warning: /opt/Xilinx/Vivado/2018.3/data/ip/xilinx/sc_node_v1_0/hdl/sc_node_v1_0_vl_rfs.sv(64): (vlog-2583) [SVCHK] - Some checking for conflicts with always_comb and always_latch variables not yet supported. Run vopt to provide additional design-level checks.
** Warning: /opt/Xilinx/Vivado/2018.3/data/ip/xilinx/sc_node_v1_0/hdl/sc_node_v1_0_vl_rfs.sv(64): (vlog-2583) [SVCHK] - Some checking for conflicts with always_comb and always_latch variables not yet supported. Run vopt to provide additional design-level checks.
** Warning: /opt/Xilinx/Vivado/2018.3/data/ip/xilinx/sc_node_v1_0/hdl/sc_node_v1_0_vl_rfs.sv(64): (vlog-2583) [SVCHK] - Some checking for conflicts with always_comb and always_latch variables not yet supported. Run vopt to provide additional design-level checks.
-- Compiling package sc_node_v1_0_vl_rfs_sv_unit
-- Compiling package sc_si_converter_v1_0_vl_rfs_sv_unit
-- Compiling package sc_transaction_regulator_v1_0_vl_rfs_sv_unit

Top level modules:
End time: 13:03:34 on May 03,2019, Elapsed time: 0:00:02
Errors: 0, Warnings: 32
