Model Technology ModelSim SE-64 vmap 10.6b Lib Mapping Utility 2017.05 May 25 2017
vmap mutex_v2_1_10 /home/dmonk/Firmware/DTC-firmware/DTC-front/DTC-front.cache/compile_simlib/modelsim/mutex_v2_1_10 
Modifying modelsim.ini
Model Technology ModelSim SE-64 vcom 10.6b Compiler 2017.05 May 25 2017
Start time: 13:03:30 on May 03,2019
vcom -64 -93 -work mutex_v2_1_10 -f /home/dmonk/Firmware/DTC-firmware/DTC-front/DTC-front.cache/compile_simlib/modelsim/mutex_v2_1_10/.cxl.vhdl.mutex_v2_1_10.mutex_v2_1_10.lin64.cmf 
-- Loading package STANDARD
-- Loading package TEXTIO
-- Loading package std_logic_1164
-- Loading package std_logic_arith
-- Loading package STD_LOGIC_UNSIGNED
-- Compiling entity pselect
-- Compiling architecture imp of pselect
-- Compiling entity Gen_DRAM
-- Compiling architecture syn of Gen_DRAM
-- Loading package NUMERIC_STD
-- Loading entity Gen_DRAM
-- Compiling entity multi_channel_register
-- Compiling architecture IMP of multi_channel_register
-- Loading entity multi_channel_register
-- Compiling entity multi_channel_mutex
-- Compiling architecture IMP of multi_channel_mutex
-- Compiling entity mutex_core
-- Compiling architecture IMP of mutex_core
-- Compiling entity axi_decode
-- Compiling architecture IMP of axi_decode
-- Compiling entity mutex
-- Compiling architecture IMP of mutex
End time: 13:03:30 on May 03,2019, Elapsed time: 0:00:00
Errors: 0, Warnings: 0
