Model Technology ModelSim SE-64 vmap 10.6b Lib Mapping Utility 2017.05 May 25 2017
vmap lmb_bram_if_cntlr_v4_0_15 /home/dmonk/Firmware/DTC-firmware/DTC-front/DTC-front.cache/compile_simlib/modelsim/lmb_bram_if_cntlr_v4_0_15 
Modifying modelsim.ini
Model Technology ModelSim SE-64 vcom 10.6b Compiler 2017.05 May 25 2017
Start time: 10:55:47 on Jun 21,2019
vcom -64 -93 -work lmb_bram_if_cntlr_v4_0_15 -f /home/dmonk/Firmware/DTC-firmware/DTC-front/DTC-front.cache/compile_simlib/modelsim/lmb_bram_if_cntlr_v4_0_15/.cxl.vhdl.lmb_bram_if_cntlr_v4_0_15.lmb_bram_if_cntlr_v4_0_15.lin64.cmf 
-- Loading package STANDARD
-- Loading package TEXTIO
-- Loading package std_logic_1164
-- Compiling package lmb_bram_if_funcs
-- Loading package NUMERIC_STD
-- Compiling package body lmb_bram_if_funcs
-- Loading package lmb_bram_if_funcs
-- Loading package lmb_bram_if_funcs
-- Compiling entity MB_LUT6
-- Compiling architecture IMP of MB_LUT6
-- Compiling entity MB_MUXCY
-- Compiling architecture IMP of MB_MUXCY
-- Compiling entity MB_XORCY
-- Compiling architecture IMP of MB_XORCY
-- Compiling entity MB_MUXF7
-- Compiling architecture IMP of MB_MUXF7
-- Compiling entity MB_MUXF8
-- Compiling architecture IMP of MB_MUXF8
-- Compiling entity MB_FDRE
-- Compiling architecture IMP of MB_FDRE
-- Compiling entity XOR18
-- Compiling architecture IMP of XOR18
-- Compiling entity Parity
-- Compiling architecture IMP of Parity
-- Compiling entity ParityEnable
-- Compiling architecture IMP of ParityEnable
-- Compiling entity checkbit_handler
-- Compiling architecture IMP of checkbit_handler
-- Compiling entity Correct_One_Bit
-- Compiling architecture IMP of Correct_One_Bit
-- Loading package std_logic_arith
-- Loading package STD_LOGIC_UNSIGNED
-- Compiling entity pselect_mask
-- Compiling architecture imp of pselect_mask
-- Compiling entity axi_interface
-- Compiling architecture IMP of axi_interface
-- Compiling entity lmb_mux
-- Compiling architecture imp of lmb_mux
-- Compiling entity lmb_bram_if_cntlr
-- Compiling architecture imp of lmb_bram_if_cntlr
End time: 10:55:47 on Jun 21,2019, Elapsed time: 0:00:00
Errors: 0, Warnings: 0
