Model Technology ModelSim SE-64 vmap 10.6b Lib Mapping Utility 2017.05 May 25 2017
vmap v_smpte_uhdsdi_tx_v1_0_0 /home/dmonk/Firmware/DTC-firmware/DTC-front/DTC-front.cache/compile_simlib/modelsim/v_smpte_uhdsdi_tx_v1_0_0 
Modifying modelsim.ini
Model Technology ModelSim SE-64 vlog 10.6b Compiler 2017.05 May 25 2017
Start time: 13:04:18 on May 03,2019
vlog -64 "+incdir+/home/dmonk/.cxl.ip/incl" -work v_smpte_uhdsdi_tx_v1_0_0 -f /home/dmonk/Firmware/DTC-firmware/DTC-front/DTC-front.cache/compile_simlib/modelsim/v_smpte_uhdsdi_tx_v1_0_0/.cxl.verilog.v_smpte_uhdsdi_tx_v1_0_0.v_smpte_uhdsdi_tx_v1_0_0.lin64.cmf 
-- Compiling module v_smpte_uhdsdi_tx_v1_0_0_edh_anc_rx
-- Compiling module v_smpte_uhdsdi_tx_v1_0_0_edh_flags
-- Compiling module v_smpte_uhdsdi_tx_v1_0_0_edh_loc
-- Compiling module v_smpte_uhdsdi_tx_v1_0_0_edh_processor
-- Compiling module v_smpte_uhdsdi_tx_v1_0_0_mux
-- Compiling module v_smpte_uhdsdi_tx_v1_0_0_bitrep_20b
-- Compiling module v_smpte_uhdsdi_tx_v1_0_0_edh_video_decode
-- Compiling module v_smpte_uhdsdi_tx_v1_0_0_edh_autodetect
-- Compiling module v_smpte_uhdsdi_tx_v1_0_0_edh_tx
-- Compiling module v_smpte_uhdsdi_tx_v1_0_0_edh_rx
-- Compiling module v_smpte_uhdsdi_tx_v1_0_0_channel
-- Compiling module v_smpte_uhdsdi_tx_v1_0_0_output
-- Compiling module v_smpte_uhdsdi_tx_v1_0_0_syncbit_insert
-- Compiling module v_smpte_uhdsdi_tx_v1_0_0_trsgen
-- Compiling module v_smpte_uhdsdi_tx_v1_0_0_crc2
-- Compiling module v_smpte_uhdsdi_tx_v1_0_0_insert_crc
-- Compiling module v_smpte_uhdsdi_tx_v1_0_0_scrambler
-- Compiling module v_smpte_uhdsdi_tx_v1_0_0_edh_crc16
-- Compiling module v_smpte_uhdsdi_tx_v1_0_0_st352_pid_insert
-- Compiling module v_smpte_uhdsdi_tx_v1_0_0_edh_trs_detect
-- Compiling module v_smpte_uhdsdi_tx_v1_0_0_edh_fly_horz
-- Compiling module v_smpte_uhdsdi_tx_v1_0_0_insert_ln
-- Compiling module v_smpte_uhdsdi_tx_v1_0_0_edh_fly_fsm
-- Compiling module v_smpte_uhdsdi_tx_v1_0_0_s00_axi
-- Compiling module v_smpte_uhdsdi_tx_v1_0_0_edh_errcnt
-- Compiling module v_smpte_uhdsdi_tx_v1_0_0_edh_crc
-- Compiling module v_smpte_uhdsdi_tx_v1_0_0_edh_flywheel
-- Compiling module v_smpte_uhdsdi_tx_v1_0_0_encoder
-- Compiling module v_smpte_uhdsdi_tx_v1_0_0_edh_fly_vert
-- Compiling module v_smpte_uhdsdi_tx_v1_0_0_edh_fly_field
-- Compiling module v_smpte_uhdsdi_tx_v1_0_0_tx
-- Compiling module v_smpte_uhdsdi_tx_v1_0_0

Top level modules:
	v_smpte_uhdsdi_tx_v1_0_0
End time: 13:04:18 on May 03,2019, Elapsed time: 0:00:00
Errors: 0, Warnings: 0
