#-----------------------------------------------------------
# Vivado v2018.3 (64-bit)
# SW Build 2405991 on Thu Dec  6 23:36:41 MST 2018
# IP Build 2404404 on Fri Dec  7 01:43:56 MST 2018
# Start of session at: Thu May 16 10:30:13 2019
# Process ID: 8350
# Current directory: /home/dmonk/Firmware/DTC-firmware
# Command line: vivado
# Log file: /home/dmonk/Firmware/DTC-firmware/vivado.log
# Journal file: /home/dmonk/Firmware/DTC-firmware/vivado.jou
#-----------------------------------------------------------
start_gui
open_project /home/dmonk/Firmware/DTC-firmware/DTC-front/DTC-front.xpr
Scanning sources...
Finished scanning sources
INFO: [IP_Flow 19-234] Refreshing IP repositories
INFO: [IP_Flow 19-1704] No user IP repositories specified
INFO: [IP_Flow 19-2313] Loaded Vivado IP repository '/opt/Xilinx/Vivado/2018.3/data/ip'.
open_project: Time (s): cpu = 00:00:11 ; elapsed = 00:00:19 . Memory (MB): peak = 6430.723 ; gain = 132.266 ; free physical = 25761 ; free virtual = 59425
update_compile_order -fileset sources_1
exit
INFO: [Common 17-206] Exiting Vivado at Thu May 16 11:28:54 2019...
