** Warning: (vlib-34) Library already exists at "modelsim_lib/work".
** Warning: (vlib-34) Library already exists at "modelsim_lib/msim".
** Warning: (vlib-34) Library already exists at "modelsim_lib/msim/xil_defaultlib".
Model Technology ModelSim SE-64 vmap 10.6b Lib Mapping Utility 2017.05 May 25 2017
vmap xil_defaultlib modelsim_lib/msim/xil_defaultlib 
Modifying modelsim.ini
Model Technology ModelSim SE-64 vcom 10.6b Compiler 2017.05 May 25 2017
Start time: 13:53:14 on May 17,2019
vcom -64 -2008 -work xil_defaultlib ../../../../DTC-front.srcs/sources_1/new/DataTypes.vhd ../../../../DTC-front.srcs/sources_1/new/LinkFormatter.vhd ../../../../DTC-front.srcs/sources_1/new/LinkGenerator.vhd ../../../../DTC-front.srcs/sources_1/new/StubFormatter.vhd ../../../../DTC-front.srcs/sources_1/new/top.vhd 
-- Loading package STANDARD
-- Loading package TEXTIO
-- Loading package std_logic_1164
-- Loading package NUMERIC_STD
-- Compiling package data_types
-- Loading package data_types
-- Compiling entity LinkFormatter
-- Compiling architecture Behavioral of LinkFormatter
-- Compiling entity LinkGenerator
-- Compiling architecture Behavioral of LinkGenerator
-- Compiling entity StubFormatter
-- Compiling architecture Behavioral of StubFormatter
** Warning: ../../../../DTC-front.srcs/sources_1/new/StubFormatter.vhd(51): (vcom-1167) Index value 11 (of type ieee.NUMERIC_STD.UNSIGNED) is out of range 2 downto 0.
-- Compiling entity top
-- Compiling architecture Behavioral of top
-- Loading entity LinkGenerator
-- Loading entity LinkFormatter
-- Loading entity StubFormatter
End time: 13:53:14 on May 17,2019, Elapsed time: 0:00:00
Errors: 0, Warnings: 1
