Model Technology ModelSim SE-64 vmap 10.6b Lib Mapping Utility 2017.05 May 25 2017
vmap axi_timer_v2_0_20 /home/dmonk/Firmware/DTC-firmware/DTC-front/DTC-front.cache/compile_simlib/modelsim/axi_timer_v2_0_20 
Modifying modelsim.ini
Model Technology ModelSim SE-64 vcom 10.6b Compiler 2017.05 May 25 2017
Start time: 13:05:01 on May 03,2019
vcom -64 -93 -work axi_timer_v2_0_20 -f /home/dmonk/Firmware/DTC-firmware/DTC-front/DTC-front.cache/compile_simlib/modelsim/axi_timer_v2_0_20/.cxl.vhdl.axi_timer_v2_0_20.axi_timer_v2_0_20.lin64.cmf 
-- Loading package STANDARD
-- Loading package TEXTIO
-- Loading package std_logic_1164
-- Loading package NUMERIC_STD
-- Compiling entity counter_f
-- Compiling architecture imp of counter_f
-- Compiling entity mux_onehot_f
-- Compiling architecture imp of mux_onehot_f
-- Compiling package TC_Types
-- Loading package std_logic_arith
-- Loading package STD_LOGIC_UNSIGNED
-- Loading package ipif_pkg
-- Loading package lib_pkg
-- Loading package TC_Types
-- Compiling entity timer_control
-- Compiling architecture imp of timer_control
-- Loading package ATTRIBUTES
-- Loading package std_logic_misc
-- Loading entity cdc_sync
-- Compiling entity count_module
-- Compiling architecture imp of count_module
-- Loading entity counter_f
-- Compiling entity tc_core
-- Compiling architecture imp of tc_core
-- Loading entity mux_onehot_f
-- Loading entity count_module
-- Loading entity timer_control
-- Compiling entity axi_timer
-- Compiling architecture imp of axi_timer
-- Loading entity tc_core
-- Loading entity axi_lite_ipif
End time: 13:05:02 on May 03,2019, Elapsed time: 0:00:01
Errors: 0, Warnings: 0
