Model Technology ModelSim SE-64 vmap 10.6b Lib Mapping Utility 2017.05 May 25 2017
vmap axi_gpio_v2_0_20 /home/dmonk/Firmware/DTC-firmware/DTC-front/DTC-front.cache/compile_simlib/modelsim/axi_gpio_v2_0_20 
Modifying modelsim.ini
Model Technology ModelSim SE-64 vcom 10.6b Compiler 2017.05 May 25 2017
Start time: 10:58:00 on Jun 21,2019
vcom -64 -93 -work axi_gpio_v2_0_20 -f /home/dmonk/Firmware/DTC-firmware/DTC-front/DTC-front.cache/compile_simlib/modelsim/axi_gpio_v2_0_20/.cxl.vhdl.axi_gpio_v2_0_20.axi_gpio_v2_0_20.lin64.cmf 
-- Loading package STANDARD
-- Loading package TEXTIO
-- Loading package std_logic_1164
-- Compiling entity GPIO_Core
-- Compiling architecture IMP of GPIO_Core
-- Loading package NUMERIC_STD
-- Loading package ATTRIBUTES
-- Loading package std_logic_misc
-- Loading entity cdc_sync
-- Loading package std_logic_arith
-- Loading package STD_LOGIC_UNSIGNED
-- Loading package ipif_pkg
-- Compiling entity axi_gpio
-- Compiling architecture imp of axi_gpio
-- Loading entity axi_lite_ipif
-- Loading entity interrupt_control
-- Loading entity GPIO_Core
End time: 10:58:01 on Jun 21,2019, Elapsed time: 0:00:01
Errors: 0, Warnings: 0
