Model Technology ModelSim SE-64 vmap 10.6b Lib Mapping Utility 2017.05 May 25 2017
vmap tcc_decoder_3gpplte_v3_0_6 /home/dmonk/Firmware/DTC-firmware/DTC-front/DTC-front.cache/compile_simlib/modelsim/tcc_decoder_3gpplte_v3_0_6 
Modifying modelsim.ini
Model Technology ModelSim SE-64 vcom 10.6b Compiler 2017.05 May 25 2017
Start time: 10:55:43 on Jun 21,2019
vcom -64 -93 -work tcc_decoder_3gpplte_v3_0_6 -f /home/dmonk/Firmware/DTC-firmware/DTC-front/DTC-front.cache/compile_simlib/modelsim/tcc_decoder_3gpplte_v3_0_6/.cxl.vhdl.tcc_decoder_3gpplte_v3_0_6.tcc_decoder_3gpplte_v3_0_6.lin64.cmf 
-- Loading package STANDARD
** Warning: /opt/Xilinx/Vivado/2018.3/data/ip/xilinx/tcc_decoder_3gpplte_v3_0/hdl/tcc_decoder_3gpplte_v3_0_vh_rfs.vhd(16055): (vcom-1515) Prefix of predefined attribute "<protected>" is function call "<protected>".
** Warning: /opt/Xilinx/Vivado/2018.3/data/ip/xilinx/tcc_decoder_3gpplte_v3_0/hdl/tcc_decoder_3gpplte_v3_0_vh_rfs.vhd(18035): (vcom-1515) Prefix of predefined attribute "<protected>" is function call "<protected>".
** Warning: /opt/Xilinx/Vivado/2018.3/data/ip/xilinx/tcc_decoder_3gpplte_v3_0/hdl/tcc_decoder_3gpplte_v3_0_vh_rfs.vhd(19598): (vcom-1515) Prefix of predefined attribute "<protected>" is function call "<protected>".
** Warning: /opt/Xilinx/Vivado/2018.3/data/ip/xilinx/tcc_decoder_3gpplte_v3_0/hdl/tcc_decoder_3gpplte_v3_0_vh_rfs.vhd(20666): (vcom-1515) Prefix of predefined attribute "<protected>" is function call "<protected>".
** Warning: /opt/Xilinx/Vivado/2018.3/data/ip/xilinx/tcc_decoder_3gpplte_v3_0/hdl/tcc_decoder_3gpplte_v3_0_vh_rfs.vhd(21787): (vcom-1515) Prefix of predefined attribute "<protected>" is function call "<protected>".
** Warning: /opt/Xilinx/Vivado/2018.3/data/ip/xilinx/tcc_decoder_3gpplte_v3_0/hdl/tcc_decoder_3gpplte_v3_0_vh_rfs.vhd(22006): (vcom-1515) Prefix of predefined attribute "<protected>" is function call "<protected>".
** Warning: /opt/Xilinx/Vivado/2018.3/data/ip/xilinx/tcc_decoder_3gpplte_v3_0/hdl/tcc_decoder_3gpplte_v3_0_vh_rfs.vhd(22301): (vcom-1515) Prefix of predefined attribute "<protected>" is function call "<protected>".
** Warning: /opt/Xilinx/Vivado/2018.3/data/ip/xilinx/tcc_decoder_3gpplte_v3_0/hdl/tcc_decoder_3gpplte_v3_0_vh_rfs.vhd(33556): (vcom-1515) Prefix of predefined attribute "<protected>" is function call "<protected>".
** Warning: /opt/Xilinx/Vivado/2018.3/data/ip/xilinx/tcc_decoder_3gpplte_v3_0/hdl/tcc_decoder_3gpplte_v3_0_vh_rfs.vhd(33953): (vcom-1515) Prefix of predefined attribute "<protected>" is function call "<protected>".
** Warning: /opt/Xilinx/Vivado/2018.3/data/ip/xilinx/tcc_decoder_3gpplte_v3_0/hdl/tcc_decoder_3gpplte_v3_0_vh_rfs.vhd(33972): (vcom-1515) Prefix of predefined attribute "<protected>" is function call "<protected>".
** Warning: /opt/Xilinx/Vivado/2018.3/data/ip/xilinx/tcc_decoder_3gpplte_v3_0/hdl/tcc_decoder_3gpplte_v3_0_vh_rfs.vhd(33973): (vcom-1515) Prefix of predefined attribute "<protected>" is function call "<protected>".
** Warning: /opt/Xilinx/Vivado/2018.3/data/ip/xilinx/tcc_decoder_3gpplte_v3_0/hdl/tcc_decoder_3gpplte_v3_0_vh_rfs.vhd(35671): (vcom-1515) Prefix of predefined attribute "<protected>" is function call "<protected>".
** Warning: /opt/Xilinx/Vivado/2018.3/data/ip/xilinx/tcc_decoder_3gpplte_v3_0/hdl/tcc_decoder_3gpplte_v3_0_vh_rfs.vhd(39974): (vcom-1515) Prefix of predefined attribute "<protected>" is function call "<protected>".
** Warning: /opt/Xilinx/Vivado/2018.3/data/ip/xilinx/tcc_decoder_3gpplte_v3_0/hdl/tcc_decoder_3gpplte_v3_0_vh_rfs.vhd(40791): (vcom-1515) Prefix of predefined attribute "<protected>" is function call "<protected>".
** Warning: /opt/Xilinx/Vivado/2018.3/data/ip/xilinx/tcc_decoder_3gpplte_v3_0/hdl/tcc_decoder_3gpplte_v3_0_vh_rfs.vhd(40933): (vcom-1515) Prefix of predefined attribute "<protected>" is function call "<protected>".
** Warning: /opt/Xilinx/Vivado/2018.3/data/ip/xilinx/tcc_decoder_3gpplte_v3_0/hdl/tcc_decoder_3gpplte_v3_0_vh_rfs.vhd(41729): (vcom-1515) Prefix of predefined attribute "<protected>" is function call "<protected>".
** Warning: /opt/Xilinx/Vivado/2018.3/data/ip/xilinx/tcc_decoder_3gpplte_v3_0/hdl/tcc_decoder_3gpplte_v3_0_vh_rfs.vhd(43431): (vcom-1515) Prefix of predefined attribute "<protected>" is function call "<protected>".
End time: 10:55:45 on Jun 21,2019, Elapsed time: 0:00:02
Errors: 0, Warnings: 17
