Model Technology ModelSim SE-64 vmap 10.6b Lib Mapping Utility 2017.05 May 25 2017
vmap v_uhdsdi_audio_v2_0_0 /home/dmonk/Firmware/DTC-firmware/DTC-front/DTC-front.cache/compile_simlib/modelsim/v_uhdsdi_audio_v2_0_0 
Modifying modelsim.ini
Model Technology ModelSim SE-64 vlog 10.6b Compiler 2017.05 May 25 2017
Start time: 10:56:22 on Jun 21,2019
vlog -64 "+incdir+/home/dmonk/.cxl.ip/incl" -work v_uhdsdi_audio_v2_0_0 -f /home/dmonk/Firmware/DTC-firmware/DTC-front/DTC-front.cache/compile_simlib/modelsim/v_uhdsdi_audio_v2_0_0/.cxl.verilog.v_uhdsdi_audio_v2_0_0.v_uhdsdi_audio_v2_0_0.lin64.cmf 
-- Compiling module v_uhdsdi_audio_v2_0_0_fifo_34x64_fwft
-- Compiling module v_uhdsdi_audio_v2_0_0_fifo_40x32_fwft
-- Compiling module v_uhdsdi_audio_v2_0_0_fifo_28x16_fwft
-- Compiling module v_uhdsdi_audio_v2_0_0_fifo_29x32_fwft
-- Compiling module v_uhdsdi_audio_v2_0_0_fifo_5x32_fwft
-- Compiling module v_uhdsdi_audio_v2_0_0_aud_stat_ext
-- Compiling module v_uhdsdi_audio_v2_0_0_ctrl_pkt_dec
-- Compiling module v_uhdsdi_audio_v2_0_0_aes_cs_ext
-- Compiling module v_uhdsdi_audio_v2_0_0_sync_one_shot
-- Compiling module v_uhdsdi_audio_v2_0_0_trs_detect
-- Compiling module v_uhdsdi_audio_v2_0_0_hd_mux_anc_det
-- Compiling module v_uhdsdi_audio_v2_0_0_hd_mux_ctrl_constr
-- Compiling module v_uhdsdi_audio_v2_0_0_hd_mux_ctrl
-- Compiling module v_uhdsdi_audio_v2_0_0_hd_mux_data_constr
-- Compiling module v_uhdsdi_audio_v2_0_0_hd_mux_data
-- Compiling module v_uhdsdi_audio_v2_0_0_hd_mux_ecc_encode
-- Compiling module v_uhdsdi_audio_v2_0_0_hd_mux_pkt_mux
-- Compiling module v_uhdsdi_audio_v2_0_0_hd_mux_top
-- Compiling module v_uhdsdi_audio_v2_0_0_sd_mux_anc_det
-- Compiling module v_uhdsdi_audio_v2_0_0_sd_mux_anc_store
-- Compiling module v_uhdsdi_audio_v2_0_0_sd_mux_pkt_gen
-- Compiling module v_uhdsdi_audio_v2_0_0_sd_mux_pkt_mux
-- Compiling module v_uhdsdi_audio_v2_0_0_sd_mux_ram_300x10
-- Compiling module v_uhdsdi_audio_v2_0_0_sd_mux_ram_64x9
-- Compiling module v_uhdsdi_audio_v2_0_0_sd_mux_samp_calc_alu
-- Compiling module v_uhdsdi_audio_v2_0_0_sd_mux_vid_delay
-- Compiling module v_uhdsdi_audio_v2_0_0_sd_mux_top
-- Compiling module v_uhdsdi_audio_v2_0_0_mux_axilite_slave
-- Compiling module v_uhdsdi_audio_v2_0_0_mux_axis_slave
-- Compiling module v_uhdsdi_audio_v2_0_0_mux_delay_dwx32
-- Compiling module v_uhdsdi_audio_v2_0_0_mux_inp_fifos
-- Compiling module v_uhdsdi_audio_v2_0_0_mux_top
-- Compiling module v_uhdsdi_audio_v2_0_0_hd_demux_arbiter
-- Compiling module v_uhdsdi_audio_v2_0_0_hd_demux_clk_phase
-- Compiling module v_uhdsdi_audio_v2_0_0_hd_demux_audio_det
-- Compiling module v_uhdsdi_audio_v2_0_0_hd_demux_data_extr
-- Compiling module v_uhdsdi_audio_v2_0_0_hd_demux_data
-- Compiling module v_uhdsdi_audio_v2_0_0_hd_demux_fifos
-- Compiling module v_uhdsdi_audio_v2_0_0_sd_demux_buffer_512
-- Compiling module v_uhdsdi_audio_v2_0_0_sd_demux_infsm
-- Compiling module v_uhdsdi_audio_v2_0_0_sd_demux_outfsm
-- Compiling module v_uhdsdi_audio_v2_0_0_sd_demux_pkt_del
-- Compiling module v_uhdsdi_audio_v2_0_0_sd_demux_present_flags
-- Compiling module v_uhdsdi_audio_v2_0_0_sd_demux_trs_adf_xyz_detect
-- Compiling module v_uhdsdi_audio_v2_0_0_sd_demux_aud_clk_gen
-- Compiling module v_uhdsdi_audio_v2_0_0_sd_demux_clock_interp_2
-- Compiling module v_uhdsdi_audio_v2_0_0_sd_demux_aes
-- Compiling module v_uhdsdi_audio_v2_0_0_sd_demux_aes_top
-- Compiling module v_uhdsdi_audio_v2_0_0_demux_axilite_slave
-- Compiling module v_uhdsdi_audio_v2_0_0_demux_axis_master
-- Compiling module v_uhdsdi_audio_v2_0_0_demux_rs_fifo1
-- Compiling module v_uhdsdi_audio_v2_0_0_demux_rs_fifo2
-- Compiling module v_uhdsdi_audio_v2_0_0_demux_top

Top level modules:
	v_uhdsdi_audio_v2_0_0_mux_top
	v_uhdsdi_audio_v2_0_0_demux_top
End time: 10:56:22 on Jun 21,2019, Elapsed time: 0:00:00
Errors: 0, Warnings: 0
