Model Technology ModelSim SE-64 vmap 10.6b Lib Mapping Utility 2017.05 May 25 2017
vmap nvmehc_v1_0_0 /home/dmonk/Firmware/DTC-firmware/DTC-front/DTC-front.cache/compile_simlib/modelsim/nvmehc_v1_0_0 
Modifying modelsim.ini
Model Technology ModelSim SE-64 vlog 10.6b Compiler 2017.05 May 25 2017
Start time: 10:55:58 on Jun 21,2019
vlog -64 -L nvmehc_v1_0_0 "+incdir+/home/dmonk/.cxl.ip/incl" -sv -work nvmehc_v1_0_0 -f /home/dmonk/Firmware/DTC-firmware/DTC-front/DTC-front.cache/compile_simlib/modelsim/nvmehc_v1_0_0/.cxl.systemverilog.nvmehc_v1_0_0.nvmehc_v1_0_0.lin64.cmf 
** Warning: /opt/Xilinx/Vivado/2018.3/data/ip/xilinx/nvmehc_v1_0/hdl/nvmehc_v1_0_rfs.sv(64): (vlog-2583) [SVCHK] - Some checking for conflicts with always_comb and always_latch variables not yet supported. Run vopt to provide additional design-level checks.
** Warning: /opt/Xilinx/Vivado/2018.3/data/ip/xilinx/nvmehc_v1_0/hdl/nvmehc_v1_0_rfs.sv(64): (vlog-2583) [SVCHK] - Some checking for conflicts with always_comb and always_latch variables not yet supported. Run vopt to provide additional design-level checks.
** Warning: /opt/Xilinx/Vivado/2018.3/data/ip/xilinx/nvmehc_v1_0/hdl/nvmehc_v1_0_rfs.sv(64): (vlog-2583) [SVCHK] - Some checking for conflicts with always_comb and always_latch variables not yet supported. Run vopt to provide additional design-level checks.
** Warning: /opt/Xilinx/Vivado/2018.3/data/ip/xilinx/nvmehc_v1_0/hdl/nvmehc_v1_0_rfs.sv(64): (vlog-2583) [SVCHK] - Some checking for conflicts with always_comb and always_latch variables not yet supported. Run vopt to provide additional design-level checks.
** Warning: /opt/Xilinx/Vivado/2018.3/data/ip/xilinx/nvmehc_v1_0/hdl/nvmehc_v1_0_rfs.sv(64): (vlog-2583) [SVCHK] - Some checking for conflicts with always_comb and always_latch variables not yet supported. Run vopt to provide additional design-level checks.
** Warning: /opt/Xilinx/Vivado/2018.3/data/ip/xilinx/nvmehc_v1_0/hdl/nvmehc_v1_0_rfs.sv(64): (vlog-2583) [SVCHK] - Some checking for conflicts with always_comb and always_latch variables not yet supported. Run vopt to provide additional design-level checks.
** Warning: /opt/Xilinx/Vivado/2018.3/data/ip/xilinx/nvmehc_v1_0/hdl/nvmehc_v1_0_rfs.sv(64): (vlog-2583) [SVCHK] - Some checking for conflicts with always_comb and always_latch variables not yet supported. Run vopt to provide additional design-level checks.
** Warning: /opt/Xilinx/Vivado/2018.3/data/ip/xilinx/nvmehc_v1_0/hdl/nvmehc_v1_0_rfs.sv(64): (vlog-2583) [SVCHK] - Some checking for conflicts with always_comb and always_latch variables not yet supported. Run vopt to provide additional design-level checks.
** Warning: /opt/Xilinx/Vivado/2018.3/data/ip/xilinx/nvmehc_v1_0/hdl/nvmehc_v1_0_rfs.sv(64): (vlog-2583) [SVCHK] - Some checking for conflicts with always_comb and always_latch variables not yet supported. Run vopt to provide additional design-level checks.
** Warning: /opt/Xilinx/Vivado/2018.3/data/ip/xilinx/nvmehc_v1_0/hdl/nvmehc_v1_0_rfs.sv(64): (vlog-2583) [SVCHK] - Some checking for conflicts with always_comb and always_latch variables not yet supported. Run vopt to provide additional design-level checks.
** Warning: /opt/Xilinx/Vivado/2018.3/data/ip/xilinx/nvmehc_v1_0/hdl/nvmehc_v1_0_rfs.sv(64): (vlog-2583) [SVCHK] - Some checking for conflicts with always_comb and always_latch variables not yet supported. Run vopt to provide additional design-level checks.
** Warning: /opt/Xilinx/Vivado/2018.3/data/ip/xilinx/nvmehc_v1_0/hdl/nvmehc_v1_0_rfs.sv(64): (vlog-2583) [SVCHK] - Some checking for conflicts with always_comb and always_latch variables not yet supported. Run vopt to provide additional design-level checks.
** Warning: /opt/Xilinx/Vivado/2018.3/data/ip/xilinx/nvmehc_v1_0/hdl/nvmehc_v1_0_rfs.sv(64): (vlog-2583) [SVCHK] - Some checking for conflicts with always_comb and always_latch variables not yet supported. Run vopt to provide additional design-level checks.
** Warning: /opt/Xilinx/Vivado/2018.3/data/ip/xilinx/nvmehc_v1_0/hdl/nvmehc_v1_0_rfs.sv(64): (vlog-2583) [SVCHK] - Some checking for conflicts with always_comb and always_latch variables not yet supported. Run vopt to provide additional design-level checks.
** Warning: /opt/Xilinx/Vivado/2018.3/data/ip/xilinx/nvmehc_v1_0/hdl/nvmehc_v1_0_rfs.sv(64): (vlog-2583) [SVCHK] - Some checking for conflicts with always_comb and always_latch variables not yet supported. Run vopt to provide additional design-level checks.
** Warning: /opt/Xilinx/Vivado/2018.3/data/ip/xilinx/nvmehc_v1_0/hdl/nvmehc_v1_0_rfs.sv(64): (vlog-2583) [SVCHK] - Some checking for conflicts with always_comb and always_latch variables not yet supported. Run vopt to provide additional design-level checks.
** Warning: /opt/Xilinx/Vivado/2018.3/data/ip/xilinx/nvmehc_v1_0/hdl/nvmehc_v1_0_rfs.sv(64): (vlog-2583) [SVCHK] - Some checking for conflicts with always_comb and always_latch variables not yet supported. Run vopt to provide additional design-level checks.
** Warning: /opt/Xilinx/Vivado/2018.3/data/ip/xilinx/nvmehc_v1_0/hdl/nvmehc_v1_0_rfs.sv(64): (vlog-2583) [SVCHK] - Some checking for conflicts with always_comb and always_latch variables not yet supported. Run vopt to provide additional design-level checks.
** Warning: /opt/Xilinx/Vivado/2018.3/data/ip/xilinx/nvmehc_v1_0/hdl/nvmehc_v1_0_rfs.sv(64): (vlog-2583) [SVCHK] - Some checking for conflicts with always_comb and always_latch variables not yet supported. Run vopt to provide additional design-level checks.
** Warning: /opt/Xilinx/Vivado/2018.3/data/ip/xilinx/nvmehc_v1_0/hdl/nvmehc_v1_0_rfs.sv(64): (vlog-2583) [SVCHK] - Some checking for conflicts with always_comb and always_latch variables not yet supported. Run vopt to provide additional design-level checks.
** Warning: /opt/Xilinx/Vivado/2018.3/data/ip/xilinx/nvmehc_v1_0/hdl/nvmehc_v1_0_rfs.sv(64): (vlog-2583) [SVCHK] - Some checking for conflicts with always_comb and always_latch variables not yet supported. Run vopt to provide additional design-level checks.
** Warning: /opt/Xilinx/Vivado/2018.3/data/ip/xilinx/nvmehc_v1_0/hdl/nvmehc_v1_0_rfs.sv(64): (vlog-2583) [SVCHK] - Some checking for conflicts with always_comb and always_latch variables not yet supported. Run vopt to provide additional design-level checks.
** Warning: /opt/Xilinx/Vivado/2018.3/data/ip/xilinx/nvmehc_v1_0/hdl/nvmehc_v1_0_rfs.sv(64): (vlog-2583) [SVCHK] - Some checking for conflicts with always_comb and always_latch variables not yet supported. Run vopt to provide additional design-level checks.
** Warning: /opt/Xilinx/Vivado/2018.3/data/ip/xilinx/nvmehc_v1_0/hdl/nvmehc_v1_0_rfs.sv(64): (vlog-2583) [SVCHK] - Some checking for conflicts with always_comb and always_latch variables not yet supported. Run vopt to provide additional design-level checks.
** Warning: /opt/Xilinx/Vivado/2018.3/data/ip/xilinx/nvmehc_v1_0/hdl/nvmehc_v1_0_rfs.sv(64): (vlog-2583) [SVCHK] - Some checking for conflicts with always_comb and always_latch variables not yet supported. Run vopt to provide additional design-level checks.
** Warning: /opt/Xilinx/Vivado/2018.3/data/ip/xilinx/nvmehc_v1_0/hdl/nvmehc_v1_0_rfs.sv(64): (vlog-2583) [SVCHK] - Some checking for conflicts with always_comb and always_latch variables not yet supported. Run vopt to provide additional design-level checks.
** Warning: /opt/Xilinx/Vivado/2018.3/data/ip/xilinx/nvmehc_v1_0/hdl/nvmehc_v1_0_rfs.sv(64): (vlog-2583) [SVCHK] - Some checking for conflicts with always_comb and always_latch variables not yet supported. Run vopt to provide additional design-level checks.
** Warning: /opt/Xilinx/Vivado/2018.3/data/ip/xilinx/nvmehc_v1_0/hdl/nvmehc_v1_0_rfs.sv(64): (vlog-2583) [SVCHK] - Some checking for conflicts with always_comb and always_latch variables not yet supported. Run vopt to provide additional design-level checks.
** Warning: /opt/Xilinx/Vivado/2018.3/data/ip/xilinx/nvmehc_v1_0/hdl/nvmehc_v1_0_rfs.sv(64): (vlog-2583) [SVCHK] - Some checking for conflicts with always_comb and always_latch variables not yet supported. Run vopt to provide additional design-level checks.
** Warning: /opt/Xilinx/Vivado/2018.3/data/ip/xilinx/nvmehc_v1_0/hdl/nvmehc_v1_0_rfs.sv(64): (vlog-2583) [SVCHK] - Some checking for conflicts with always_comb and always_latch variables not yet supported. Run vopt to provide additional design-level checks.
** Warning: /opt/Xilinx/Vivado/2018.3/data/ip/xilinx/nvmehc_v1_0/hdl/nvmehc_v1_0_rfs.sv(64): (vlog-2583) [SVCHK] - Some checking for conflicts with always_comb and always_latch variables not yet supported. Run vopt to provide additional design-level checks.
** Warning: /opt/Xilinx/Vivado/2018.3/data/ip/xilinx/nvmehc_v1_0/hdl/nvmehc_v1_0_rfs.sv(64): (vlog-2583) [SVCHK] - Some checking for conflicts with always_comb and always_latch variables not yet supported. Run vopt to provide additional design-level checks.
** Warning: /opt/Xilinx/Vivado/2018.3/data/ip/xilinx/nvmehc_v1_0/hdl/nvmehc_v1_0_rfs.sv(64): (vlog-2583) [SVCHK] - Some checking for conflicts with always_comb and always_latch variables not yet supported. Run vopt to provide additional design-level checks.
** Warning: /opt/Xilinx/Vivado/2018.3/data/ip/xilinx/nvmehc_v1_0/hdl/nvmehc_v1_0_rfs.sv(64): (vlog-2583) [SVCHK] - Some checking for conflicts with always_comb and always_latch variables not yet supported. Run vopt to provide additional design-level checks.
** Warning: /opt/Xilinx/Vivado/2018.3/data/ip/xilinx/nvmehc_v1_0/hdl/nvmehc_v1_0_rfs.sv(64): (vlog-2583) [SVCHK] - Some checking for conflicts with always_comb and always_latch variables not yet supported. Run vopt to provide additional design-level checks.
** Warning: /opt/Xilinx/Vivado/2018.3/data/ip/xilinx/nvmehc_v1_0/hdl/nvmehc_v1_0_rfs.sv(64): (vlog-2583) [SVCHK] - Some checking for conflicts with always_comb and always_latch variables not yet supported. Run vopt to provide additional design-level checks.
** Warning: /opt/Xilinx/Vivado/2018.3/data/ip/xilinx/nvmehc_v1_0/hdl/nvmehc_v1_0_rfs.sv(64): (vlog-2583) [SVCHK] - Some checking for conflicts with always_comb and always_latch variables not yet supported. Run vopt to provide additional design-level checks.
** Warning: /opt/Xilinx/Vivado/2018.3/data/ip/xilinx/nvmehc_v1_0/hdl/nvmehc_v1_0_rfs.sv(64): (vlog-2583) [SVCHK] - Some checking for conflicts with always_comb and always_latch variables not yet supported. Run vopt to provide additional design-level checks.
** Warning: /opt/Xilinx/Vivado/2018.3/data/ip/xilinx/nvmehc_v1_0/hdl/nvmehc_v1_0_rfs.sv(64): (vlog-2583) [SVCHK] - Some checking for conflicts with always_comb and always_latch variables not yet supported. Run vopt to provide additional design-level checks.
** Warning: /opt/Xilinx/Vivado/2018.3/data/ip/xilinx/nvmehc_v1_0/hdl/nvmehc_v1_0_rfs.sv(64): (vlog-2583) [SVCHK] - Some checking for conflicts with always_comb and always_latch variables not yet supported. Run vopt to provide additional design-level checks.
** Warning: /opt/Xilinx/Vivado/2018.3/data/ip/xilinx/nvmehc_v1_0/hdl/nvmehc_v1_0_rfs.sv(64): (vlog-2583) [SVCHK] - Some checking for conflicts with always_comb and always_latch variables not yet supported. Run vopt to provide additional design-level checks.
** Warning: /opt/Xilinx/Vivado/2018.3/data/ip/xilinx/nvmehc_v1_0/hdl/nvmehc_v1_0_rfs.sv(64): (vlog-2583) [SVCHK] - Some checking for conflicts with always_comb and always_latch variables not yet supported. Run vopt to provide additional design-level checks.
** Warning: /opt/Xilinx/Vivado/2018.3/data/ip/xilinx/nvmehc_v1_0/hdl/nvmehc_v1_0_rfs.sv(64): (vlog-2583) [SVCHK] - Some checking for conflicts with always_comb and always_latch variables not yet supported. Run vopt to provide additional design-level checks.
** Warning: /opt/Xilinx/Vivado/2018.3/data/ip/xilinx/nvmehc_v1_0/hdl/nvmehc_v1_0_rfs.sv(64): (vlog-2583) [SVCHK] - Some checking for conflicts with always_comb and always_latch variables not yet supported. Run vopt to provide additional design-level checks.
** Warning: /opt/Xilinx/Vivado/2018.3/data/ip/xilinx/nvmehc_v1_0/hdl/nvmehc_v1_0_rfs.sv(64): (vlog-2583) [SVCHK] - Some checking for conflicts with always_comb and always_latch variables not yet supported. Run vopt to provide additional design-level checks.
** Warning: /opt/Xilinx/Vivado/2018.3/data/ip/xilinx/nvmehc_v1_0/hdl/nvmehc_v1_0_rfs.sv(64): (vlog-2583) [SVCHK] - Some checking for conflicts with always_comb and always_latch variables not yet supported. Run vopt to provide additional design-level checks.
** Warning: /opt/Xilinx/Vivado/2018.3/data/ip/xilinx/nvmehc_v1_0/hdl/nvmehc_v1_0_rfs.sv(64): (vlog-2583) [SVCHK] - Some checking for conflicts with always_comb and always_latch variables not yet supported. Run vopt to provide additional design-level checks.
** Warning: /opt/Xilinx/Vivado/2018.3/data/ip/xilinx/nvmehc_v1_0/hdl/nvmehc_v1_0_rfs.sv(64): (vlog-2583) [SVCHK] - Some checking for conflicts with always_comb and always_latch variables not yet supported. Run vopt to provide additional design-level checks.
** Warning: /opt/Xilinx/Vivado/2018.3/data/ip/xilinx/nvmehc_v1_0/hdl/nvmehc_v1_0_rfs.sv(64): (vlog-2583) [SVCHK] - Some checking for conflicts with always_comb and always_latch variables not yet supported. Run vopt to provide additional design-level checks.
** Warning: /opt/Xilinx/Vivado/2018.3/data/ip/xilinx/nvmehc_v1_0/hdl/nvmehc_v1_0_rfs.sv(64): (vlog-2583) [SVCHK] - Some checking for conflicts with always_comb and always_latch variables not yet supported. Run vopt to provide additional design-level checks.
** Warning: /opt/Xilinx/Vivado/2018.3/data/ip/xilinx/nvmehc_v1_0/hdl/nvmehc_v1_0_rfs.sv(64): (vlog-2583) [SVCHK] - Some checking for conflicts with always_comb and always_latch variables not yet supported. Run vopt to provide additional design-level checks.
** Warning: /opt/Xilinx/Vivado/2018.3/data/ip/xilinx/nvmehc_v1_0/hdl/nvmehc_v1_0_rfs.sv(64): (vlog-2583) [SVCHK] - Some checking for conflicts with always_comb and always_latch variables not yet supported. Run vopt to provide additional design-level checks.
** Warning: /opt/Xilinx/Vivado/2018.3/data/ip/xilinx/nvmehc_v1_0/hdl/nvmehc_v1_0_rfs.sv(64): (vlog-2583) [SVCHK] - Some checking for conflicts with always_comb and always_latch variables not yet supported. Run vopt to provide additional design-level checks.
** Warning: /opt/Xilinx/Vivado/2018.3/data/ip/xilinx/nvmehc_v1_0/hdl/nvmehc_v1_0_rfs.sv(64): (vlog-2583) [SVCHK] - Some checking for conflicts with always_comb and always_latch variables not yet supported. Run vopt to provide additional design-level checks.
** Warning: /opt/Xilinx/Vivado/2018.3/data/ip/xilinx/nvmehc_v1_0/hdl/nvmehc_v1_0_rfs.sv(64): (vlog-2583) [SVCHK] - Some checking for conflicts with always_comb and always_latch variables not yet supported. Run vopt to provide additional design-level checks.
** Warning: /opt/Xilinx/Vivado/2018.3/data/ip/xilinx/nvmehc_v1_0/hdl/nvmehc_v1_0_rfs.sv(64): (vlog-2583) [SVCHK] - Some checking for conflicts with always_comb and always_latch variables not yet supported. Run vopt to provide additional design-level checks.
** Warning: /opt/Xilinx/Vivado/2018.3/data/ip/xilinx/nvmehc_v1_0/hdl/nvmehc_v1_0_rfs.sv(64): (vlog-2583) [SVCHK] - Some checking for conflicts with always_comb and always_latch variables not yet supported. Run vopt to provide additional design-level checks.
** Warning: /opt/Xilinx/Vivado/2018.3/data/ip/xilinx/nvmehc_v1_0/hdl/nvmehc_v1_0_rfs.sv(64): (vlog-2583) [SVCHK] - Some checking for conflicts with always_comb and always_latch variables not yet supported. Run vopt to provide additional design-level checks.
** Warning: /opt/Xilinx/Vivado/2018.3/data/ip/xilinx/nvmehc_v1_0/hdl/nvmehc_v1_0_rfs.sv(64): (vlog-2583) [SVCHK] - Some checking for conflicts with always_comb and always_latch variables not yet supported. Run vopt to provide additional design-level checks.
** Warning: /opt/Xilinx/Vivado/2018.3/data/ip/xilinx/nvmehc_v1_0/hdl/nvmehc_v1_0_rfs.sv(64): (vlog-2583) [SVCHK] - Some checking for conflicts with always_comb and always_latch variables not yet supported. Run vopt to provide additional design-level checks.
** Warning: /opt/Xilinx/Vivado/2018.3/data/ip/xilinx/nvmehc_v1_0/hdl/nvmehc_v1_0_rfs.sv(64): (vlog-2583) [SVCHK] - Some checking for conflicts with always_comb and always_latch variables not yet supported. Run vopt to provide additional design-level checks.
** Warning: /opt/Xilinx/Vivado/2018.3/data/ip/xilinx/nvmehc_v1_0/hdl/nvmehc_v1_0_rfs.sv(64): (vlog-2583) [SVCHK] - Some checking for conflicts with always_comb and always_latch variables not yet supported. Run vopt to provide additional design-level checks.

Top level modules:
End time: 10:55:58 on Jun 21,2019, Elapsed time: 0:00:00
Errors: 0, Warnings: 124
