Copyright 1986-2018 Xilinx, Inc. All Rights Reserved.
---------------------------------------------------------------------------------------------------
| Tool Version : Vivado v.2018.3 (lin64) Build 2405991 Thu Dec  6 23:36:41 MST 2018
| Date         : Mon May 20 16:33:07 2019
| Host         : daedalus running 64-bit Ubuntu 18.04.2 LTS
| Command      : report_drc -file top_drc_routed.rpt -pb top_drc_routed.pb -rpx top_drc_routed.rpx
| Design       : top
| Device       : xcku15p-ffva1760-2-e
| Speed File   : -2
| Design State : Fully Routed
---------------------------------------------------------------------------------------------------

Report DRC

Table of Contents
-----------------
1. REPORT SUMMARY
2. REPORT DETAILS

1. REPORT SUMMARY
-----------------
            Netlist: netlist
          Floorplan: design_1
      Design limits: <entire design considered>
           Ruledeck: default
             Max violations: <unlimited>
             Violations found: 2
+--------+------------------+----------------------------+------------+
| Rule   | Severity         | Description                | Violations |
+--------+------------------+----------------------------+------------+
| NSTD-1 | Critical Warning | Unspecified I/O Standard   | 1          |
| UCIO-1 | Critical Warning | Unconstrained Logical Port | 1          |
+--------+------------------+----------------------------+------------+

2. REPORT DETAILS
-----------------
NSTD-1#1 Critical Warning
Unspecified I/O Standard  
177 out of 177 logical ports use I/O standard (IOSTANDARD) value 'DEFAULT', instead of a user assigned specific value. This may cause I/O contention or incompatibility with the board power or connectivity affecting performance, signal integrity or in extreme cases cause damage to the device or the components to which it is connected. To correct this violation, specify all I/O standards. This design will fail to generate a bitstream unless all logical ports have a user specified I/O standard value defined. To allow bitstream creation with unspecified I/O standard values (not recommended), use this command: set_property SEVERITY {Warning} [get_drc_checks NSTD-1].  NOTE: When using the Vivado Runs infrastructure (e.g. launch_runs Tcl command), add this command to a .tcl file and add that file as a pre-hook for write_bitstream step for the implementation run. Problem ports: data_in[63], data_in[62], data_in[61], data_in[60], data_in[59], data_in[58], data_in[57], data_in[56], data_in[55], data_in[54], data_in[53], data_in[52], data_in[51], data_in[50], data_in[49] (the first 15 of 71 listed).
Related violations: <none>

UCIO-1#1 Critical Warning
Unconstrained Logical Port  
177 out of 177 logical ports have no user assigned specific location constraint (LOC). This may cause I/O contention or incompatibility with the board power or connectivity affecting performance, signal integrity or in extreme cases cause damage to the device or the components to which it is connected. To correct this violation, specify all pin locations. This design will fail to generate a bitstream unless all logical ports have a user specified site LOC constraint defined.  To allow bitstream creation with unspecified pin locations (not recommended), use this command: set_property SEVERITY {Warning} [get_drc_checks UCIO-1].  NOTE: When using the Vivado Runs infrastructure (e.g. launch_runs Tcl command), add this command to a .tcl file and add that file as a pre-hook for write_bitstream step for the implementation run.  Problem ports: data_in[63], data_in[62], data_in[61], data_in[60], data_in[59], data_in[58], data_in[57], data_in[56], data_in[55], data_in[54], data_in[53], data_in[52], data_in[51], data_in[50], data_in[49] (the first 15 of 71 listed).
Related violations: <none>


