Model Technology ModelSim SE-64 vmap 10.6b Lib Mapping Utility 2017.05 May 25 2017
vmap axi_traffic_gen_v3_0_4 /home/dmonk/Firmware/DTC-firmware/DTC-front/DTC-front.cache/compile_simlib/modelsim/axi_traffic_gen_v3_0_4 
Modifying modelsim.ini
Model Technology ModelSim SE-64 vlog 10.6b Compiler 2017.05 May 25 2017
Start time: 10:58:06 on Jun 21,2019
vlog -64 "+incdir+/home/dmonk/.cxl.ip/incl" -work axi_traffic_gen_v3_0_4 -f /home/dmonk/Firmware/DTC-firmware/DTC-front/DTC-front.cache/compile_simlib/modelsim/axi_traffic_gen_v3_0_4/.cxl.verilog.axi_traffic_gen_v3_0_4.axi_traffic_gen_v3_0_4.lin64.cmf 
-- Compiling module axi_traffic_gen_v3_0_4_asynch_rst_ff
-- Compiling module axi_traffic_gen_v3_0_4_slvram_v7
-- Compiling module axi_traffic_gen_v3_0_4_regslice
-- Compiling module axi_traffic_gen_v3_0_4_inferram
-- Compiling module axi_traffic_gen_v3_0_4_randgen
-- Compiling module axi_traffic_gen_v3_0_4_id_track
-- Compiling module axi_traffic_gen_v3_0_4_ex_fifo
-- Compiling module axi_traffic_gen_v3_0_4_cmdram
-- Compiling module axi_traffic_gen_v3_0_4_addrgen
-- Compiling module axi_traffic_gen_v3_0_4_s_w_channel
-- Compiling module axi_traffic_gen_v3_0_4_s_r_channel
-- Compiling module axi_traffic_gen_v3_0_4_sharedram_wrap
-- Compiling module axi_traffic_gen_v3_0_4_registers
-- Compiling module axi_traffic_gen_v3_0_4_paramram_wrap
-- Compiling module axi_traffic_gen_v3_0_4_paramram_64_wrap
-- Compiling module axi_traffic_gen_v3_0_4_addrram_wrap
-- Compiling module axi_traffic_gen_v3_0_4_m_w_channel
-- Compiling module axi_traffic_gen_v3_0_4_m_r_channel
-- Compiling module axi_traffic_gen_v3_0_4_cmdram_wrap
-- Compiling module axi_traffic_gen_v3_0_4_static_regblk
-- Compiling module axi_traffic_gen_v3_0_4_static_cmdgen
-- Compiling module axi_traffic_gen_v3_0_4_static_mrdwr
-- Compiling module axi_traffic_gen_v3_0_4_static_top
-- Compiling module axi_traffic_gen_v3_0_4_slave_only_top
-- Compiling module axi_traffic_gen_v3_0_4_basic_n_full_top
-- Compiling module axi_traffic_gen_v3_0_4_axis_fifo
-- Compiling module axi_traffic_gen_v3_0_4_streaming_top
-- Compiling module axi_traffic_gen_v3_0_4_systeminit_dmg
-- Compiling module axi_traffic_gen_v3_0_4_systeminit_mrdwr
-- Compiling module axi_traffic_gen_v3_0_4_systeminit_top
-- Compiling module axi_traffic_gen_v3_0_4_top

Top level modules:
	axi_traffic_gen_v3_0_4_top
End time: 10:58:06 on Jun 21,2019, Elapsed time: 0:00:00
Errors: 0, Warnings: 0
