Model Technology ModelSim SE-64 vmap 10.6b Lib Mapping Utility 2017.05 May 25 2017
vmap axi_hwicap_v3_0_22 /home/dmonk/Firmware/DTC-firmware/DTC-front/DTC-front.cache/compile_simlib/modelsim/axi_hwicap_v3_0_22 
Modifying modelsim.ini
Model Technology ModelSim SE-64 vcom 10.6b Compiler 2017.05 May 25 2017
Start time: 10:58:49 on Jun 21,2019
vcom -64 -93 -work axi_hwicap_v3_0_22 -f /home/dmonk/Firmware/DTC-firmware/DTC-front/DTC-front.cache/compile_simlib/modelsim/axi_hwicap_v3_0_22/.cxl.vhdl.axi_hwicap_v3_0_22.axi_hwicap_v3_0_22.lin64.cmf 
-- Loading package STANDARD
-- Loading package TEXTIO
-- Loading package std_logic_1164
-- Loading package NUMERIC_STD
-- Loading package std_logic_arith
-- Loading package STD_LOGIC_UNSIGNED
-- Loading package ATTRIBUTES
-- Loading package std_logic_misc
-- Loading package VCOMPONENTS
-- Loading entity async_fifo_fg
-- Loading package lib_pkg
-- Compiling entity ipic_if
-- Compiling architecture imp of ipic_if
-- Loading entity cdc_sync
-- Loading package ipif_pkg
-- Compiling entity icap_statemachine
-- Compiling architecture imp of icap_statemachine
-- Compiling entity icap_statemachine_shared
-- Compiling architecture imp of icap_statemachine_shared
-- Compiling entity hwicap
-- Compiling architecture imp of hwicap
-- Loading entity ipic_if
-- Loading entity icap_statemachine
-- Compiling entity hwicap_shared
-- Compiling architecture imp of hwicap_shared
-- Loading entity icap_statemachine_shared
-- Loading entity axi_lite_ipif
-- Loading entity interrupt_control
-- Loading entity hwicap
-- Compiling entity axi_hwicap
-- Compiling architecture implementation of axi_hwicap
-- Loading entity hwicap_shared
End time: 10:58:49 on Jun 21,2019, Elapsed time: 0:00:00
Errors: 0, Warnings: 0
