Model Technology ModelSim SE-64 vmap 10.6b Lib Mapping Utility 2017.05 May 25 2017
vmap unisims_ver /home/dmonk/Firmware/DTC-firmware/DTC-front/DTC-front.cache/compile_simlib/modelsim/unisims_ver 
Modifying modelsim.ini
Model Technology ModelSim SE-64 vlog 10.6b Compiler 2017.05 May 25 2017
Start time: 10:54:16 on Jun 21,2019
vlog -source -64 -work unisims_ver -f /home/dmonk/Firmware/DTC-firmware/DTC-front/DTC-front.cache/compile_simlib/modelsim/unisims_ver/.cxl.verilog.unisim.unisims_ver.lin64.cmf 
-- Compiling module IBUFDS_DIFF_OUT_INTERMDISABLE
-- Compiling module ZHOLD_DELAY
-- Compiling module HPIO_VREF
-- Compiling module IBUFDS_GTM
-- Compiling module PCIE_3_0
-- Compiling module IBUFDS
-- Compiling module FDRE
-- Compiling module INBUF
-- Compiling module DCM_ADV
-- Compiling module dcm_adv_clock_divide_by_2
-- Compiling module dcm_adv_maximum_period_check
-- Compiling module dcm_adv_clock_lost
-- Compiling module TX_BITSLICE
-- Compiling module OBUFT
-- Compiling module SRLC16E
-- Compiling module MMCME2_ADV
-- Compiling module RAM32X1D
-- Compiling module ISERDES
-- Compiling module PS8
-- Compiling module IOBUFDS_DIFF_OUT_DCIEN
-- Compiling module LUT2
-- Compiling UDP x_lut2_mux4
-- Compiling module LUT4
-- Compiling module IDDR
-- Compiling module IBUFDS_IBUFDISABLE_INT
-- Compiling module IOBUF_ANALOG
-- Compiling module IBUFDS_GTE3
-- Compiling module PHY_CONTROL
-- Compiling module CFGLUT5
-- Compiling module IDELAYCTRL
-- Compiling module PLLE2_ADV
-- Compiling module CARRY8
-- Compiling module RAM256X1S
-- Compiling module OBUFDS_GTE4_ADV
-- Compiling module FIFO36E1
-- Compiling module FF36_INTERNAL_VLOG
-- Compiling module BUFIO
-- Compiling module DSP_M_DATA
-- Compiling module OR2L
-- Compiling module PCIE40E4
-- Compiling module MMCME4_BASE
-- Compiling module RXTX_BITSLICE
-- Compiling module RAMB36E1
-- Compiling module RB36_INTERNAL_VLOG
-- Compiling module PHASER_IN_PHY
-- Compiling module IOBUF_DCIEN
-- Compiling module HBM_ONE_STACK_INTF
-- Compiling module LUT1
-- Compiling UDP x_lut1_mux2
-- Compiling module AUTOBUF
-- Compiling module BUFGCTRL
-- Compiling module RAM128X1S
-- Compiling module OSERDESE2
-- Compiling module IBUFDS_INTERMDISABLE_INT
-- Compiling module OBUFDS_GTE3
-- Compiling module DSP48E2
-- Compiling module IBUFE3
-- Compiling module IOBUFDS_INTERMDISABLE
-- Compiling module OSERDESE3
-- Compiling module OSERDES
-- Compiling module DSP_OUTPUT
-- Compiling module FRAME_ECCE2
-- Compiling module PLLE2_BASE
-- Compiling module DSP_A_B_DATA
-- Compiling module PHASER_REF
-- Compiling module ILKNE4
-- Compiling module KEEPER
-- Compiling module LUT5
-- Compiling module PCIE_3_1
-- Compiling module BITSLICE_CONTROL
-- Compiling module ODELAYE2_FINEDELAY
-- Compiling module IOBUFDS_DIFF_OUT_INTERMDISABLE
-- Compiling module BUFGCE_DIV
-- Compiling module IBUFDS_DPHY
-- Compiling module PHASER_OUT_PHY
-- Compiling module OBUFTDS
-- Compiling module DCIRESET
-- Compiling module RAM64X8SW
-- Compiling module ISERDES_NODELAY
-- Compiling module PLLE3_ADV
-- Compiling module RAM32M
-- Compiling module RAMB36E2
-- Compiling module LUT6
-- Compiling module BUFCE_ROW
-- Compiling module IBUFDSE3
-- Compiling module RAMD32
-- Compiling module ISERDESE3
-- Compiling module PULLDOWN
-- Compiling module BUFMRCE
-- Compiling module DSP_MULTIPLIER
-- Compiling module OBUFDS_GTM
-- Compiling module IBUF_ANALOG
-- Compiling module SYSMONE1
-- Compiling module FDCE
-- Compiling module BUFH
-- Compiling module GTYE3_CHANNEL
-- Compiling module VCC
-- Compiling module RAM64X1S
-- Compiling module RAM32M16
-- Compiling module BUFR
-- Compiling module DSP_C_DATA
-- Compiling module BUFGP
-- Compiling module RAMS64E1
-- Compiling module STARTUPE2
-- Compiling module RIU_OR
-- Compiling module GTHE2_COMMON
-- Compiling module FIFO36E2
-- Compiling module IDELAYE3
-- Compiling module IDDRE1
-- Compiling module PS7
-- Compiling module TX_BITSLICE_TRI
-- Compiling module IDELAYE2_FINEDELAY
-- Compiling module RAM64M
-- Compiling module BUFG
-- Compiling module URAM288
-- Compiling module ICAPE3
-- Compiling module SYSMONE4
-- Compiling module XORCY
-- Compiling module RAMB18E2
-- Compiling module CMAC
-- Compiling module FIFO18E1
-- Compiling module FF18_INTERNAL_VLOG
-- Compiling module BIBUF
-- Compiling module JTAG_SIME2
-- Compiling module BUFG_PS
-- Compiling module HBM_SNGLBLI_INTF_APB
-- Compiling module BUFG_GT_SYNC
-- Compiling module CARRY4
-- Compiling module ODDR
-- Compiling module RAM64X1D
-- Compiling module DIFFINBUF
-- Compiling module IOBUFDSE3
-- Compiling module MMCME2_BASE
-- Compiling module OUT_FIFO
-- Compiling module HBM_TWO_STACK_INTF
-- Compiling module DSP_ALU
-- Compiling module BUFCE_LEAF
-- Compiling module IBUFCTRL
-- Compiling module DCM_SP
-- Compiling module dcm_sp_clock_divide_by_2
-- Compiling module dcm_sp_maximum_period_check
-- Compiling module dcm_sp_clock_lost
-- Compiling module LDCE
-- Compiling UDP latchsre_ldce
-- Compiling module GTHE3_CHANNEL
-- Compiling module MMCME3_ADV
-- Compiling module IOBUFDS_DIFF_OUT
-- Compiling module FRAME_ECCE3
-- Compiling module GTHE2_CHANNEL
-- Compiling module GTPE2_CHANNEL
-- Compiling module AND2B1L
-- Compiling module OBUFDS_GTM_ADV
-- Compiling module ISERDESE2
-- Compiling module DPHY_DIFFINBUF
-- Compiling module FRAME_ECCE4
-- Compiling module RAM256X1D
-- Compiling module GTYE4_COMMON
-- Compiling module HBM_REF_CLK
-- Compiling module STARTUPE3
-- Compiling module IBUFDS_GTE4
-- Compiling module EFUSE_USR
-- Compiling module ODELAYE2
-- Compiling module DSP_PREADD_DATA
-- Compiling module HBM_SNGLBLI_INTF_AXI
-- Compiling module SIM_CONFIGE3
-- Compiling module BUFG_GT
-- Compiling module IBUFDS_IBUFDISABLE
-- Compiling module PCIE4CE4
-- Compiling module PLLE4_BASE
-- Compiling module MMCME3_BASE
-- Compiling module OBUFDS
-- Compiling module IOBUF
-- Compiling module SRLC32E
-- Compiling module USR_ACCESSE2
-- Compiling module BSCANE2
-- Compiling module RAM64M8
-- Compiling module OSERDESE1
-- Compiling module selfheal_oserdese1_vlog
-- Compiling module plg_oserdese1_vlog
-- Compiling module rank12d_oserdese1_vlog
-- Compiling module trif_oserdese1_vlog
-- Compiling module txbuffer_oserdese1_vlog
-- Compiling module fifo_tdpipe_oserdese1_vlog
-- Compiling module fifo_reset_oserdese1_vlog
-- Compiling module fifo_addr_oserdese1_vlog
-- Compiling module iodlyctrl_npre_oserdese1_vlog
-- Compiling module dout_oserdese1_vlog
-- Compiling module tout_oserdese1_vlog
-- Compiling module OBUFDS_GTE4
-- Compiling module IBUFDS_INTERMDISABLE
-- Compiling module LDPE
-- Compiling UDP latchsre_ldpe
-- Compiling module MUXCY
-- Compiling module RAMS64E
-- Compiling module LUT6_2
-- Compiling module IBUFDS_GTE2
-- Compiling module LUT3
-- Compiling UDP x_lut3_mux8
-- Compiling module OBUFTDS_DCIEN
-- Compiling module ODDRE1
-- Compiling module OBUFT_DCIEN
-- Compiling module DSP48E1
-- Compiling module IBUFDS_DIFF_OUT_IBUFDISABLE
-- Compiling module SRL16E
-- Compiling module PLLE4_ADV
-- Compiling module GTXE2_CHANNEL
-- Compiling module SIM_CONFIGE2
-- Compiling module RAMB18E1
-- Compiling module RB18_INTERNAL_VLOG
-- Compiling module CMACE4
-- Compiling module RAMD64E
-- Compiling module IBUFDS_DIFF_OUT
-- Compiling module FIFO18E2
-- Compiling module IDDR_2CLK
-- Compiling module FDPE
-- Compiling module OBUFDS_DPHY
-- Compiling module HARD_SYNC
-- Compiling module BUFMR
-- Compiling module XADC
-- Compiling module ODELAYE3
-- Compiling module CAPTUREE2
-- Compiling module BUF
-- Compiling module IOBUFDS_DCIEN
-- Compiling module IBUF_INTERMDISABLE
-- Compiling module GTHE3_COMMON
-- Compiling module PHASER_IN
-- Compiling module PHASER_OUT
-- Compiling module RAM512X1S
-- Compiling module MUXF9
-- Compiling module DNA_PORT
-- Compiling module BUFHCE
-- Compiling module DSP_PREADD
-- Compiling module DNA_PORTE2
-- Compiling module BUFGCE
-- Compiling module GND
-- Compiling module RX_BITSLICE
-- Compiling module MMCME4_ADV
-- Compiling module FDSE
-- Compiling module PCIE_2_1
-- Compiling module MUXF8
-- Compiling module MASTER_JTAG
-- Compiling module IBUF_IBUFDISABLE
-- Compiling module RAM32X1S
-- Compiling module ISERDESE1
-- Compiling module bscntrl_iserdese1_vlog
-- Compiling module ice_iserdese1_vlog
-- Compiling module INV
-- Compiling module IOBUFDS
-- Compiling module ILKN
-- Compiling module IOBUFE3
-- Compiling module PULLUP
-- Compiling module GTYE3_COMMON
-- Compiling module OBUFDS_GTE3_ADV
-- Compiling module OBUF
-- Compiling module VCU
-- Compiling module GTYE4_CHANNEL
-- Compiling module IN_FIFO
-- Compiling module IOBUF_INTERMDISABLE
-- Compiling module RAM128X1D
-- Compiling module IDELAYE2
-- Compiling module GTXE2_COMMON
-- Compiling module PLLE3_BASE
-- Compiling module MUXF7
-- Compiling module GTHE4_COMMON
-- Compiling module GTHE4_CHANNEL
-- Compiling module ICAPE2
-- Compiling module FE
-- Compiling module RAMS32
-- Compiling module GTPE2_COMMON
-- Compiling module IBUF
-- Compiling module URAM288_BASE
-- Compiling module OBUFDS_LVDS_25
-- Compiling module FIFO16
-- Compiling module OBUFT_PCIX
-- Compiling module IOBUF_LVCMOS33_S_4
-- Compiling module RAMB16BWER
-- Compiling module IOBUF_LVCMOS15_S_6
-- Compiling module OBUFT_LVTTL_F_6
-- Compiling module OBUFT_SSTL3_II_DCI
-- Compiling module STARTUP_SPARTAN6
-- Compiling module MULT18X18
-- Compiling module OBUF_LVTTL_F_8
-- Compiling module DSP48E
-- Compiling module USR_ACCESS_VIRTEX4
-- Compiling module OBUFT_F_24
-- Compiling module IBUFG_LVDCI_25
-- Compiling module IBUFG_LVDCI_33
-- Compiling module OBUF_S_4
-- Compiling module RAMB16BWE_S18
-- Compiling module IOBUF_LVCMOS25_F_8
-- Compiling module OBUFT_LVCMOS12_F_2
-- Compiling module IBUF_HSTL_I
-- Compiling module SRLC16E_1
-- Compiling module IOBUF_LVDS
-- Compiling module FDRS_1
-- Compiling module RAMB16_S2_S18
-- Compiling module IBUF_SSTL3_II
-- Compiling module OBUF_LVCMOS25_F_16
-- Compiling module IBUFG_SSTL18_II
-- Compiling module MUXF8_L
-- Compiling module OR4B4
-- Compiling module LDCPE
-- Compiling module IBUF_PCI33_5
-- Compiling module OBUF_LVCMOS15_F_8
-- Compiling module NAND5
-- Compiling module FDPE_1
-- Compiling module MMCM_ADV
-- Compiling module IOBUF_LVCMOS15_S_2
-- Compiling module OBUFT_HSTL_III
-- Compiling module RAMB16_S2_S4
-- Compiling module IOBUF_LVCMOS15_S_8
-- Compiling module OBUF_LVCMOS15_S_16
-- Compiling module FDS_1
-- Compiling module OBUFT_LVCMOS25_F_2
-- Compiling module OBUFT_LVCMOS12_F_8
-- Compiling module OBUFT_LVCMOS15_S_12
-- Compiling module ROM64X1
-- Compiling module IBUFDS_LVDSEXT_25
-- Compiling module OBUFT_S_8
-- Compiling module FDC_1
-- Compiling module OBUFT_HSTL_IV_DCI_18
-- Compiling module IBUF_LVCMOS33
-- Compiling module IBUFGDS_BLVDS_25
-- Compiling module IBUF_LVDCI_DV2_18
-- Compiling module IOBUF_LVCMOS12_S_4
-- Compiling module ICAP_SPARTAN6
-- Compiling module RAM32X8S
-- Compiling module IOBUF_LVCMOS12_S_8
-- Compiling module OBUFT_S_16
-- Compiling module OBUF_HSTL_III
-- Compiling module OBUFT_LVCMOS2
-- Compiling module OBUFT_LVCMOS25_S_12
-- Compiling module OBUFT_LVCMOS33_F_4
-- Compiling module LUT2_D
-- Compiling module IBUFDS_LVDS_33
-- Compiling module SRLC16_1
-- Compiling module LDE
-- Compiling module FDCP_1
-- Compiling module NAND4B4
-- Compiling module LUT3_D
-- Compiling module OBUF_PCI33_3
-- Compiling module IOBUF_PCI66_3
-- Compiling module RAM64X1S_1
-- Compiling module IBUFG_LVDCI_DV2_18
-- Compiling module OBUF_LVCMOS18_F_4
-- Compiling module OBUF_LVDCI_DV2_33
-- Compiling module OBUF_LVCMOS18_F_12
-- Compiling module CAPTURE_VIRTEX6
-- Compiling module IOBUF_HSTL_I
-- Compiling module OBUFT_LVCMOS33_F_12
-- Compiling module NOR3B3
-- Compiling module IBUFG
-- Compiling module IOBUF_LVCMOS33_F_6
-- Compiling module IBUF_SSTL18_I
-- Compiling module IBUFG_HSTL_II_18
-- Compiling module IBUFG_AGP
-- Compiling module RAM16X1D
-- Compiling module IBUFG_HSTL_IV
-- Compiling module OBUF_LVCMOS15_S_6
-- Compiling module IOBUF_LVCMOS15_F_12
-- Compiling module OBUF_F_6
-- Compiling module IBUF_GTLP
-- Compiling module OBUFT_GTLP
-- Compiling module IBUF_LVDCI_33
-- Compiling module RAMB16BWE_S18_S9
-- Compiling module OBUFT_LVCMOS12_S_6
-- Compiling module MUXF7_L
-- Compiling module IOBUF_GTLP
-- Compiling module RAM32X2S
-- Compiling module LUT1_D
-- Compiling module IBUFG_LVDCI_15
-- Compiling module IBUFG_GTLP
-- Compiling module DSP48
-- Compiling module RAMB16_S2_S9
-- Compiling module OBUFT_LVCMOS18_F_2
-- Compiling module RAMB16_S18_S18
-- Compiling module RAMB16_S2
-- Compiling module IOBUF_AGP
-- Compiling module OBUF_SSTL3_II_DCI
-- Compiling module OR5
-- Compiling module OBUFT_PCI33_3
-- Compiling module XNOR2
-- Compiling module OBUF_LVCMOS12_S_6
-- Compiling module IOBUF_LVCMOS15_F_16
-- Compiling module IOBUF_SSTL18_II
-- Compiling module OBUFT_LVTTL_F_24
-- Compiling module IOBUF_LVCMOS15_F_2
-- Compiling module FDE
-- Compiling module BUFGMUX_1
-- Compiling module FIFO36_72
-- Compiling module OBUF_SSTL2_I_DCI
-- Compiling module IOBUF_LVTTL
-- Compiling module IODELAY2
-- Compiling module OBUFT_LVCMOS18_F_8
-- Compiling module IOBUF_LVCMOS25
-- Compiling module BSCAN_VIRTEX4
-- Compiling module OBUFT_SSTL18_II
-- Compiling module OBUF_HSTL_IV_18
-- Compiling module LUT4_D
-- Compiling module OBUF_SSTL3_II
-- Compiling module NAND5B5
-- Compiling module IBUF_SSTL2_II_DCI
-- Compiling module OBUFT_LVDS
-- Compiling module RAMB16_S4_S4
-- Compiling module IOBUF_LVCMOS25_S_16
-- Compiling module OBUF_LVCMOS15_F_4
-- Compiling module IBUF_SSTL18_II_DCI
-- Compiling module IOBUF_LVCMOS15
-- Compiling module OR4B3
-- Compiling module OBUFT_LVCMOS15_F_2
-- Compiling module IBUF_HSTL_I_DCI_18
-- Compiling module IBUFDS_ULVDS_25
-- Compiling module CAPTURE_SPARTAN3A
-- Compiling module IOBUF_LVTTL_F_12
-- Compiling module OBUFT_LVCMOS25
-- Compiling module OBUF_F_2
-- Compiling module XORCY_D
-- Compiling module IBUFGDS_LDT_25
-- Compiling module IBUFG_LVDS
-- Compiling module OBUFT_LVTTL_F_2
-- Compiling module IOBUF_S_12
-- Compiling module IBUF_LVPECL
-- Compiling module GTPA1_DUAL
-- Compiling module IBUFG_LVDCI_DV2_15
-- Compiling module OBUFT_LVCMOS15_F_6
-- Compiling module FDRSE
-- Compiling module OBUFT_LVCMOS33_S_6
-- Compiling module FDR_1
-- Compiling module RAMB16_S18
-- Compiling module AND4B2
-- Compiling module OBUF_LVCMOS18_F_6
-- Compiling module RAMB16_S2_S2
-- Compiling module IOBUF_LVCMOS33_F_16
-- Compiling module IBUFG_GTL
-- Compiling module IOBUF_LVCMOS25_S_24
-- Compiling module RAMB16_S4_S36
-- Compiling module IOBUF_LVCMOS25_S_6
-- Compiling module FDCPE_1
-- Compiling module OBUFT_HSTL_III_DCI_18
-- Compiling module ICAP_SPARTAN3A
-- Compiling module OBUFT_SSTL18_I_DCI
-- Compiling module OBUF_LVCMOS25_F_4
-- Compiling module OBUFT_LVDCI_18
-- Compiling module IBUF_GTL
-- Compiling module IOBUF_LVDCI_DV2_33
-- Compiling module IBUFGDS_LVDS_33_DCI
-- Compiling module OBUF_LVCMOS25
-- Compiling module LUT4_L
-- Compiling module IOBUF_LVCMOS25_F_12
-- Compiling module LUT1_L
-- Compiling module BUFGCE_1
-- Compiling module IBUFGDS_LVDSEXT_33_DCI
-- Compiling module IBUFDS_LVPECL_33
-- Compiling module OBUFT_LVCMOS33_F_2
-- Compiling module OR2B2
-- Compiling module RAM128X1S_1
-- Compiling module OBUF_GTL
-- Compiling module IOBUF_HSTL_IV_18
-- Compiling module OBUF_LVCMOS18_S_8
-- Compiling module FDCP
-- Compiling module IBUFG_HSTL_IV_DCI_18
-- Compiling module IOBUF_LVCMOS2
-- Compiling module IOBUF_LVDCI_DV2_15
-- Compiling module IBUF_PCI33_3
-- Compiling module OBUF_LVCMOS15_F_6
-- Compiling module OBUFT_HSTL_III_DCI
-- Compiling module OBUF_LVCMOS25_S_24
-- Compiling module LDC
-- Compiling module IOBUF_LVCMOS33_F_12
-- Compiling module RAMB16_S9
-- Compiling module OBUF_F_12
-- Compiling module IBUF_LVDCI_18
-- Compiling module RAMB16BWE_S18_S18
-- Compiling module OBUFT_SSTL2_I_DCI
-- Compiling module IOBUF_LVPECL
-- Compiling module IOBUF_LVCMOS33
-- Compiling module OBUFTDS_LVPECL_25
-- Compiling module XOR2
-- Compiling module IOBUF_LVCMOS25_F_24
-- Compiling module IOBUF_GTLP_DCI
-- Compiling module FDP
-- Compiling module NAND3
-- Compiling module OBUFT_PCI33_5
-- Compiling module OBUFT_LVCMOS18_F_16
-- Compiling module OBUFT_LVCMOS25_S_6
-- Compiling module OBUF_LVCMOS18_S_4
-- Compiling module OBUFDS_BLVDS_25
-- Compiling module LDE_1
-- Compiling module NAND4B3
-- Compiling module OBUFT_LVCMOS33_S_4
-- Compiling module IOBUF_S_6
-- Compiling module OBUFT_LVCMOS18
-- Compiling module AND5B2
-- Compiling module OBUF_LVDS
-- Compiling module OBUFT_LVCMOS15_S_4
-- Compiling module RAMB8BWER
-- Compiling module IOBUF_HSTL_IV
-- Compiling module NAND4B1
-- Compiling module IOBUF_GTL_DCI
-- Compiling module AND3B3
-- Compiling module OBUFT_LVCMOS18_S_12
-- Compiling module IBUF_LVDCI_15
-- Compiling module IOBUF_LVTTL_F_4
-- Compiling module RAMB16BWE_S36_S36
-- Compiling module OBUF_LVDCI_DV2_25
-- Compiling module OBUFT_LVCMOS18_F_4
-- Compiling module OBUFT_LVTTL_S_8
-- Compiling module AND3
-- Compiling module OBUF_LVCMOS18_S_2
-- Compiling module IOBUF_HSTL_II
-- Compiling module IBUFG_HSTL_I_18
-- Compiling module IOBUF_LVCMOS25_S_8
-- Compiling module IOBUF_LVCMOS12
-- Compiling module OBUFT_LVTTL_S_6
-- Compiling module OBUFT_LVTTL
-- Compiling module OR3B3
-- Compiling module OBUF_LVTTL_F_6
-- Compiling module AND3B1
-- Compiling module IOBUF_LVDCI_33
-- Compiling module OBUFTDS_LDT_25
-- Compiling module IBUFG_HSTL_III_DCI_18
-- Compiling module IBUF_HSTL_IV_DCI_18
-- Compiling module IOBUF_SSTL3_I
-- Compiling module AND4B3
-- Compiling module IBUFDS_LVPECL_25
-- Compiling module OBUF_LVCMOS15_S_8
-- Compiling module IOBUF_LVCMOS18_S_4
-- Compiling module IOBUF_S_2
-- Compiling module IOBUF_LVCMOS25_F_16
-- Compiling module OBUFT_LVCMOS25_F_6
-- Compiling module OBUF_LVCMOS33_F_2
-- Compiling module IOBUF_LVCMOS33_S_12
-- Compiling module IBUF_AGP
-- Compiling module OBUF_F_4
-- Compiling module IBUFGDS_ULVDS_25
-- Compiling module IOBUF_F_12
-- Compiling module IBUF_SSTL3_II_DCI
-- Compiling module OBUFT_S_6
-- Compiling module FIFO18_36
-- Compiling module NAND5B4
-- Compiling module OBUF_LVCMOS12_F_8
-- Compiling module OR5B4
-- Compiling module IBUFG_GTLP_DCI
-- Compiling module ODDR2
-- Compiling module IOBUF_LVCMOS12_F_8
-- Compiling module OBUFT_LVDCI_DV2_33
-- Compiling module OBUF_LVCMOS25_F_2
-- Compiling module IBUF_HSTL_III
-- Compiling module IBUFG_SSTL2_I_DCI
-- Compiling module IOBUF_SSTL18_II_DCI
-- Compiling module SRL16
-- Compiling module OBUFT_LVTTL_S_4
-- Compiling module MULT_AND
-- Compiling module IOBUF_LVCMOS33_F_4
-- Compiling module CAPTURE_VIRTEX5
-- Compiling module OBUFT_LVCMOS25_S_4
-- Compiling module OBUF_LVCMOS15_S_12
-- Compiling module DCM_PS
-- Compiling module OBUF_LVCMOS18_F_8
-- Compiling module IOBUF_LVCMOS33_S_24
-- Compiling module NOR2B2
-- Compiling module IDELAY
-- Compiling module IOBUF_LVCMOS33_S_6
-- Compiling module IBUF_SSTL3_I
-- Compiling module IOBUF_LVDCI_25
-- Compiling module LDPE_1
-- Compiling module IOBUF_LVTTL_F_24
-- Compiling module NAND4B2
-- Compiling module RAMB36SDP
-- Compiling module OBUFT_LVCMOS15_F_4
-- Compiling module OBUF_LVCMOS33_F_4
-- Compiling module IOBUF_CTT
-- Compiling module IOBUF_HSTL_III
-- Compiling module OBUFT_LVCMOS25_S_24
-- Compiling module OBUFT_LVCMOS33_F_16
-- Compiling module IBUF_SSTL2_II
-- Compiling module OBUF_LVCMOS15_S_2
-- Compiling module IOBUF_LVCMOS18_F_12
-- Compiling module OBUFT_SSTL3_I_DCI
-- Compiling module NOR3B2
-- Compiling module IBUF_LVTTL
-- Compiling module FDSE_1
-- Compiling module AND3B2
-- Compiling module RAMB16_S36
-- Compiling module OBUF_SSTL3_I
-- Compiling module OR2
-- Compiling module RAMB16_S4_S18
-- Compiling module IOBUF_LVCMOS25_F_4
-- Compiling module IBUFDS_LVDS_25_DCI
-- Compiling module ROM16X1
-- Compiling module IBUFGDS_LVDS_25
-- Compiling module IBUF_SSTL18_II
-- Compiling module IBUFG_SSTL18_I
-- Compiling module OBUF_LVTTL_S_16
-- Compiling module IBUF_HSTL_IV_18
-- Compiling module IBUF_GTLP_DCI
-- Compiling module IOBUF_HSTL_I_18
-- Compiling module STARTUP_VIRTEX6
-- Compiling module IOBUF_LVCMOS18_S_8
-- Compiling module IOBUF_LVTTL_S_2
-- Compiling module AND2B2
-- Compiling module BSCAN_SPARTAN6
-- Compiling module IBUFG_HSTL_III
-- Compiling module IOBUF_LVTTL_F_8
-- Compiling module OBUF_HSTL_II
-- Compiling module RAMB16_S4_S9
-- Compiling module OBUF_LVTTL_F_4
-- Compiling module IOBUF_LVCMOS18_F_4
-- Compiling module OBUF_S_6
-- Compiling module IBUFG_LVDCI_18
-- Compiling module OBUFT_LVTTL_S_12
-- Compiling module IBUFG_SSTL2_II
-- Compiling module ROM256X1
-- Compiling module XOR4
-- Compiling module OBUFT_LVCMOS12_S_8
-- Compiling module FDRSE_1
-- Compiling module OBUF_SSTL18_I_DCI
-- Compiling module OBUF_LVCMOS25_S_4
-- Compiling module OBUFT_LVCMOS12_S_4
-- Compiling module IBUF_LVCMOS12
-- Compiling module MMCM_BASE
-- Compiling module NAND3B2
-- Compiling module OBUFT_HSTL_II_DCI_18
-- Compiling module IOBUF_S_4
-- Compiling module IOBUF_SSTL18_I
-- Compiling module OBUFT_LVCMOS15_S_2
-- Compiling module OBUFT_F_4
-- Compiling module OBUF_HSTL_II_DCI
-- Compiling module RAMB16_S36_S36
-- Compiling module ICAP_VIRTEX4
-- Compiling module OBUF_LVTTL_S_12
-- Compiling module IOBUF_S_24
-- Compiling module OBUFT_LVDCI_DV2_18
-- Compiling module IOBUF_LVCMOS18_S_16
-- Compiling module OBUF_LVCMOS15_F_12
-- Compiling module IOBUF_HSTL_II_18
-- Compiling module RAMB16BWE_S36_S9
-- Compiling module OBUF_S_24
-- Compiling module IOBUF_HSTL_IV_DCI_18
-- Compiling module IBUF_HSTL_II_DCI_18
-- Compiling module IOBUF_F_16
-- Compiling module IBUFGDS_LVDS_33
-- Compiling module IOBUF_PCIX66_3
-- Compiling module OBUFT_LVCMOS18_S_4
-- Compiling module RAM16X1D_1
-- Compiling module OBUFT_LVCMOS33_S_2
-- Compiling module NOR3
-- Compiling module BUFGMUX_VIRTEX4
-- Compiling module OBUFT_LVCMOS25_S_2
-- Compiling module IOBUF_LVCMOS18_F_16
-- Compiling module OBUF_LVCMOS33_S_16
-- Compiling module IOBUF_GTL
-- Compiling module STARTUP_SPARTAN3A
-- Compiling module OBUF_LVCMOS33_F_24
-- Compiling module OBUFT_S_2
-- Compiling module BSCAN_SPARTAN3
-- Compiling module OBUFTDS_LVDS_33
-- Compiling module OBUFDS_LDT_25
-- Compiling module IBUF_SSTL18_I_DCI
-- Compiling module IBUFG_SSTL3_II
-- Compiling module OR2B1
-- Compiling module OBUFT_LVCMOS12_F_6
-- Compiling module OBUF_HSTL_IV_DCI
-- Compiling module RAMB18SDP
-- Compiling module OR5B1
-- Compiling module OBUF_LVCMOS33_S_24
-- Compiling module OBUFT_AGP
-- Compiling module OBUF_S_8
-- Compiling module NOR4B2
-- Compiling module BSCAN_SPARTAN3A
-- Compiling module IBUFG_CTT
-- Compiling module STARTUP_VIRTEX5
-- Compiling module IOBUF_LVCMOS18_F_8
-- Compiling module OBUF_LVCMOS2
-- Compiling module MUXF6
-- Compiling module AND5
-- Compiling module MUXF6_L
-- Compiling module OBUF_HSTL_III_DCI_18
-- Compiling module OBUF_LVCMOS18_F_2
-- Compiling module IBUFG_HSTL_II
-- Compiling module LDCPE_1
-- Compiling module OBUF_HSTL_II_18
-- Compiling module IOBUF_LVTTL_F_2
-- Compiling module OBUFT_LVCMOS33_S_8
-- Compiling module IOBUF_LVDCI_DV2_18
-- Compiling module CAPTURE_SPARTAN3
-- Compiling module STARTUP_VIRTEX4
-- Compiling module IBUF_PCIX66_3
-- Compiling module IOBUF_SSTL2_II
-- Compiling module IBUF_LVDS
-- Compiling module OBUFT_LVCMOS15_F_12
-- Compiling module IBUFG_LVCMOS15
-- Compiling module MUXCY_L
-- Compiling module OBUF_S_2
-- Compiling module OBUF_LVTTL_S_24
-- Compiling module NAND2B2
-- Compiling module IOBUF_LVTTL_F_6
-- Compiling module OBUF_PCIX
-- Compiling module OBUFT_LVDCI_33
-- Compiling module IOBUF_LVCMOS12_S_6
-- Compiling module IBUFG_HSTL_I_DCI
-- Compiling module MUXF7_D
-- Compiling module OBUFT_GTL
-- Compiling module OBUF_LVCMOS25_S_8
-- Compiling module RAMB16_S1_S18
-- Compiling module OBUFT_PCIX66_3
-- Compiling module MULT18X18S
-- Compiling module IOBUF_LVCMOS12_F_2
-- Compiling module RAM64X1D_1
-- Compiling module IBUF_HSTL_I_18
-- Compiling module IOBUF_LVCMOS25_F_2
-- Compiling module RAMB16_S1_S4
-- Compiling module OBUFT_CTT
-- Compiling module OBUFT_F_16
-- Compiling module OBUF_SSTL2_I
-- Compiling module IOBUF_LVCMOS18_S_12
-- Compiling module OBUFT_LVTTL_F_12
-- Compiling module IOBUF_LVTTL_S_4
-- Compiling module IOBUF_LVTTL_S_8
-- Compiling module FIFO36
-- Compiling module OBUF_CTT
-- Compiling module OBUF_LVTTL
-- Compiling module IOBUF_LVCMOS15_F_8
-- Compiling module BSCAN_VIRTEX5
-- Compiling module RAM32X1D_1
-- Compiling module OBUF_LVCMOS12_F_6
-- Compiling module IBUFG_HSTL_III_18
-- Compiling module OBUF_LVCMOS25_S_6
-- Compiling module RAMB16_S1_S36
-- Compiling module OBUF_LVCMOS33_F_16
-- Compiling module IBUFG_SSTL18_I_DCI
-- Compiling module LUT2_L
-- Compiling module OBUF_LVCMOS15_F_16
-- Compiling module OBUF_F_16
-- Compiling module NAND5B2
-- Compiling module AND2
-- Compiling module IBUFG_LVPECL
-- Compiling module OBUF_LVPECL
-- Compiling module IBUFDS_BLVDS_25
-- Compiling module NOR2
-- Compiling module OBUF_HSTL_III_18
-- Compiling module IOBUF_PCI33_5
-- Compiling module OBUFT_HSTL_I
-- Compiling module OBUF_LVCMOS18
-- Compiling module IOBUFDS_BLVDS_25
-- Compiling module IBUFG_LVCMOS18
-- Compiling module IBUF_HSTL_III_DCI
-- Compiling module IBUFG_PCIX
-- Compiling module OBUF_PCI33_5
-- Compiling module OBUF_SSTL18_I
-- Compiling module OBUF_LVCMOS25_S_2
-- Compiling module IBUFG_LVCMOS25
-- Compiling module OBUFT_LVCMOS33_S_12
-- Compiling module IOBUF_SSTL3_II
-- Compiling module OBUF_LVDCI_DV2_18
-- Compiling module RAMB16_S9_S36
-- Compiling module OBUF_SSTL3_I_DCI
-- Compiling module OBUFT_HSTL_II
-- Compiling module XORCY_L
-- Compiling module OBUF_LVDCI_15
-- Compiling module MUXF8_D
-- Compiling module ROM32X1
-- Compiling module OBUFT_LVCMOS18_S_8
-- Compiling module OBUFT_SSTL2_I
-- Compiling module IBUFG_SSTL3_II_DCI
-- Compiling module NOR5B2
-- Compiling module IOBUF_LVCMOS33_S_16
-- Compiling module OR5B2
-- Compiling module IBUFDS_LVDSEXT_33
-- Compiling module OBUF_LVCMOS25_F_12
-- Compiling module IDDR2
-- Compiling module NOR2B1
-- Compiling module OBUFT_LVCMOS15
-- Compiling module AND5B3
-- Compiling module XOR5
-- Compiling module IBUF_LVCMOS15
-- Compiling module OBUFT_LVCMOS18_S_2
-- Compiling module DSP48A1
-- Compiling module OBUFT_LVCMOS33_F_8
-- Compiling module FDE_1
-- Compiling module IOBUF_LVCMOS33_F_8
-- Compiling module OBUFT_SSTL2_II_DCI
-- Compiling module IBUFGDS_LVDSEXT_33
-- Compiling module IOBUF_LVCMOS18_S_2
-- Compiling module IBUF_PCI66_3
-- Compiling module OBUFT_HSTL_II_18
-- Compiling module OBUF_LVDCI_25
-- Compiling module MULT18X18SIO
-- Compiling module RAM16X2S
-- Compiling module OBUFT_LVCMOS12_F_4
-- Compiling module OBUF_LVCMOS12_S_8
-- Compiling module MUXF5_L
-- Compiling module OBUF_LVCMOS33_S_12
-- Compiling module OBUFTDS_LVDSEXT_33
-- Compiling module IBUFG_LVDCI_DV2_25
-- Compiling module IOBUF_F_4
-- Compiling module RAMB16BWE_S36_S18
-- Compiling module NAND3B1
-- Compiling module OBUFT_LVCMOS12_S_2
-- Compiling module OBUF_SSTL2_II_DCI
-- Compiling module OBUFDS_LVPECL_33
-- Compiling module IBUFG_SSTL3_I
-- Compiling module RAM32X4S
-- Compiling module NOR4B4
-- Compiling module OBUFT_F_8
-- Compiling module OBUFT_S_24
-- Compiling module OR4B1
-- Compiling module IOBUF_LVCMOS18
-- Compiling module RAM16X8S
-- Compiling module AND5B5
-- Compiling module AND4B4
-- Compiling module IBUF_PCIX
-- Compiling module OBUFT_GTLP_DCI
-- Compiling module OBUF_LVCMOS18_F_16
-- Compiling module OBUF_LVCMOS18_S_16
-- Compiling module OBUF_LVDCI_DV2_15
-- Compiling module IBUF_SSTL2_I
-- Compiling module OBUF_LVCMOS25_S_12
-- Compiling module OBUFT_F_2
-- Compiling module IBUF_SSTL2_I_DCI
-- Compiling module OBUFT_LVCMOS33_F_24
-- Compiling module AND4
-- Compiling module XNOR5
-- Compiling module FRAME_ECC_VIRTEX6
-- Compiling module IBUFG_PCI33_5
-- Compiling module IBUFG_LVCMOS33
-- Compiling module OR4
-- Compiling module MUXF5_D
-- Compiling module LUT3_L
-- Compiling module OBUF_LVCMOS33_S_6
-- Compiling module IBUFDS_LVDSEXT_33_DCI
-- Compiling module IBUFG_HSTL_IV_18
-- Compiling module RAMB16_S1_S1
-- Compiling module IOBUF_SSTL3_II_DCI
-- Compiling module CAPTURE_VIRTEX4
-- Compiling module RAMB16_S9_S18
-- Compiling module IOBUF_S_16
-- Compiling module MUXCY_D
-- Compiling module FD_1
-- Compiling module LUT5_L
-- Compiling module IOBUF_LVTTL_F_16
-- Compiling module SRL16_1
-- Compiling module FDCPE
-- Compiling module USR_ACCESS_VIRTEX5
-- Compiling module FDR
-- Compiling module OBUFT_LVCMOS15_S_6
-- Compiling module OBUFT_SSTL3_II
-- Compiling module FIFO18
-- Compiling module IBUF_HSTL_III_DCI_18
-- Compiling module IODELAY
-- Compiling module OBUF_S_12
-- Compiling module RAM32X1S_1
-- Compiling module IOBUF_LVCMOS33_S_8
-- Compiling module OBUFTDS_BLVDS_25
-- Compiling module IOBUF_LVCMOS25_S_4
-- Compiling module FDC
-- Compiling module IBUFG_SSTL2_II_DCI
-- Compiling module SRL16E_1
-- Compiling module NOR5B5
-- Compiling module GTXE1
-- Compiling module OBUFT_LVCMOS33_S_24
-- Compiling module IOBUF_HSTL_IV_DCI
-- Compiling module LUT6_L
-- Compiling module OBUF_LVTTL_F_24
-- Compiling module OBUF_LVCMOS25_F_6
-- Compiling module OBUF_LVCMOS12_F_2
-- Compiling module OBUFT_HSTL_IV
-- Compiling module AND4B1
-- Compiling module OBUFT_LVPECL
-- Compiling module IODELAYE1
-- Compiling module IOBUF_LVCMOS15_S_12
-- Compiling module OBUFT_GTL_DCI
-- Compiling module IOBUF_LVCMOS18_F_6
-- Compiling module LDCP_1
-- Compiling module IOBUF_LVCMOS15_S_16
-- Compiling module IOBUF_LVTTL_S_16
-- Compiling module OBUF_LVCMOS33
-- Compiling module OBUF_LVCMOS18_S_6
-- Compiling module OBUFT_LVTTL_F_8
-- Compiling module OBUF_LVTTL_S_4
-- Compiling module OBUF_LVCMOS18_S_12
-- Compiling module OBUF_SSTL2_II
-- Compiling module IBUFGDS_LVDS_25_DCI
-- Compiling module IBUFG_LVCMOS12
-- Compiling module OBUFDS_ULVDS_25
-- Compiling module XOR3
-- Compiling module OBUFT_HSTL_II_DCI
-- Compiling module OBUF_LVCMOS33_S_4
-- Compiling module OBUFT_HSTL_IV_18
-- Compiling module IBUFG_LVTTL
-- Compiling module OBUFT_SSTL18_II_DCI
-- Compiling module IBUF_HSTL_II_18
-- Compiling module RAM16X1S
-- Compiling module OBUFT_LVCMOS15_S_8
-- Compiling module RAMB16_S1_S2
-- Compiling module IOBUF_LVCMOS15_S_4
-- Compiling module IBUF_SSTL3_I_DCI
-- Compiling module OBUF_LVCMOS33_F_12
-- Compiling module IBUF_LVCMOS18
-- Compiling module DCM_BASE
-- Compiling module OBUFT_S_12
-- Compiling module RAMB16_S9_S9
-- Compiling module LDCE_1
-- Compiling module OBUFT_LVCMOS25_F_8
-- Compiling module DCM
-- Compiling module IOBUF_LVCMOS18_S_6
-- Compiling module NAND2
-- Compiling module BSCAN_VIRTEX6
-- Compiling module IOBUF_PCI33_3
-- Compiling module OBUFT_LVCMOS18_S_6
-- Compiling module OBUF_LVCMOS15_S_4
-- Compiling module MUXF6_D
-- Compiling module IBUFDS_GTXE1
-- Compiling module IBUFG_SSTL18_II_DCI
-- Compiling module OBUF_LVCMOS12_S_2
-- Compiling module IBUF_CTT
-- Compiling module OBUFT_LVCMOS18_S_16
-- Compiling module MUXF5
-- Compiling module RAM64X2S
-- Compiling module OBUF_LVTTL_F_12
-- Compiling module OR5B5
-- Compiling module OBUFT_LVCMOS25_F_24
-- Compiling module IOBUF_LVCMOS12_F_4
-- Compiling module OBUF_GTL_DCI
-- Compiling module IBUFG_HSTL_II_DCI
-- Compiling module OR3
-- Compiling module IOBUF_HSTL_III_18
-- Compiling module NOR5
-- Compiling module AND5B1
-- Compiling module OR3B2
-- Compiling module OBUF_LVCMOS33_F_6
-- Compiling module OBUF_LVCMOS33_S_8
-- Compiling module OBUF_S_16
-- Compiling module NAND4
-- Compiling module OBUFT_HSTL_I_18
-- Compiling module ICAP_VIRTEX6
-- Compiling module OBUFT_LVDCI_25
-- Compiling module OBUFT_LVCMOS33_S_16
-- Compiling module FDRE_1
-- Compiling module IOBUF_F_24
-- Compiling module RAMB16
-- Compiling module IBUFG_PCI33_3
-- Compiling module LDC_1
-- Compiling module IOBUF_LVDCI_DV2_25
-- Compiling module SRL32E
-- Compiling module IBUFG_PCIX66_3
-- Compiling module IBUFG_SSTL2_I
-- Compiling module IBUFGDS_LVDSEXT_25_DCI
-- Compiling module OBUF_LVDCI_33
-- Compiling module OBUF_HSTL_I_DCI
-- Compiling module NOR4
-- Compiling module SRLC16
-- Compiling module NOR5B3
-- Compiling module OBUFT_LVCMOS33_F_6
-- Compiling module OBUF_HSTL_I_DCI_18
-- Compiling module IBUF_HSTL_IV
-- Compiling module OBUFT_PCI66_3
-- Compiling module IBUFG_GTL_DCI
-- Compiling module IBUF_LVDCI_DV2_25
-- Compiling module OBUF_SSTL18_II_DCI
-- Compiling module OBUFT_SSTL3_I
-- Compiling module OBUFT_LVCMOS18_F_6
-- Compiling module RAMB16_S4
-- Compiling module OBUF_LVCMOS15
-- Compiling module OBUF_HSTL_I_18
-- Compiling module IOBUF_LVTTL_S_24
-- Compiling module OBUF_SSTL18_II
-- Compiling module XNOR4
-- Compiling module IOBUF_PCIX
-- Compiling module OBUF_LVCMOS33_F_8
-- Compiling module IBUFDS_LVDSEXT_25_DCI
-- Compiling module IOBUF_HSTL_II_DCI_18
-- Compiling module OBUFT_LVCMOS15_F_8
-- Compiling module IBUFGDS_LVPECL_33
-- Compiling module OBUFT_LVCMOS25_F_16
-- Compiling module IBUF_HSTL_II_DCI
-- Compiling module LD_1
-- Compiling module IBUF_GTL_DCI
-- Compiling module OBUF_PCI66_3
-- Compiling module RAMB36
-- Compiling module IOBUF_LVTTL_S_6
-- Compiling module OBUFT_LVTTL_S_16
-- Compiling module IOBUF_SSTL2_I
-- Compiling module RAMB18
-- Compiling module RAMB16_S1_S9
-- Compiling module OBUF_HSTL_I
-- Compiling module IOBUF_LVCMOS25_S_12
-- Compiling module OBUF_HSTL_III_DCI
-- Compiling module OBUFT_LVDCI_15
-- Compiling module OBUFT_LVCMOS25_F_4
-- Compiling module OBUFT_LVTTL_F_4
-- Compiling module OBUF_LVTTL_S_8
-- Compiling module IOBUF_LVCMOS12_F_6
-- Compiling module OBUF_LVCMOS25_F_24
-- Compiling module RAMB16BWE_S36
-- Compiling module OBUFT_LVCMOS15_F_16
-- Compiling module NOR5B1
-- Compiling module OBUFTDS_LVDSEXT_25
-- Compiling module OBUF_PCIX66_3
-- Compiling module IOBUF_LVCMOS15_F_6
-- Compiling module OBUF_HSTL_IV_DCI_18
-- Compiling module RAM16X1S_1
-- Compiling module IOBUF_LVCMOS12_S_2
-- Compiling module OBUFT_LVCMOS12
-- Compiling module OBUFT_LVCMOS25_S_8
-- Compiling module PLL_ADV
-- Compiling module OBUF_F_24
-- Compiling module IOBUF_SSTL2_II_DCI
-- Compiling module LDCP
-- Compiling module IBUFG_SSTL3_I_DCI
-- Compiling module OBUFT_F_12
-- Compiling module FD
-- Compiling module IBUFDS_LDT_25
-- Compiling module IBUFDS_LVDS_25
-- Compiling module LDP
-- Compiling module NAND2B1
-- Compiling module OBUFT_HSTL_I_DCI
-- Compiling module LUT6_D
-- Compiling module OR5B3
-- Compiling module BUFGMUX
-- Compiling module OBUF_HSTL_IV
-- Compiling module IOBUF_LVTTL_S_12
-- Compiling module NOR5B4
-- Compiling module OBUFT_SSTL2_II
-- Compiling module OR3B1
-- Compiling module FDS
-- Compiling module IOBUF_LVCMOS15_F_4
-- Compiling module OBUF_LVCMOS12_F_4
-- Compiling module IBUF_HSTL_III_18
-- Compiling module IOBUF_S_8
-- Compiling module DSP48A
-- Compiling module AND2B1
-- Compiling module USR_ACCESS_VIRTEX6
-- Compiling module OBUFT_LVCMOS25_S_16
-- Compiling module OBUFDS_LVPECL_25
-- Compiling module IBUFGDS_LVDSEXT_25
-- Compiling module KEY_CLEAR
-- Compiling module IOBUF_LVCMOS25_F_6
-- Compiling module OR4B2
-- Compiling module OBUFT_S_4
-- Compiling module OBUFTDS_LVDS_25
-- Compiling module LUT5_D
-- Compiling module RAMB16_S2_S36
-- Compiling module IBUFG_HSTL_II_DCI_18
-- Compiling module SYSMON
-- Compiling module IOBUF_HSTL_II_DCI
-- Compiling module OBUF_HSTL_II_DCI_18
-- Compiling module NAND3B3
-- Compiling module LDP_1
-- Compiling module OBUFTDS_LVPECL_33
-- Compiling module OBUFT_LVCMOS33
-- Compiling module IOBUF_F_2
-- Compiling module NAND5B3
-- Compiling module AND5B4
-- Compiling module IBUF_LVDCI_DV2_33
-- Compiling module RAM16X4S
-- Compiling module OBUF_LVTTL_S_2
-- Compiling module FDP_1
-- Compiling module OBUFT_LVTTL_F_16
-- Compiling module RAMB16_S18_S36
-- Compiling module NOR3B1
-- Compiling module IBUFG_LVDCI_DV2_33
-- Compiling module OBUFTDS_ULVDS_25
-- Compiling module IBUFGDS
-- Compiling module OBUF_LVCMOS12
-- Compiling module IOBUF_LVDCI_18
-- Compiling module IBUFG_HSTL_I_DCI_18
-- Compiling module OBUF_F_8
-- Compiling module OBUFT_LVCMOS18_F_12
-- Compiling module XNOR3
-- Compiling module IBUF_LVDCI_25
-- Compiling module OBUF_LVTTL_F_16
-- Compiling module IBUFG_HSTL_III_DCI
-- Compiling module IOBUF_LVCMOS25_S_2
-- Compiling module OBUFT_LVDCI_DV2_15
-- Compiling module OBUFT_HSTL_IV_DCI
-- Compiling module OBUFT_LVTTL_S_2
-- Compiling module RAMB16BWE
-- Compiling module IOBUF_LVCMOS18_F_2
-- Compiling module TEMAC_SINGLE
-- Compiling module OBUF_LVCMOS25_F_8
-- Compiling module OBUFT_F_6
-- Compiling module OBUF_AGP
-- Compiling module LD
-- Compiling module OBUFDS_LVDSEXT_25
-- Compiling module OBUF_GTLP
-- Compiling module IOBUF_LVCMOS33_F_2
-- Compiling module IBUFGDS_LVPECL_25
-- Compiling module OBUFDS_LVDS_33
-- Compiling module BUFGMUX_CTRL
-- Compiling module OBUF_LVCMOS25_S_16
-- Compiling module IOBUF_F_8
-- Compiling module OBUF_LVTTL_F_2
-- Compiling module IOBUF_LVCMOS33_S_2
-- Compiling module IBUFGDS_DIFF_OUT
-- Compiling module IBUF_HSTL_I_DCI
-- Compiling module OBUF_LVDCI_18
-- Compiling module PLL_BASE
-- Compiling module ICAP_VIRTEX5
-- Compiling module IBUF_HSTL_IV_DCI
-- Compiling module BUFIO2
-- Compiling module IBUFG_PCI66_3
-- Compiling module NOR4B3
-- Compiling module OBUF_LVCMOS33_S_2
-- Compiling module RAMB16_S1
-- Compiling module IOBUF_F_6
-- Compiling module OBUF_LVCMOS15_F_2
-- Compiling module IBUFG_HSTL_IV_DCI
-- Compiling module OBUFT_SSTL18_I
-- Compiling module IBUFDS_LVDS_33_DCI
-- Compiling module IBUFG_HSTL_I
-- Compiling module IOBUF_LVDCI_15
-- Compiling module OBUFT_HSTL_I_DCI_18
-- Compiling module IOBUF_LVCMOS33_F_24
-- Compiling module NAND5B1
-- Compiling module IBUF_HSTL_II
-- Compiling module OBUFT_LVTTL_S_24
-- Compiling module OBUFT_LVDCI_DV2_25
-- Compiling module OBUFT_LVCMOS25_F_12
-- Compiling module OBUF_LVTTL_S_6
-- Compiling module OBUF_LVCMOS12_S_4
-- Compiling module OBUF_GTLP_DCI
-- Compiling module ROM128X1
-- Compiling module OBUFT_LVCMOS15_S_16
-- Compiling module IBUF_LVCMOS25
-- Compiling module IBUF_LVDCI_DV2_15
-- Compiling module FDCE_1
-- Compiling module OBUFDS_LVDSEXT_33
-- Compiling module IBUF_LVCMOS2
-- Compiling module IBUFG_LVCMOS2
-- Compiling module FDRS
-- Compiling module STARTUP_SPARTAN3
-- Compiling module NOR4B1
-- Compiling module OBUFT_HSTL_III_18

Top level modules:
	IBUFDS_DIFF_OUT_INTERMDISABLE
	ZHOLD_DELAY
	HPIO_VREF
	IBUFDS_GTM
	PCIE_3_0
	INBUF
	TX_BITSLICE
	SRLC16E
	ISERDES
	PS8
	IOBUFDS_DIFF_OUT_DCIEN
	IBUFDS_IBUFDISABLE_INT
	IOBUF_ANALOG
	IBUFDS_GTE3
	PHY_CONTROL
	CFGLUT5
	IDELAYCTRL
	CARRY8
	RAM256X1S
	OBUFDS_GTE4_ADV
	BUFIO
	DSP_M_DATA
	OR2L
	PCIE40E4
	MMCME4_BASE
	RXTX_BITSLICE
	PHASER_IN_PHY
	IOBUF_DCIEN
	HBM_ONE_STACK_INTF
	AUTOBUF
	OSERDESE2
	IBUFDS_INTERMDISABLE_INT
	OBUFDS_GTE3
	DSP48E2
	IBUFE3
	IOBUFDS_INTERMDISABLE
	OSERDESE3
	OSERDES
	DSP_OUTPUT
	PLLE2_BASE
	DSP_A_B_DATA
	PHASER_REF
	ILKNE4
	KEEPER
	PCIE_3_1
	BITSLICE_CONTROL
	ODELAYE2_FINEDELAY
	IOBUFDS_DIFF_OUT_INTERMDISABLE
	BUFGCE_DIV
	IBUFDS_DPHY
	PHASER_OUT_PHY
	DCIRESET
	RAM64X8SW
	ISERDES_NODELAY
	RAM32M
	RAMB36E2
	BUFCE_ROW
	IBUFDSE3
	RAMD32
	ISERDESE3
	PULLDOWN
	BUFMRCE
	DSP_MULTIPLIER
	OBUFDS_GTM
	IBUF_ANALOG
	SYSMONE1
	BUFH
	GTYE3_CHANNEL
	VCC
	RAM32M16
	BUFR
	DSP_C_DATA
	BUFGP
	RAMS64E1
	RIU_OR
	GTHE2_COMMON
	FIFO36E2
	IDELAYE3
	IDDRE1
	PS7
	TX_BITSLICE_TRI
	IDELAYE2_FINEDELAY
	RAM64M
	BUFG
	URAM288
	ICAPE3
	SYSMONE4
	RAMB18E2
	CMAC
	BIBUF
	JTAG_SIME2
	BUFG_PS
	HBM_SNGLBLI_INTF_APB
	BUFG_GT_SYNC
	CARRY4
	DIFFINBUF
	IOBUFDSE3
	OUT_FIFO
	HBM_TWO_STACK_INTF
	DSP_ALU
	BUFCE_LEAF
	IBUFCTRL
	DCM_SP
	GTHE3_CHANNEL
	IOBUFDS_DIFF_OUT
	FRAME_ECCE3
	GTHE2_CHANNEL
	GTPE2_CHANNEL
	AND2B1L
	OBUFDS_GTM_ADV
	ISERDESE2
	DPHY_DIFFINBUF
	FRAME_ECCE4
	RAM256X1D
	GTYE4_COMMON
	HBM_REF_CLK
	STARTUPE3
	IBUFDS_GTE4
	EFUSE_USR
	DSP_PREADD_DATA
	HBM_SNGLBLI_INTF_AXI
	BUFG_GT
	IBUFDS_IBUFDISABLE
	PCIE4CE4
	PLLE4_BASE
	MMCME3_BASE
	IOBUF
	RAM64M8
	OSERDESE1
	OBUFDS_GTE4
	IBUFDS_INTERMDISABLE
	RAMS64E
	LUT6_2
	IBUFDS_GTE2
	OBUFTDS_DCIEN
	ODDRE1
	OBUFT_DCIEN
	IBUFDS_DIFF_OUT_IBUFDISABLE
	GTXE2_CHANNEL
	CMACE4
	RAMD64E
	FIFO18E2
	IDDR_2CLK
	OBUFDS_DPHY
	HARD_SYNC
	BUFMR
	ODELAYE3
	BUF
	IOBUFDS_DCIEN
	IBUF_INTERMDISABLE
	GTHE3_COMMON
	PHASER_IN
	PHASER_OUT
	RAM512X1S
	MUXF9
	DNA_PORT
	BUFHCE
	DSP_PREADD
	DNA_PORTE2
	BUFGCE
	GND
	RX_BITSLICE
	PCIE_2_1
	MASTER_JTAG
	IBUF_IBUFDISABLE
	ISERDESE1
	IOBUFDS
	ILKN
	IOBUFE3
	PULLUP
	GTYE3_COMMON
	OBUFDS_GTE3_ADV
	VCU
	GTYE4_CHANNEL
	IN_FIFO
	IOBUF_INTERMDISABLE
	RAM128X1D
	GTXE2_COMMON
	PLLE3_BASE
	GTHE4_COMMON
	GTHE4_CHANNEL
	FE
	RAMS32
	GTPE2_COMMON
	URAM288_BASE
	OBUFDS_LVDS_25
	FIFO16
	OBUFT_PCIX
	IOBUF_LVCMOS33_S_4
	RAMB16BWER
	IOBUF_LVCMOS15_S_6
	OBUFT_LVTTL_F_6
	OBUFT_SSTL3_II_DCI
	STARTUP_SPARTAN6
	MULT18X18
	OBUF_LVTTL_F_8
	DSP48E
	USR_ACCESS_VIRTEX4
	OBUFT_F_24
	IBUFG_LVDCI_25
	IBUFG_LVDCI_33
	OBUF_S_4
	RAMB16BWE_S18
	IOBUF_LVCMOS25_F_8
	OBUFT_LVCMOS12_F_2
	IBUF_HSTL_I
	SRLC16E_1
	IOBUF_LVDS
	FDRS_1
	RAMB16_S2_S18
	IBUF_SSTL3_II
	OBUF_LVCMOS25_F_16
	IBUFG_SSTL18_II
	MUXF8_L
	OR4B4
	LDCPE
	IBUF_PCI33_5
	OBUF_LVCMOS15_F_8
	NAND5
	FDPE_1
	MMCM_ADV
	IOBUF_LVCMOS15_S_2
	OBUFT_HSTL_III
	RAMB16_S2_S4
	IOBUF_LVCMOS15_S_8
	OBUF_LVCMOS15_S_16
	FDS_1
	OBUFT_LVCMOS25_F_2
	OBUFT_LVCMOS12_F_8
	OBUFT_LVCMOS15_S_12
	ROM64X1
	IBUFDS_LVDSEXT_25
	OBUFT_S_8
	FDC_1
	OBUFT_HSTL_IV_DCI_18
	IBUF_LVCMOS33
	IBUFGDS_BLVDS_25
	IBUF_LVDCI_DV2_18
	IOBUF_LVCMOS12_S_4
	ICAP_SPARTAN6
	RAM32X8S
	IOBUF_LVCMOS12_S_8
	OBUFT_S_16
	OBUF_HSTL_III
	OBUFT_LVCMOS2
	OBUFT_LVCMOS25_S_12
	OBUFT_LVCMOS33_F_4
	LUT2_D
	IBUFDS_LVDS_33
	SRLC16_1
	LDE
	FDCP_1
	NAND4B4
	LUT3_D
	OBUF_PCI33_3
	IOBUF_PCI66_3
	RAM64X1S_1
	IBUFG_LVDCI_DV2_18
	OBUF_LVCMOS18_F_4
	OBUF_LVDCI_DV2_33
	OBUF_LVCMOS18_F_12
	CAPTURE_VIRTEX6
	IOBUF_HSTL_I
	OBUFT_LVCMOS33_F_12
	NOR3B3
	IOBUF_LVCMOS33_F_6
	IBUF_SSTL18_I
	IBUFG_HSTL_II_18
	IBUFG_AGP
	RAM16X1D
	IBUFG_HSTL_IV
	OBUF_LVCMOS15_S_6
	IOBUF_LVCMOS15_F_12
	OBUF_F_6
	IBUF_GTLP
	OBUFT_GTLP
	IBUF_LVDCI_33
	RAMB16BWE_S18_S9
	OBUFT_LVCMOS12_S_6
	MUXF7_L
	IOBUF_GTLP
	RAM32X2S
	LUT1_D
	IBUFG_LVDCI_15
	IBUFG_GTLP
	DSP48
	RAMB16_S2_S9
	OBUFT_LVCMOS18_F_2
	RAMB16_S18_S18
	RAMB16_S2
	IOBUF_AGP
	OBUF_SSTL3_II_DCI
	OR5
	OBUFT_PCI33_3
	XNOR2
	OBUF_LVCMOS12_S_6
	IOBUF_LVCMOS15_F_16
	IOBUF_SSTL18_II
	OBUFT_LVTTL_F_24
	IOBUF_LVCMOS15_F_2
	FDE
	BUFGMUX_1
	FIFO36_72
	OBUF_SSTL2_I_DCI
	IOBUF_LVTTL
	IODELAY2
	OBUFT_LVCMOS18_F_8
	IOBUF_LVCMOS25
	BSCAN_VIRTEX4
	OBUFT_SSTL18_II
	OBUF_HSTL_IV_18
	LUT4_D
	OBUF_SSTL3_II
	NAND5B5
	IBUF_SSTL2_II_DCI
	OBUFT_LVDS
	RAMB16_S4_S4
	IOBUF_LVCMOS25_S_16
	OBUF_LVCMOS15_F_4
	IBUF_SSTL18_II_DCI
	IOBUF_LVCMOS15
	OR4B3
	OBUFT_LVCMOS15_F_2
	IBUF_HSTL_I_DCI_18
	IBUFDS_ULVDS_25
	CAPTURE_SPARTAN3A
	IOBUF_LVTTL_F_12
	OBUFT_LVCMOS25
	OBUF_F_2
	XORCY_D
	IBUFGDS_LDT_25
	IBUFG_LVDS
	OBUFT_LVTTL_F_2
	IOBUF_S_12
	IBUF_LVPECL
	GTPA1_DUAL
	IBUFG_LVDCI_DV2_15
	OBUFT_LVCMOS15_F_6
	FDRSE
	OBUFT_LVCMOS33_S_6
	FDR_1
	RAMB16_S18
	AND4B2
	OBUF_LVCMOS18_F_6
	RAMB16_S2_S2
	IOBUF_LVCMOS33_F_16
	IBUFG_GTL
	IOBUF_LVCMOS25_S_24
	RAMB16_S4_S36
	IOBUF_LVCMOS25_S_6
	FDCPE_1
	OBUFT_HSTL_III_DCI_18
	ICAP_SPARTAN3A
	OBUFT_SSTL18_I_DCI
	OBUF_LVCMOS25_F_4
	OBUFT_LVDCI_18
	IBUF_GTL
	IOBUF_LVDCI_DV2_33
	IBUFGDS_LVDS_33_DCI
	OBUF_LVCMOS25
	LUT4_L
	IOBUF_LVCMOS25_F_12
	LUT1_L
	BUFGCE_1
	IBUFGDS_LVDSEXT_33_DCI
	IBUFDS_LVPECL_33
	OBUFT_LVCMOS33_F_2
	OR2B2
	RAM128X1S_1
	OBUF_GTL
	IOBUF_HSTL_IV_18
	OBUF_LVCMOS18_S_8
	FDCP
	IBUFG_HSTL_IV_DCI_18
	IOBUF_LVCMOS2
	IOBUF_LVDCI_DV2_15
	IBUF_PCI33_3
	OBUF_LVCMOS15_F_6
	OBUFT_HSTL_III_DCI
	OBUF_LVCMOS25_S_24
	LDC
	IOBUF_LVCMOS33_F_12
	RAMB16_S9
	OBUF_F_12
	IBUF_LVDCI_18
	RAMB16BWE_S18_S18
	OBUFT_SSTL2_I_DCI
	IOBUF_LVPECL
	IOBUF_LVCMOS33
	OBUFTDS_LVPECL_25
	XOR2
	IOBUF_LVCMOS25_F_24
	IOBUF_GTLP_DCI
	FDP
	NAND3
	OBUFT_PCI33_5
	OBUFT_LVCMOS18_F_16
	OBUFT_LVCMOS25_S_6
	OBUF_LVCMOS18_S_4
	OBUFDS_BLVDS_25
	LDE_1
	NAND4B3
	OBUFT_LVCMOS33_S_4
	IOBUF_S_6
	OBUFT_LVCMOS18
	AND5B2
	OBUF_LVDS
	OBUFT_LVCMOS15_S_4
	RAMB8BWER
	IOBUF_HSTL_IV
	NAND4B1
	IOBUF_GTL_DCI
	AND3B3
	OBUFT_LVCMOS18_S_12
	IBUF_LVDCI_15
	IOBUF_LVTTL_F_4
	RAMB16BWE_S36_S36
	OBUF_LVDCI_DV2_25
	OBUFT_LVCMOS18_F_4
	OBUFT_LVTTL_S_8
	AND3
	OBUF_LVCMOS18_S_2
	IOBUF_HSTL_II
	IBUFG_HSTL_I_18
	IOBUF_LVCMOS25_S_8
	IOBUF_LVCMOS12
	OBUFT_LVTTL_S_6
	OBUFT_LVTTL
	OR3B3
	OBUF_LVTTL_F_6
	AND3B1
	IOBUF_LVDCI_33
	OBUFTDS_LDT_25
	IBUFG_HSTL_III_DCI_18
	IBUF_HSTL_IV_DCI_18
	IOBUF_SSTL3_I
	AND4B3
	IBUFDS_LVPECL_25
	OBUF_LVCMOS15_S_8
	IOBUF_LVCMOS18_S_4
	IOBUF_S_2
	IOBUF_LVCMOS25_F_16
	OBUFT_LVCMOS25_F_6
	OBUF_LVCMOS33_F_2
	IOBUF_LVCMOS33_S_12
	IBUF_AGP
	OBUF_F_4
	IBUFGDS_ULVDS_25
	IOBUF_F_12
	IBUF_SSTL3_II_DCI
	OBUFT_S_6
	FIFO18_36
	NAND5B4
	OBUF_LVCMOS12_F_8
	OR5B4
	IBUFG_GTLP_DCI
	ODDR2
	IOBUF_LVCMOS12_F_8
	OBUFT_LVDCI_DV2_33
	OBUF_LVCMOS25_F_2
	IBUF_HSTL_III
	IBUFG_SSTL2_I_DCI
	IOBUF_SSTL18_II_DCI
	SRL16
	OBUFT_LVTTL_S_4
	MULT_AND
	IOBUF_LVCMOS33_F_4
	CAPTURE_VIRTEX5
	OBUFT_LVCMOS25_S_4
	OBUF_LVCMOS15_S_12
	DCM_PS
	OBUF_LVCMOS18_F_8
	IOBUF_LVCMOS33_S_24
	NOR2B2
	IDELAY
	IOBUF_LVCMOS33_S_6
	IBUF_SSTL3_I
	IOBUF_LVDCI_25
	LDPE_1
	IOBUF_LVTTL_F_24
	NAND4B2
	RAMB36SDP
	OBUFT_LVCMOS15_F_4
	OBUF_LVCMOS33_F_4
	IOBUF_CTT
	IOBUF_HSTL_III
	OBUFT_LVCMOS25_S_24
	OBUFT_LVCMOS33_F_16
	IBUF_SSTL2_II
	OBUF_LVCMOS15_S_2
	IOBUF_LVCMOS18_F_12
	OBUFT_SSTL3_I_DCI
	NOR3B2
	IBUF_LVTTL
	FDSE_1
	AND3B2
	RAMB16_S36
	OBUF_SSTL3_I
	OR2
	RAMB16_S4_S18
	IOBUF_LVCMOS25_F_4
	IBUFDS_LVDS_25_DCI
	ROM16X1
	IBUFGDS_LVDS_25
	IBUF_SSTL18_II
	IBUFG_SSTL18_I
	OBUF_LVTTL_S_16
	IBUF_HSTL_IV_18
	IBUF_GTLP_DCI
	IOBUF_HSTL_I_18
	STARTUP_VIRTEX6
	IOBUF_LVCMOS18_S_8
	IOBUF_LVTTL_S_2
	AND2B2
	BSCAN_SPARTAN6
	IBUFG_HSTL_III
	IOBUF_LVTTL_F_8
	OBUF_HSTL_II
	RAMB16_S4_S9
	OBUF_LVTTL_F_4
	IOBUF_LVCMOS18_F_4
	OBUF_S_6
	IBUFG_LVDCI_18
	OBUFT_LVTTL_S_12
	IBUFG_SSTL2_II
	ROM256X1
	XOR4
	OBUFT_LVCMOS12_S_8
	FDRSE_1
	OBUF_SSTL18_I_DCI
	OBUF_LVCMOS25_S_4
	OBUFT_LVCMOS12_S_4
	IBUF_LVCMOS12
	MMCM_BASE
	NAND3B2
	OBUFT_HSTL_II_DCI_18
	IOBUF_S_4
	IOBUF_SSTL18_I
	OBUFT_LVCMOS15_S_2
	OBUFT_F_4
	OBUF_HSTL_II_DCI
	RAMB16_S36_S36
	ICAP_VIRTEX4
	OBUF_LVTTL_S_12
	IOBUF_S_24
	OBUFT_LVDCI_DV2_18
	IOBUF_LVCMOS18_S_16
	OBUF_LVCMOS15_F_12
	IOBUF_HSTL_II_18
	RAMB16BWE_S36_S9
	OBUF_S_24
	IOBUF_HSTL_IV_DCI_18
	IBUF_HSTL_II_DCI_18
	IOBUF_F_16
	IBUFGDS_LVDS_33
	IOBUF_PCIX66_3
	OBUFT_LVCMOS18_S_4
	RAM16X1D_1
	OBUFT_LVCMOS33_S_2
	NOR3
	BUFGMUX_VIRTEX4
	OBUFT_LVCMOS25_S_2
	IOBUF_LVCMOS18_F_16
	OBUF_LVCMOS33_S_16
	IOBUF_GTL
	STARTUP_SPARTAN3A
	OBUF_LVCMOS33_F_24
	OBUFT_S_2
	BSCAN_SPARTAN3
	OBUFTDS_LVDS_33
	OBUFDS_LDT_25
	IBUF_SSTL18_I_DCI
	IBUFG_SSTL3_II
	OR2B1
	OBUFT_LVCMOS12_F_6
	OBUF_HSTL_IV_DCI
	RAMB18SDP
	OR5B1
	OBUF_LVCMOS33_S_24
	OBUFT_AGP
	OBUF_S_8
	NOR4B2
	BSCAN_SPARTAN3A
	IBUFG_CTT
	STARTUP_VIRTEX5
	IOBUF_LVCMOS18_F_8
	OBUF_LVCMOS2
	MUXF6
	AND5
	MUXF6_L
	OBUF_HSTL_III_DCI_18
	OBUF_LVCMOS18_F_2
	IBUFG_HSTL_II
	LDCPE_1
	OBUF_HSTL_II_18
	IOBUF_LVTTL_F_2
	OBUFT_LVCMOS33_S_8
	IOBUF_LVDCI_DV2_18
	CAPTURE_SPARTAN3
	STARTUP_VIRTEX4
	IBUF_PCIX66_3
	IOBUF_SSTL2_II
	IBUF_LVDS
	OBUFT_LVCMOS15_F_12
	IBUFG_LVCMOS15
	MUXCY_L
	OBUF_S_2
	OBUF_LVTTL_S_24
	NAND2B2
	IOBUF_LVTTL_F_6
	OBUF_PCIX
	OBUFT_LVDCI_33
	IOBUF_LVCMOS12_S_6
	IBUFG_HSTL_I_DCI
	MUXF7_D
	OBUFT_GTL
	OBUF_LVCMOS25_S_8
	RAMB16_S1_S18
	OBUFT_PCIX66_3
	MULT18X18S
	IOBUF_LVCMOS12_F_2
	RAM64X1D_1
	IBUF_HSTL_I_18
	IOBUF_LVCMOS25_F_2
	RAMB16_S1_S4
	OBUFT_CTT
	OBUFT_F_16
	OBUF_SSTL2_I
	IOBUF_LVCMOS18_S_12
	OBUFT_LVTTL_F_12
	IOBUF_LVTTL_S_4
	IOBUF_LVTTL_S_8
	FIFO36
	OBUF_CTT
	OBUF_LVTTL
	IOBUF_LVCMOS15_F_8
	BSCAN_VIRTEX5
	RAM32X1D_1
	OBUF_LVCMOS12_F_6
	IBUFG_HSTL_III_18
	OBUF_LVCMOS25_S_6
	RAMB16_S1_S36
	OBUF_LVCMOS33_F_16
	IBUFG_SSTL18_I_DCI
	LUT2_L
	OBUF_LVCMOS15_F_16
	OBUF_F_16
	NAND5B2
	AND2
	IBUFG_LVPECL
	OBUF_LVPECL
	IBUFDS_BLVDS_25
	NOR2
	OBUF_HSTL_III_18
	IOBUF_PCI33_5
	OBUFT_HSTL_I
	OBUF_LVCMOS18
	IOBUFDS_BLVDS_25
	IBUFG_LVCMOS18
	IBUF_HSTL_III_DCI
	IBUFG_PCIX
	OBUF_PCI33_5
	OBUF_SSTL18_I
	OBUF_LVCMOS25_S_2
	IBUFG_LVCMOS25
	OBUFT_LVCMOS33_S_12
	IOBUF_SSTL3_II
	OBUF_LVDCI_DV2_18
	RAMB16_S9_S36
	OBUF_SSTL3_I_DCI
	OBUFT_HSTL_II
	XORCY_L
	OBUF_LVDCI_15
	MUXF8_D
	ROM32X1
	OBUFT_LVCMOS18_S_8
	OBUFT_SSTL2_I
	IBUFG_SSTL3_II_DCI
	NOR5B2
	IOBUF_LVCMOS33_S_16
	OR5B2
	IBUFDS_LVDSEXT_33
	OBUF_LVCMOS25_F_12
	IDDR2
	NOR2B1
	OBUFT_LVCMOS15
	AND5B3
	XOR5
	IBUF_LVCMOS15
	OBUFT_LVCMOS18_S_2
	DSP48A1
	OBUFT_LVCMOS33_F_8
	FDE_1
	IOBUF_LVCMOS33_F_8
	OBUFT_SSTL2_II_DCI
	IBUFGDS_LVDSEXT_33
	IOBUF_LVCMOS18_S_2
	IBUF_PCI66_3
	OBUFT_HSTL_II_18
	OBUF_LVDCI_25
	MULT18X18SIO
	RAM16X2S
	OBUFT_LVCMOS12_F_4
	OBUF_LVCMOS12_S_8
	MUXF5_L
	OBUF_LVCMOS33_S_12
	OBUFTDS_LVDSEXT_33
	IBUFG_LVDCI_DV2_25
	IOBUF_F_4
	RAMB16BWE_S36_S18
	NAND3B1
	OBUFT_LVCMOS12_S_2
	OBUF_SSTL2_II_DCI
	OBUFDS_LVPECL_33
	IBUFG_SSTL3_I
	RAM32X4S
	NOR4B4
	OBUFT_F_8
	OBUFT_S_24
	OR4B1
	IOBUF_LVCMOS18
	RAM16X8S
	AND5B5
	AND4B4
	IBUF_PCIX
	OBUFT_GTLP_DCI
	OBUF_LVCMOS18_F_16
	OBUF_LVCMOS18_S_16
	OBUF_LVDCI_DV2_15
	IBUF_SSTL2_I
	OBUF_LVCMOS25_S_12
	OBUFT_F_2
	IBUF_SSTL2_I_DCI
	OBUFT_LVCMOS33_F_24
	AND4
	XNOR5
	FRAME_ECC_VIRTEX6
	IBUFG_PCI33_5
	IBUFG_LVCMOS33
	OR4
	MUXF5_D
	LUT3_L
	OBUF_LVCMOS33_S_6
	IBUFDS_LVDSEXT_33_DCI
	IBUFG_HSTL_IV_18
	RAMB16_S1_S1
	IOBUF_SSTL3_II_DCI
	CAPTURE_VIRTEX4
	RAMB16_S9_S18
	IOBUF_S_16
	MUXCY_D
	FD_1
	LUT5_L
	IOBUF_LVTTL_F_16
	SRL16_1
	FDCPE
	USR_ACCESS_VIRTEX5
	FDR
	OBUFT_LVCMOS15_S_6
	OBUFT_SSTL3_II
	FIFO18
	IBUF_HSTL_III_DCI_18
	IODELAY
	OBUF_S_12
	RAM32X1S_1
	IOBUF_LVCMOS33_S_8
	OBUFTDS_BLVDS_25
	IOBUF_LVCMOS25_S_4
	FDC
	IBUFG_SSTL2_II_DCI
	SRL16E_1
	NOR5B5
	GTXE1
	OBUFT_LVCMOS33_S_24
	IOBUF_HSTL_IV_DCI
	LUT6_L
	OBUF_LVTTL_F_24
	OBUF_LVCMOS25_F_6
	OBUF_LVCMOS12_F_2
	OBUFT_HSTL_IV
	AND4B1
	OBUFT_LVPECL
	IODELAYE1
	IOBUF_LVCMOS15_S_12
	OBUFT_GTL_DCI
	IOBUF_LVCMOS18_F_6
	LDCP_1
	IOBUF_LVCMOS15_S_16
	IOBUF_LVTTL_S_16
	OBUF_LVCMOS33
	OBUF_LVCMOS18_S_6
	OBUFT_LVTTL_F_8
	OBUF_LVTTL_S_4
	OBUF_LVCMOS18_S_12
	OBUF_SSTL2_II
	IBUFGDS_LVDS_25_DCI
	IBUFG_LVCMOS12
	OBUFDS_ULVDS_25
	XOR3
	OBUFT_HSTL_II_DCI
	OBUF_LVCMOS33_S_4
	OBUFT_HSTL_IV_18
	IBUFG_LVTTL
	OBUFT_SSTL18_II_DCI
	IBUF_HSTL_II_18
	RAM16X1S
	OBUFT_LVCMOS15_S_8
	RAMB16_S1_S2
	IOBUF_LVCMOS15_S_4
	IBUF_SSTL3_I_DCI
	OBUF_LVCMOS33_F_12
	IBUF_LVCMOS18
	DCM_BASE
	OBUFT_S_12
	RAMB16_S9_S9
	LDCE_1
	OBUFT_LVCMOS25_F_8
	DCM
	IOBUF_LVCMOS18_S_6
	NAND2
	BSCAN_VIRTEX6
	IOBUF_PCI33_3
	OBUFT_LVCMOS18_S_6
	OBUF_LVCMOS15_S_4
	MUXF6_D
	IBUFDS_GTXE1
	IBUFG_SSTL18_II_DCI
	OBUF_LVCMOS12_S_2
	IBUF_CTT
	OBUFT_LVCMOS18_S_16
	MUXF5
	RAM64X2S
	OBUF_LVTTL_F_12
	OR5B5
	OBUFT_LVCMOS25_F_24
	IOBUF_LVCMOS12_F_4
	OBUF_GTL_DCI
	IBUFG_HSTL_II_DCI
	OR3
	IOBUF_HSTL_III_18
	NOR5
	AND5B1
	OR3B2
	OBUF_LVCMOS33_F_6
	OBUF_LVCMOS33_S_8
	OBUF_S_16
	NAND4
	OBUFT_HSTL_I_18
	ICAP_VIRTEX6
	OBUFT_LVDCI_25
	OBUFT_LVCMOS33_S_16
	FDRE_1
	IOBUF_F_24
	RAMB16
	IBUFG_PCI33_3
	LDC_1
	IOBUF_LVDCI_DV2_25
	SRL32E
	IBUFG_PCIX66_3
	IBUFG_SSTL2_I
	IBUFGDS_LVDSEXT_25_DCI
	OBUF_LVDCI_33
	OBUF_HSTL_I_DCI
	NOR4
	SRLC16
	NOR5B3
	OBUFT_LVCMOS33_F_6
	OBUF_HSTL_I_DCI_18
	IBUF_HSTL_IV
	OBUFT_PCI66_3
	IBUFG_GTL_DCI
	IBUF_LVDCI_DV2_25
	OBUF_SSTL18_II_DCI
	OBUFT_SSTL3_I
	OBUFT_LVCMOS18_F_6
	RAMB16_S4
	OBUF_LVCMOS15
	OBUF_HSTL_I_18
	IOBUF_LVTTL_S_24
	OBUF_SSTL18_II
	XNOR4
	IOBUF_PCIX
	OBUF_LVCMOS33_F_8
	IBUFDS_LVDSEXT_25_DCI
	IOBUF_HSTL_II_DCI_18
	OBUFT_LVCMOS15_F_8
	IBUFGDS_LVPECL_33
	OBUFT_LVCMOS25_F_16
	IBUF_HSTL_II_DCI
	LD_1
	IBUF_GTL_DCI
	OBUF_PCI66_3
	RAMB36
	IOBUF_LVTTL_S_6
	OBUFT_LVTTL_S_16
	IOBUF_SSTL2_I
	RAMB18
	RAMB16_S1_S9
	OBUF_HSTL_I
	IOBUF_LVCMOS25_S_12
	OBUF_HSTL_III_DCI
	OBUFT_LVDCI_15
	OBUFT_LVCMOS25_F_4
	OBUFT_LVTTL_F_4
	OBUF_LVTTL_S_8
	IOBUF_LVCMOS12_F_6
	OBUF_LVCMOS25_F_24
	RAMB16BWE_S36
	OBUFT_LVCMOS15_F_16
	NOR5B1
	OBUFTDS_LVDSEXT_25
	OBUF_PCIX66_3
	IOBUF_LVCMOS15_F_6
	OBUF_HSTL_IV_DCI_18
	RAM16X1S_1
	IOBUF_LVCMOS12_S_2
	OBUFT_LVCMOS12
	OBUFT_LVCMOS25_S_8
	PLL_ADV
	OBUF_F_24
	IOBUF_SSTL2_II_DCI
	LDCP
	IBUFG_SSTL3_I_DCI
	OBUFT_F_12
	FD
	IBUFDS_LDT_25
	IBUFDS_LVDS_25
	LDP
	NAND2B1
	OBUFT_HSTL_I_DCI
	LUT6_D
	OR5B3
	BUFGMUX
	OBUF_HSTL_IV
	IOBUF_LVTTL_S_12
	NOR5B4
	OBUFT_SSTL2_II
	OR3B1
	FDS
	IOBUF_LVCMOS15_F_4
	OBUF_LVCMOS12_F_4
	IBUF_HSTL_III_18
	IOBUF_S_8
	DSP48A
	AND2B1
	USR_ACCESS_VIRTEX6
	OBUFT_LVCMOS25_S_16
	OBUFDS_LVPECL_25
	IBUFGDS_LVDSEXT_25
	KEY_CLEAR
	IOBUF_LVCMOS25_F_6
	OR4B2
	OBUFT_S_4
	OBUFTDS_LVDS_25
	LUT5_D
	RAMB16_S2_S36
	IBUFG_HSTL_II_DCI_18
	SYSMON
	IOBUF_HSTL_II_DCI
	OBUF_HSTL_II_DCI_18
	NAND3B3
	LDP_1
	OBUFTDS_LVPECL_33
	OBUFT_LVCMOS33
	IOBUF_F_2
	NAND5B3
	AND5B4
	IBUF_LVDCI_DV2_33
	RAM16X4S
	OBUF_LVTTL_S_2
	FDP_1
	OBUFT_LVTTL_F_16
	RAMB16_S18_S36
	NOR3B1
	IBUFG_LVDCI_DV2_33
	OBUFTDS_ULVDS_25
	OBUF_LVCMOS12
	IOBUF_LVDCI_18
	IBUFG_HSTL_I_DCI_18
	OBUF_F_8
	OBUFT_LVCMOS18_F_12
	XNOR3
	IBUF_LVDCI_25
	OBUF_LVTTL_F_16
	IBUFG_HSTL_III_DCI
	IOBUF_LVCMOS25_S_2
	OBUFT_LVDCI_DV2_15
	OBUFT_HSTL_IV_DCI
	OBUFT_LVTTL_S_2
	RAMB16BWE
	IOBUF_LVCMOS18_F_2
	TEMAC_SINGLE
	OBUF_LVCMOS25_F_8
	OBUFT_F_6
	OBUF_AGP
	LD
	OBUFDS_LVDSEXT_25
	OBUF_GTLP
	IOBUF_LVCMOS33_F_2
	IBUFGDS_LVPECL_25
	OBUFDS_LVDS_33
	BUFGMUX_CTRL
	OBUF_LVCMOS25_S_16
	IOBUF_F_8
	OBUF_LVTTL_F_2
	IOBUF_LVCMOS33_S_2
	IBUFGDS_DIFF_OUT
	IBUF_HSTL_I_DCI
	OBUF_LVDCI_18
	PLL_BASE
	ICAP_VIRTEX5
	IBUF_HSTL_IV_DCI
	BUFIO2
	IBUFG_PCI66_3
	NOR4B3
	OBUF_LVCMOS33_S_2
	RAMB16_S1
	IOBUF_F_6
	OBUF_LVCMOS15_F_2
	IBUFG_HSTL_IV_DCI
	OBUFT_SSTL18_I
	IBUFDS_LVDS_33_DCI
	IBUFG_HSTL_I
	IOBUF_LVDCI_15
	OBUFT_HSTL_I_DCI_18
	IOBUF_LVCMOS33_F_24
	NAND5B1
	IBUF_HSTL_II
	OBUFT_LVTTL_S_24
	OBUFT_LVDCI_DV2_25
	OBUFT_LVCMOS25_F_12
	OBUF_LVTTL_S_6
	OBUF_LVCMOS12_S_4
	OBUF_GTLP_DCI
	ROM128X1
	OBUFT_LVCMOS15_S_16
	IBUF_LVCMOS25
	IBUF_LVDCI_DV2_15
	FDCE_1
	OBUFDS_LVDSEXT_33
	IBUF_LVCMOS2
	IBUFG_LVCMOS2
	FDRS
	STARTUP_SPARTAN3
	NOR4B1
	OBUFT_HSTL_III_18
End time: 10:54:19 on Jun 21,2019, Elapsed time: 0:00:03
Errors: 0, Warnings: 0
Model Technology ModelSim SE-64 vlog 10.6b Compiler 2017.05 May 25 2017
Start time: 10:54:19 on Jun 21,2019
vlog -source -64 -sv -work unisims_ver -f /home/dmonk/Firmware/DTC-firmware/DTC-front/DTC-front.cache/compile_simlib/modelsim/unisims_ver/.cxl.systemverilog.unisim.unisims_ver.lin64.cmf 
-- Compiling module HSADC
-- Compiling module HSDAC
-- Compiling module GTM_DUAL

Top level modules:
	HSADC
	HSDAC
	GTM_DUAL
End time: 10:54:19 on Jun 21,2019, Elapsed time: 0:00:00
Errors: 0, Warnings: 0
