Model Technology ModelSim SE-64 vmap 10.6b Lib Mapping Utility 2017.05 May 25 2017
vmap v_smpte_uhdsdi_rx_v1_0_0 /home/dmonk/Firmware/DTC-firmware/DTC-front/DTC-front.cache/compile_simlib/modelsim/v_smpte_uhdsdi_rx_v1_0_0 
Modifying modelsim.ini
Model Technology ModelSim SE-64 vlog 10.6b Compiler 2017.05 May 25 2017
Start time: 13:03:51 on May 03,2019
vlog -64 "+incdir+/home/dmonk/.cxl.ip/incl" -work v_smpte_uhdsdi_rx_v1_0_0 -f /home/dmonk/Firmware/DTC-firmware/DTC-front/DTC-front.cache/compile_simlib/modelsim/v_smpte_uhdsdi_rx_v1_0_0/.cxl.verilog.v_smpte_uhdsdi_rx_v1_0_0.v_smpte_uhdsdi_rx_v1_0_0.lin64.cmf 
-- Compiling module v_smpte_uhdsdi_rx_v1_0_0_edh_fly_horz
-- Compiling module v_smpte_uhdsdi_rx_v1_0_0_decoder
-- Compiling module v_smpte_uhdsdi_rx_v1_0_0_framer
-- Compiling module v_smpte_uhdsdi_rx_v1_0_0_edh_errcnt
-- Compiling module v_smpte_uhdsdi_rx_v1_0_0_st352_pid_capture
-- Compiling module v_smpte_uhdsdi_rx_v1_0_0_edh_crc
-- Compiling module v_smpte_uhdsdi_rx_v1_0_0_edh_autodetect
-- Compiling module v_smpte_uhdsdi_rx_v1_0_0_demux_4
-- Compiling module v_smpte_uhdsdi_rx_v1_0_0_edh_flags
-- Compiling module v_smpte_uhdsdi_rx_v1_0_0_trs_restore
-- Compiling module v_smpte_uhdsdi_rx_v1_0_0_edh_video_decode
-- Compiling module v_smpte_uhdsdi_rx_v1_0_0_edh_processor
-- Compiling module v_smpte_uhdsdi_rx_v1_0_0_edh_rx
-- Compiling module v_smpte_uhdsdi_rx_v1_0_0_edh_tx
-- Compiling module v_smpte_uhdsdi_rx_v1_0_0_autorate
-- Compiling module v_smpte_uhdsdi_rx_v1_0_0_edh_loc
-- Compiling module v_smpte_uhdsdi_rx_v1_0_0_edh_fly_fsm
-- Compiling module v_smpte_uhdsdi_rx_v1_0_0_edh_fly_field
-- Compiling module v_smpte_uhdsdi_rx_v1_0_0_edh_crc16
-- Compiling module v_smpte_uhdsdi_rx_v1_0_0_transport_detect
-- Compiling module v_smpte_uhdsdi_rx_v1_0_0_edh_anc_rx
-- Compiling module v_smpte_uhdsdi_rx_v1_0_0_edh_flywheel
-- Compiling module v_smpte_uhdsdi_rx_v1_0_0_edh_fly_vert
-- Compiling module v_smpte_uhdsdi_rx_v1_0_0_to_demux
-- Compiling module v_smpte_uhdsdi_rx_v1_0_0_crc
-- Compiling module v_smpte_uhdsdi_rx_v1_0_0_crc2
-- Compiling module v_smpte_uhdsdi_rx_v1_0_0_edh_trs_detect
-- Compiling module v_smpte_uhdsdi_rx_v1_0_0_s00_axi
-- Compiling module v_smpte_uhdsdi_rx_v1_0_0_rx
-- Compiling module v_smpte_uhdsdi_rx_v1_0_0

Top level modules:
	v_smpte_uhdsdi_rx_v1_0_0
End time: 13:03:51 on May 03,2019, Elapsed time: 0:00:00
Errors: 0, Warnings: 0
