Model Technology ModelSim SE-64 vmap 10.6b Lib Mapping Utility 2017.05 May 25 2017
vmap lib_srl_fifo_v1_0_2 /home/dmonk/Firmware/DTC-firmware/DTC-front/DTC-front.cache/compile_simlib/modelsim/lib_srl_fifo_v1_0_2 
Modifying modelsim.ini
Model Technology ModelSim SE-64 vcom 10.6b Compiler 2017.05 May 25 2017
Start time: 10:56:48 on Jun 21,2019
vcom -64 -93 -work lib_srl_fifo_v1_0_2 -f /home/dmonk/Firmware/DTC-firmware/DTC-front/DTC-front.cache/compile_simlib/modelsim/lib_srl_fifo_v1_0_2/.cxl.vhdl.lib_srl_fifo_v1_0_2.lib_srl_fifo_v1_0_2.lin64.cmf 
-- Loading package STANDARD
-- Loading package TEXTIO
-- Loading package std_logic_1164
-- Compiling entity cntr_incr_decr_addn_f
-- Loading package NUMERIC_STD
-- Compiling architecture imp of cntr_incr_decr_addn_f
-- Loading package std_logic_arith
-- Loading package STD_LOGIC_UNSIGNED
-- Loading package lib_pkg
-- Compiling entity dynshreg_f
-- Compiling architecture behavioral of dynshreg_f
-- Compiling entity srl_fifo_rbu_f
-- Compiling architecture imp of srl_fifo_rbu_f
-- Loading entity cntr_incr_decr_addn_f
-- Loading entity dynshreg_f
-- Compiling entity srl_fifo_f
-- Compiling architecture imp of srl_fifo_f
-- Loading entity srl_fifo_rbu_f
End time: 10:56:48 on Jun 21,2019, Elapsed time: 0:00:00
Errors: 0, Warnings: 0
