Model Technology ModelSim SE-64 vmap 10.6b Lib Mapping Utility 2017.05 May 25 2017
vmap axis_interconnect_v1_1_16 /home/dmonk/Firmware/DTC-firmware/DTC-front/DTC-front.cache/compile_simlib/modelsim/axis_interconnect_v1_1_16 
Modifying modelsim.ini
Model Technology ModelSim SE-64 vlog 10.6b Compiler 2017.05 May 25 2017
Start time: 13:06:39 on May 03,2019
vlog -64 "+incdir+/home/dmonk/.cxl.ip/incl" -work axis_interconnect_v1_1_16 -f /home/dmonk/Firmware/DTC-firmware/DTC-front/DTC-front.cache/compile_simlib/modelsim/axis_interconnect_v1_1_16/.cxl.verilog.axis_interconnect_v1_1_16.axis_interconnect_v1_1_16.lin64.cmf 
-- Compiling module axis_interconnect_v1_1_16_axisc_sync_clock_converter
-- Compiling module axis_interconnect_v1_1_16_axisc_sample_cycle_ratio
-- Compiling module axis_interconnect_v1_1_16_axis_clock_converter
-- Compiling module axis_interconnect_v1_1_16_axis_data_fifo
-- Compiling module axis_interconnect_v1_1_16_arb_rr
-- Compiling module axis_interconnect_v1_1_16_axisc_decoder
-- Compiling module axis_interconnect_v1_1_16_axisc_transfer_mux
-- Compiling module axis_interconnect_v1_1_16_axisc_arb_responder
-- Compiling module axis_interconnect_v1_1_16_axis_switch_arbiter
-- Compiling module axis_interconnect_v1_1_16_dynamic_priority_encoder
-- Compiling module axis_interconnect_v1_1_16_axis_switch
-- Compiling module axis_interconnect_v1_1_16_axis_subset_converter
-- Compiling module axis_interconnect_v1_1_16_mux_enc
-- Compiling module axis_interconnect_v1_1_16_util_aclken_converter
-- Compiling module axis_interconnect_v1_1_16_util_aclken_converter_wrapper
-- Compiling module axis_interconnect_v1_1_16_util_axis2vector
-- Compiling module axis_interconnect_v1_1_16_util_vector2axis
-- Compiling module axis_interconnect_v1_1_16_axisc_register_slice
-- Compiling module axis_interconnect_v1_1_16_axis_register_slice
-- Compiling module axis_interconnect_v1_1_16_axisc_downsizer
-- Compiling module axis_interconnect_v1_1_16_axisc_upsizer
-- Compiling module axis_interconnect_v1_1_16_axis_dwidth_converter
-- Compiling module axis_interconnect_v1_1_16_dynamic_datapath
-- Compiling module axis_interconnect_v1_1_16_axis_interconnect
-- Compiling module axis_interconnect_v1_1_16_axis_interconnect_16x16_top

Top level modules:
	axis_interconnect_v1_1_16_axis_interconnect_16x16_top
End time: 13:06:39 on May 03,2019, Elapsed time: 0:00:00
Errors: 0, Warnings: 0
