Model Technology ModelSim SE-64 vmap 10.6b Lib Mapping Utility 2017.05 May 25 2017
vmap v_dual_splitter_v1_0_9 /home/dmonk/Firmware/DTC-firmware/DTC-front/DTC-front.cache/compile_simlib/modelsim/v_dual_splitter_v1_0_9 
Modifying modelsim.ini
Model Technology ModelSim SE-64 vcom 10.6b Compiler 2017.05 May 25 2017
Start time: 13:07:01 on May 03,2019
vcom -64 -93 -work v_dual_splitter_v1_0_9 -f /home/dmonk/Firmware/DTC-firmware/DTC-front/DTC-front.cache/compile_simlib/modelsim/v_dual_splitter_v1_0_9/.cxl.vhdl.v_dual_splitter_v1_0_9.v_dual_splitter_v1_0_9.lin64.cmf 
-- Loading package STANDARD
-- Loading package TEXTIO
-- Loading package std_logic_1164
-- Loading package NUMERIC_STD
-- Compiling entity fifo_generator_0
-- Compiling architecture fifo_generator_0_arch of fifo_generator_0
-- Compiling entity fifo_generator_1
-- Compiling architecture fifo_generator_1_arch of fifo_generator_1
-- Loading package std_logic_arith
-- Loading package STD_LOGIC_SIGNED
-- Compiling entity video_ctrl_wrapper
-- Compiling architecture RTL of video_ctrl_wrapper
End time: 13:07:01 on May 03,2019, Elapsed time: 0:00:00
Errors: 0, Warnings: 0
