
*** Running vivado
    with args -log top.vds -m64 -product Vivado -mode batch -messageDb vivado.pb -notrace -source top.tcl


****** Vivado v2018.3 (64-bit)
  **** SW Build 2405991 on Thu Dec  6 23:36:41 MST 2018
  **** IP Build 2404404 on Fri Dec  7 01:43:56 MST 2018
    ** Copyright 1986-2018 Xilinx, Inc. All Rights Reserved.

source top.tcl -notrace
Command: synth_design -top top -part xcku15p-ffva1760-2-e
Starting synth_design
Attempting to get a license for feature 'Synthesis' and/or device 'xcku15p'
INFO: [Common 17-349] Got license for feature 'Synthesis' and/or device 'xcku15p'
INFO: [Common 17-1540] The version limit for your license is '2018.12' and has expired for new software. A version limit expiration means that, although you may be able to continue to use the current version of tools or IP with this license, you will not be eligible for any updates or new releases.
INFO: Launching helper process for spawning children vivado processes
INFO: Helper process launched with PID 30843 
---------------------------------------------------------------------------------
Starting RTL Elaboration : Time (s): cpu = 00:00:01 ; elapsed = 00:00:02 . Memory (MB): peak = 1422.344 ; gain = 27.000 ; free physical = 46633 ; free virtual = 60506
---------------------------------------------------------------------------------
ERROR: [Synth 8-1031] hread is not declared [/home/dmonk/Firmware/DTC-firmware/DTC-front/DTC-front.srcs/sources_1/new/LinkGenerator.vhd:57]
INFO: [Synth 8-2810] unit behavioral ignored due to previous errors [/home/dmonk/Firmware/DTC-firmware/DTC-front/DTC-front.srcs/sources_1/new/LinkGenerator.vhd:39]
---------------------------------------------------------------------------------
Finished RTL Elaboration : Time (s): cpu = 00:00:02 ; elapsed = 00:00:02 . Memory (MB): peak = 1468.094 ; gain = 72.750 ; free physical = 46650 ; free virtual = 60519
---------------------------------------------------------------------------------
RTL Elaboration failed
INFO: [Common 17-83] Releasing license: Synthesis
4 Infos, 0 Warnings, 0 Critical Warnings and 2 Errors encountered.
synth_design failed
ERROR: [Common 17-69] Command failed: Synthesis failed - please see the console or run log file for details
INFO: [Common 17-206] Exiting Vivado at Tue Jun 11 10:01:41 2019...
