Model Technology ModelSim SE-64 vmap 10.6b Lib Mapping Utility 2017.05 May 25 2017
vmap axis_infrastructure_v1_1_0 /home/dmonk/Firmware/DTC-firmware/DTC-front/DTC-front.cache/compile_simlib/modelsim/axis_infrastructure_v1_1_0 
Modifying modelsim.ini
Model Technology ModelSim SE-64 vlog 10.6b Compiler 2017.05 May 25 2017
Start time: 13:04:16 on May 03,2019
vlog -64 "+incdir+/home/dmonk/.cxl.ip/incl" -work axis_infrastructure_v1_1_0 -f /home/dmonk/Firmware/DTC-firmware/DTC-front/DTC-front.cache/compile_simlib/modelsim/axis_infrastructure_v1_1_0/.cxl.verilog.axis_infrastructure_v1_1_0.axis_infrastructure_v1_1_0.lin64.cmf 
-- Compiling module axis_infrastructure_v1_1_0_mux_enc
-- Compiling module axis_infrastructure_v1_1_0_util_aclken_converter
-- Compiling module axis_infrastructure_v1_1_0_util_aclken_converter_wrapper
-- Compiling module axis_infrastructure_v1_1_0_util_axis2vector
-- Compiling module axis_infrastructure_v1_1_0_util_vector2axis
-- Compiling module axis_infrastructure_v1_1_0_clock_synchronizer
-- Compiling module axis_infrastructure_v1_1_0_cdc_handshake

Top level modules:
	axis_infrastructure_v1_1_0_mux_enc
	axis_infrastructure_v1_1_0_util_aclken_converter_wrapper
	axis_infrastructure_v1_1_0_clock_synchronizer
	axis_infrastructure_v1_1_0_cdc_handshake
End time: 13:04:16 on May 03,2019, Elapsed time: 0:00:00
Errors: 0, Warnings: 0
