Model Technology ModelSim SE-64 vmap 10.6b Lib Mapping Utility 2017.05 May 25 2017
vmap axi_pcie_v2_9_0 /home/dmonk/Firmware/DTC-firmware/DTC-front/DTC-front.cache/compile_simlib/modelsim/axi_pcie_v2_9_0 
Modifying modelsim.ini
Model Technology ModelSim SE-64 vcom 10.6b Compiler 2017.05 May 25 2017
Start time: 10:56:47 on Jun 21,2019
vcom -64 -93 -work axi_pcie_v2_9_0 -f /home/dmonk/Firmware/DTC-firmware/DTC-front/DTC-front.cache/compile_simlib/modelsim/axi_pcie_v2_9_0/.cxl.vhdl.axi_pcie_v2_9_0.axi_pcie_v2_9_0.lin64.cmf 
-- Loading package STANDARD
-- Loading package TEXTIO
-- Loading package std_logic_1164
-- Loading package std_logic_arith
-- Loading package STD_LOGIC_UNSIGNED
-- Loading package NUMERIC_STD
-- Loading package ATTRIBUTES
-- Loading package std_logic_misc
-- Compiling entity axi_enhanced_pcie
-- Compiling architecture structure of axi_enhanced_pcie
-- Compiling package axi_pcie_mm_s_pkg
-- Loading package axi_pcie_mm_s_pkg
-- Compiling entity axi_mm_masterbridge_rd
-- Compiling architecture behavioral of axi_mm_masterbridge_rd
** Warning: /opt/Xilinx/Vivado/2018.3/data/ip/xilinx/axi_pcie_v2_9/hdl/axi_pcie_v2_9_rfs.vhd(2731): Nonresolved signal 'rddatasmsig' may have multiple sources.
  Drivers:
    /opt/Xilinx/Vivado/2018.3/data/ip/xilinx/axi_pcie_v2_9/hdl/axi_pcie_v2_9_rfs.vhd(3072):Process axi_wr_master_data
       Driven at:
          /opt/Xilinx/Vivado/2018.3/data/ip/xilinx/axi_pcie_v2_9/hdl/axi_pcie_v2_9_rfs.vhd(3077)
    /opt/Xilinx/Vivado/2018.3/data/ip/xilinx/axi_pcie_v2_9/hdl/axi_pcie_v2_9_rfs.vhd(2995):Process axi_wr_master_data
       Driven at:
          /opt/Xilinx/Vivado/2018.3/data/ip/xilinx/axi_pcie_v2_9/hdl/axi_pcie_v2_9_rfs.vhd(3000)
    /opt/Xilinx/Vivado/2018.3/data/ip/xilinx/axi_pcie_v2_9/hdl/axi_pcie_v2_9_rfs.vhd(2921):Process axi_wr_master_data
       Driven at:
          /opt/Xilinx/Vivado/2018.3/data/ip/xilinx/axi_pcie_v2_9/hdl/axi_pcie_v2_9_rfs.vhd(2926)
-- Compiling entity axi_mm_masterbridge_wr
-- Compiling architecture behavioral of axi_mm_masterbridge_wr
** Warning: /opt/Xilinx/Vivado/2018.3/data/ip/xilinx/axi_pcie_v2_9/hdl/axi_pcie_v2_9_rfs.vhd(3448): Nonresolved signal 'wrdatasmsig' may have multiple sources.
  Drivers:
    /opt/Xilinx/Vivado/2018.3/data/ip/xilinx/axi_pcie_v2_9/hdl/axi_pcie_v2_9_rfs.vhd(3748):Process axi_wr_master_data
       Driven at:
          /opt/Xilinx/Vivado/2018.3/data/ip/xilinx/axi_pcie_v2_9/hdl/axi_pcie_v2_9_rfs.vhd(3755)
    /opt/Xilinx/Vivado/2018.3/data/ip/xilinx/axi_pcie_v2_9/hdl/axi_pcie_v2_9_rfs.vhd(3644):Process axi_wr_master_data
       Driven at:
          /opt/Xilinx/Vivado/2018.3/data/ip/xilinx/axi_pcie_v2_9/hdl/axi_pcie_v2_9_rfs.vhd(3651)
    /opt/Xilinx/Vivado/2018.3/data/ip/xilinx/axi_pcie_v2_9/hdl/axi_pcie_v2_9_rfs.vhd(3585):Process axi_wr_master_data
       Driven at:
          /opt/Xilinx/Vivado/2018.3/data/ip/xilinx/axi_pcie_v2_9/hdl/axi_pcie_v2_9_rfs.vhd(3592)
-- Compiling entity array_arith
-- Compiling architecture rtl of array_arith
-- Compiling entity axi_s_masterbridge_rd
-- Compiling architecture behavioral of axi_s_masterbridge_rd
** Warning: /opt/Xilinx/Vivado/2018.3/data/ip/xilinx/axi_pcie_v2_9/hdl/axi_pcie_v2_9_rfs.vhd(4269): Nonresolved signal 'rdreqsmsig' may have multiple sources.
  Drivers:
    /opt/Xilinx/Vivado/2018.3/data/ip/xilinx/axi_pcie_v2_9/hdl/axi_pcie_v2_9_rfs.vhd(6474):Process rd_master_ingress
       Driven at:
          /opt/Xilinx/Vivado/2018.3/data/ip/xilinx/axi_pcie_v2_9/hdl/axi_pcie_v2_9_rfs.vhd(6487)
    /opt/Xilinx/Vivado/2018.3/data/ip/xilinx/axi_pcie_v2_9/hdl/axi_pcie_v2_9_rfs.vhd(5383):Process rd_master_ingress
       Driven at:
          /opt/Xilinx/Vivado/2018.3/data/ip/xilinx/axi_pcie_v2_9/hdl/axi_pcie_v2_9_rfs.vhd(5396)
    /opt/Xilinx/Vivado/2018.3/data/ip/xilinx/axi_pcie_v2_9/hdl/axi_pcie_v2_9_rfs.vhd(4479):Process rd_master_ingress
       Driven at:
          /opt/Xilinx/Vivado/2018.3/data/ip/xilinx/axi_pcie_v2_9/hdl/axi_pcie_v2_9_rfs.vhd(4492)
** Warning: /opt/Xilinx/Vivado/2018.3/data/ip/xilinx/axi_pcie_v2_9/hdl/axi_pcie_v2_9_rfs.vhd(4279): Nonresolved signal 'cpltlpsmsig' may have multiple sources.
  Drivers:
    /opt/Xilinx/Vivado/2018.3/data/ip/xilinx/axi_pcie_v2_9/hdl/axi_pcie_v2_9_rfs.vhd(7219):Process cpl_master_egress
       Driven at:
          /opt/Xilinx/Vivado/2018.3/data/ip/xilinx/axi_pcie_v2_9/hdl/axi_pcie_v2_9_rfs.vhd(7224)
    /opt/Xilinx/Vivado/2018.3/data/ip/xilinx/axi_pcie_v2_9/hdl/axi_pcie_v2_9_rfs.vhd(6147):Process cpl_master_egress
       Driven at:
          /opt/Xilinx/Vivado/2018.3/data/ip/xilinx/axi_pcie_v2_9/hdl/axi_pcie_v2_9_rfs.vhd(6152)
    /opt/Xilinx/Vivado/2018.3/data/ip/xilinx/axi_pcie_v2_9/hdl/axi_pcie_v2_9_rfs.vhd(5101):Process cpl_master_egress
       Driven at:
          /opt/Xilinx/Vivado/2018.3/data/ip/xilinx/axi_pcie_v2_9/hdl/axi_pcie_v2_9_rfs.vhd(5105)
** Warning: /opt/Xilinx/Vivado/2018.3/data/ip/xilinx/axi_pcie_v2_9/hdl/axi_pcie_v2_9_rfs.vhd(4287): Nonresolved signal 'cplndtlpsmsig' may have multiple sources.
  Drivers:
    /opt/Xilinx/Vivado/2018.3/data/ip/xilinx/axi_pcie_v2_9/hdl/axi_pcie_v2_9_rfs.vhd(7113):Process cplnd_master_egress
       Driven at:
          /opt/Xilinx/Vivado/2018.3/data/ip/xilinx/axi_pcie_v2_9/hdl/axi_pcie_v2_9_rfs.vhd(7117)
    /opt/Xilinx/Vivado/2018.3/data/ip/xilinx/axi_pcie_v2_9/hdl/axi_pcie_v2_9_rfs.vhd(6047):Process cplnd_master_egress
       Driven at:
          /opt/Xilinx/Vivado/2018.3/data/ip/xilinx/axi_pcie_v2_9/hdl/axi_pcie_v2_9_rfs.vhd(6051)
    /opt/Xilinx/Vivado/2018.3/data/ip/xilinx/axi_pcie_v2_9/hdl/axi_pcie_v2_9_rfs.vhd(4974):Process cplnd_master_egress
       Driven at:
          /opt/Xilinx/Vivado/2018.3/data/ip/xilinx/axi_pcie_v2_9/hdl/axi_pcie_v2_9_rfs.vhd(4978)
-- Compiling entity axi_s_masterbridge_wr
-- Compiling architecture behavioral of axi_s_masterbridge_wr
** Warning: /opt/Xilinx/Vivado/2018.3/data/ip/xilinx/axi_pcie_v2_9/hdl/axi_pcie_v2_9_rfs.vhd(8156): Nonresolved signal 'wrreqsmsig' may have multiple sources.
  Drivers:
    /opt/Xilinx/Vivado/2018.3/data/ip/xilinx/axi_pcie_v2_9/hdl/axi_pcie_v2_9_rfs.vhd(8762):Process wr_master_ingress
       Driven at:
          /opt/Xilinx/Vivado/2018.3/data/ip/xilinx/axi_pcie_v2_9/hdl/axi_pcie_v2_9_rfs.vhd(8776)
    /opt/Xilinx/Vivado/2018.3/data/ip/xilinx/axi_pcie_v2_9/hdl/axi_pcie_v2_9_rfs.vhd(8421):Process wr_master_ingress
       Driven at:
          /opt/Xilinx/Vivado/2018.3/data/ip/xilinx/axi_pcie_v2_9/hdl/axi_pcie_v2_9_rfs.vhd(8435)
    /opt/Xilinx/Vivado/2018.3/data/ip/xilinx/axi_pcie_v2_9/hdl/axi_pcie_v2_9_rfs.vhd(8184):Process wr_master_ingress
       Driven at:
          /opt/Xilinx/Vivado/2018.3/data/ip/xilinx/axi_pcie_v2_9/hdl/axi_pcie_v2_9_rfs.vhd(8198)
-- Loading package VCOMPONENTS
-- Loading entity sync_fifo_fg
-- Loading package lib_pkg
-- Compiling entity axi_mm_s_masterbridge_rd
-- Compiling architecture behavioral of axi_mm_s_masterbridge_rd
-- Loading entity axi_s_masterbridge_rd
-- Loading entity axi_mm_masterbridge_rd
-- Compiling entity axi_mm_s_masterbridge_wr
-- Compiling architecture behavioral of axi_mm_s_masterbridge_wr
-- Loading entity axi_s_masterbridge_wr
-- Loading entity axi_mm_masterbridge_wr
-- Compiling entity axi_mm_s_masterbridge
-- Compiling architecture behavioral of axi_mm_s_masterbridge
-- Loading entity axi_mm_s_masterbridge_wr
-- Loading entity axi_mm_s_masterbridge_rd
-- Compiling entity register_block
-- Compiling architecture structure of register_block
-- Loading entity blk_mem_gen_wrapper
-- Compiling entity slave_read_cpl_tlp
-- Compiling architecture structure of slave_read_cpl_tlp
-- Compiling entity slave_read_req_tlp
-- Compiling architecture structure of slave_read_req_tlp
-- Compiling entity slave_write_req_tlp
-- Compiling architecture structure of slave_write_req_tlp
-- Compiling entity axi_slave_read
-- Compiling architecture structure of axi_slave_read
-- Compiling entity axi_slave_write
-- Compiling architecture structure of axi_slave_write
-- Compiling entity slave_bridge
-- Compiling architecture structure of slave_bridge
-- Loading entity axi_slave_write
-- Loading entity axi_slave_read
-- Loading entity slave_write_req_tlp
-- Loading entity slave_read_req_tlp
-- Loading entity slave_read_cpl_tlp
-- Compiling entity axi_pcie_mm_s
-- Compiling architecture structure of axi_pcie_mm_s
-- Loading entity register_block
-- Loading entity axi_mm_s_masterbridge
-- Loading entity slave_bridge
-- Compiling package axi_pcie_msi_irq_pkg
-- Compiling entity axi_pcie_msi_irq
-- Compiling architecture behavior of axi_pcie_msi_irq
-- Compiling entity axi_pcie
-- Compiling architecture structure of axi_pcie
-- Loading entity axi_pcie_mm_s
-- Loading entity axi_enhanced_pcie
End time: 10:56:47 on Jun 21,2019, Elapsed time: 0:00:00
Errors: 0, Warnings: 6
