Model Technology ModelSim SE-64 vmap 10.6b Lib Mapping Utility 2017.05 May 25 2017
vmap axi_bram_ctrl_v4_0_14 /home/dmonk/Firmware/DTC-firmware/DTC-front/DTC-front.cache/compile_simlib/modelsim/axi_bram_ctrl_v4_0_14 
Modifying modelsim.ini
Model Technology ModelSim SE-64 vcom 10.6b Compiler 2017.05 May 25 2017
Start time: 13:07:00 on May 03,2019
vcom -64 -93 -work axi_bram_ctrl_v4_0_14 -f /home/dmonk/Firmware/DTC-firmware/DTC-front/DTC-front.cache/compile_simlib/modelsim/axi_bram_ctrl_v4_0_14/.cxl.vhdl.axi_bram_ctrl_v4_0_14.axi_bram_ctrl_v4_0_14.lin64.cmf 
-- Loading package STANDARD
-- Loading package TEXTIO
-- Loading package std_logic_1164
-- Compiling entity SRL_FIFO
-- Compiling architecture IMP of SRL_FIFO
-- Compiling package axi_bram_ctrl_funcs
-- Loading package NUMERIC_STD
-- Compiling package body axi_bram_ctrl_funcs
-- Loading package axi_bram_ctrl_funcs
-- Compiling package coregen_comp_defs
-- Compiling entity axi_lite_if
-- Compiling architecture IMP of axi_lite_if
-- Compiling entity checkbit_handler_64
-- Compiling architecture IMP of checkbit_handler_64
-- Compiling entity checkbit_handler
-- Compiling architecture IMP of checkbit_handler
-- Compiling entity Correct_One_Bit_64
-- Compiling architecture IMP of Correct_One_Bit_64
-- Compiling entity Correct_One_Bit
-- Compiling architecture IMP of Correct_One_Bit
-- Compiling entity XOR18
-- Compiling architecture IMP of XOR18
-- Compiling entity Parity
-- Compiling architecture IMP of Parity
-- Loading package std_logic_arith
-- Loading package STD_LOGIC_UNSIGNED
-- Compiling entity ecc_gen
-- Compiling architecture trans of ecc_gen
-- Loading entity axi_lite_if
-- Loading package axi_bram_ctrl_funcs
-- Compiling entity lite_ecc_reg
-- Compiling architecture implementation of lite_ecc_reg
-- Loading entity lite_ecc_reg
-- Loading entity Parity
-- Loading entity checkbit_handler
-- Loading entity Correct_One_Bit
-- Loading entity ecc_gen
-- Compiling entity axi_lite
-- Compiling architecture implementation of axi_lite
-- Compiling entity sng_port_arb
-- Compiling architecture implementation of sng_port_arb
-- Compiling entity ua_narrow
-- Compiling architecture implementation of ua_narrow
-- Compiling entity wrap_brst
-- Compiling architecture implementation of wrap_brst
-- Loading entity wrap_brst
-- Loading entity ua_narrow
-- Loading entity checkbit_handler_64
-- Loading entity Correct_One_Bit_64
-- Compiling entity rd_chnl
-- Compiling architecture implementation of rd_chnl
-- Loading entity SRL_FIFO
-- Compiling entity wr_chnl
-- Compiling architecture implementation of wr_chnl
-- Loading entity sng_port_arb
-- Loading entity wr_chnl
-- Loading entity rd_chnl
-- Compiling entity full_axi
-- Compiling architecture implementation of full_axi
-- Loading entity axi_lite
-- Loading entity full_axi
-- Compiling entity axi_bram_ctrl_top
-- Compiling architecture implementation of axi_bram_ctrl_top
-- Loading package VCOMPONENTS
-- Loading entity axi_bram_ctrl_top
-- Compiling entity axi_bram_ctrl
-- Compiling architecture implementation of axi_bram_ctrl
-- Loading package vl_types
-- Loading entity blk_mem_gen_v8_3_6
End time: 13:07:01 on May 03,2019, Elapsed time: 0:00:01
Errors: 0, Warnings: 0
