Model Technology ModelSim SE-64 vmap 10.6b Lib Mapping Utility 2017.05 May 25 2017
vmap axi_timebase_wdt_v3_0_10 /home/dmonk/Firmware/DTC-firmware/DTC-front/DTC-front.cache/compile_simlib/modelsim/axi_timebase_wdt_v3_0_10 
Modifying modelsim.ini
Model Technology ModelSim SE-64 vcom 10.6b Compiler 2017.05 May 25 2017
Start time: 13:06:21 on May 03,2019
vcom -64 -93 -work axi_timebase_wdt_v3_0_10 -f /home/dmonk/Firmware/DTC-firmware/DTC-front/DTC-front.cache/compile_simlib/modelsim/axi_timebase_wdt_v3_0_10/.cxl.vhdl.axi_timebase_wdt_v3_0_10.axi_timebase_wdt_v3_0_10.lin64.cmf 
-- Loading package STANDARD
-- Loading package TEXTIO
-- Loading package std_logic_1164
-- Loading package std_logic_arith
-- Loading package STD_LOGIC_UNSIGNED
-- Compiling entity window_wdt_counter
-- Compiling architecture wc_imp of window_wdt_counter
-- Compiling entity window_wdt_fail_cnt
-- Compiling architecture fc_imp of window_wdt_fail_cnt
-- Compiling entity timebase_wdt_core
-- Compiling architecture imp of timebase_wdt_core
-- Loading package NUMERIC_STD
-- Loading package ATTRIBUTES
-- Loading package std_logic_misc
-- Loading entity cdc_sync
-- Loading package ipif_pkg
-- Compiling entity axi_timebase_wdt
-- Compiling architecture imp of axi_timebase_wdt
-- Loading entity timebase_wdt_core
-- Loading entity axi_lite_ipif
-- Compiling entity axi_window_wdt
-- Compiling architecture imp of axi_window_wdt
-- Loading entity window_wdt_counter
-- Loading entity window_wdt_fail_cnt
-- Compiling entity axi_timebase_wdt_top
-- Compiling architecture top_arch of axi_timebase_wdt_top
-- Loading entity axi_timebase_wdt
-- Loading entity axi_window_wdt
End time: 13:06:21 on May 03,2019, Elapsed time: 0:00:00
Errors: 0, Warnings: 0
