Model Technology ModelSim SE-64 vmap 10.6b Lib Mapping Utility 2017.05 May 25 2017
vmap mailbox_v2_1_11 /home/dmonk/Firmware/DTC-firmware/DTC-front/DTC-front.cache/compile_simlib/modelsim/mailbox_v2_1_11 
Modifying modelsim.ini
Model Technology ModelSim SE-64 vcom 10.6b Compiler 2017.05 May 25 2017
Start time: 10:59:05 on Jun 21,2019
vcom -64 -93 -work mailbox_v2_1_11 -f /home/dmonk/Firmware/DTC-firmware/DTC-front/DTC-front.cache/compile_simlib/modelsim/mailbox_v2_1_11/.cxl.vhdl.mailbox_v2_1_11.mailbox_v2_1_11.lin64.cmf 
-- Loading package STANDARD
-- Loading package TEXTIO
-- Loading package std_logic_1164
-- Loading package NUMERIC_STD
-- Compiling entity SRL_FIFO
-- Compiling architecture IMP of SRL_FIFO
-- Loading package std_logic_arith
-- Loading package STD_LOGIC_UNSIGNED
-- Compiling entity Sync_BRAM
-- Compiling architecture syn of Sync_BRAM
-- Compiling entity Sync_DPRAM
-- Compiling architecture syn of Sync_DPRAM
-- Compiling entity Sync_FIFO
-- Compiling architecture VHDL_RTL of Sync_FIFO
-- Compiling entity Async_FIFO
-- Compiling architecture IMP of Async_FIFO
-- Loading entity Sync_FIFO
-- Loading entity Async_FIFO
-- Compiling entity fsl_v20
-- Compiling architecture IMP of fsl_v20
-- Loading package ATTRIBUTES
-- Loading package std_logic_misc
-- Loading package ipif_pkg
-- Loading entity axi_lite_ipif
-- Compiling entity if_decode
-- Compiling architecture IMP of if_decode
-- Compiling entity mailbox
-- Compiling architecture IMP of mailbox
End time: 10:59:05 on Jun 21,2019, Elapsed time: 0:00:00
Errors: 0, Warnings: 0
