Model Technology ModelSim SE-64 vmap 10.6b Lib Mapping Utility 2017.05 May 25 2017
vmap stm_v1_0 /home/dmonk/Firmware/DTC-firmware/DTC-front/DTC-front.cache/compile_simlib/modelsim/stm_v1_0 
Modifying modelsim.ini
Model Technology ModelSim SE-64 vlog 10.6b Compiler 2017.05 May 25 2017
Start time: 13:03:57 on May 03,2019
vlog -64 -L stm_v1_0 "+incdir+/home/dmonk/.cxl.ip/incl" -sv -work stm_v1_0 -f /home/dmonk/Firmware/DTC-firmware/DTC-front/DTC-front.cache/compile_simlib/modelsim/stm_v1_0/.cxl.systemverilog.stm_v1_0.stm_v1_0.lin64.cmf 
-- Compiling module stma_v1_0_0_fifo_lut
** Warning: /opt/Xilinx/Vivado/2018.3/data/ip/xilinx/stma_v1_0/hdl/stma_v1_0_rfs.sv(244): (vlog-2583) [SVCHK] - Some checking for conflicts with always_comb and always_latch variables not yet supported. Run vopt to provide additional design-level checks.
** Warning: /opt/Xilinx/Vivado/2018.3/data/ip/xilinx/stma_v1_0/hdl/stma_v1_0_rfs.sv(245): (vlog-2583) [SVCHK] - Some checking for conflicts with always_comb and always_latch variables not yet supported. Run vopt to provide additional design-level checks.
** Warning: /opt/Xilinx/Vivado/2018.3/data/ip/xilinx/stma_v1_0/hdl/stma_v1_0_rfs.sv(246): (vlog-2583) [SVCHK] - Some checking for conflicts with always_comb and always_latch variables not yet supported. Run vopt to provide additional design-level checks.
** Warning: /opt/Xilinx/Vivado/2018.3/data/ip/xilinx/stma_v1_0/hdl/stma_v1_0_rfs.sv(247): (vlog-2583) [SVCHK] - Some checking for conflicts with always_comb and always_latch variables not yet supported. Run vopt to provide additional design-level checks.
** Warning: /opt/Xilinx/Vivado/2018.3/data/ip/xilinx/stma_v1_0/hdl/stma_v1_0_rfs.sv(248): (vlog-2583) [SVCHK] - Some checking for conflicts with always_comb and always_latch variables not yet supported. Run vopt to provide additional design-level checks.
** Warning: /opt/Xilinx/Vivado/2018.3/data/ip/xilinx/stma_v1_0/hdl/stma_v1_0_rfs.sv(248): (vlog-2583) [SVCHK] - Some checking for conflicts with always_comb and always_latch variables not yet supported. Run vopt to provide additional design-level checks.
** Warning: /opt/Xilinx/Vivado/2018.3/data/ip/xilinx/stma_v1_0/hdl/stma_v1_0_rfs.sv(249): (vlog-2583) [SVCHK] - Some checking for conflicts with always_comb and always_latch variables not yet supported. Run vopt to provide additional design-level checks.
** Warning: /opt/Xilinx/Vivado/2018.3/data/ip/xilinx/stma_v1_0/hdl/stma_v1_0_rfs.sv(250): (vlog-2583) [SVCHK] - Some checking for conflicts with always_comb and always_latch variables not yet supported. Run vopt to provide additional design-level checks.
** Warning: /opt/Xilinx/Vivado/2018.3/data/ip/xilinx/stma_v1_0/hdl/stma_v1_0_rfs.sv(251): (vlog-2583) [SVCHK] - Some checking for conflicts with always_comb and always_latch variables not yet supported. Run vopt to provide additional design-level checks.
** Warning: /opt/Xilinx/Vivado/2018.3/data/ip/xilinx/stma_v1_0/hdl/stma_v1_0_rfs.sv(254): (vlog-2583) [SVCHK] - Some checking for conflicts with always_comb and always_latch variables not yet supported. Run vopt to provide additional design-level checks.
** Warning: /opt/Xilinx/Vivado/2018.3/data/ip/xilinx/stma_v1_0/hdl/stma_v1_0_rfs.sv(257): (vlog-2583) [SVCHK] - Some checking for conflicts with always_comb and always_latch variables not yet supported. Run vopt to provide additional design-level checks.
** Warning: /opt/Xilinx/Vivado/2018.3/data/ip/xilinx/stma_v1_0/hdl/stma_v1_0_rfs.sv(264): (vlog-2583) [SVCHK] - Some checking for conflicts with always_comb and always_latch variables not yet supported. Run vopt to provide additional design-level checks.
** Warning: /opt/Xilinx/Vivado/2018.3/data/ip/xilinx/stma_v1_0/hdl/stma_v1_0_rfs.sv(265): (vlog-2583) [SVCHK] - Some checking for conflicts with always_comb and always_latch variables not yet supported. Run vopt to provide additional design-level checks.
** Warning: /opt/Xilinx/Vivado/2018.3/data/ip/xilinx/stma_v1_0/hdl/stma_v1_0_rfs.sv(266): (vlog-2583) [SVCHK] - Some checking for conflicts with always_comb and always_latch variables not yet supported. Run vopt to provide additional design-level checks.
** Warning: /opt/Xilinx/Vivado/2018.3/data/ip/xilinx/stma_v1_0/hdl/stma_v1_0_rfs.sv(275): (vlog-2583) [SVCHK] - Some checking for conflicts with always_comb and always_latch variables not yet supported. Run vopt to provide additional design-level checks.
** Warning: /opt/Xilinx/Vivado/2018.3/data/ip/xilinx/stma_v1_0/hdl/stma_v1_0_rfs.sv(276): (vlog-2583) [SVCHK] - Some checking for conflicts with always_comb and always_latch variables not yet supported. Run vopt to provide additional design-level checks.
** Warning: /opt/Xilinx/Vivado/2018.3/data/ip/xilinx/stma_v1_0/hdl/stma_v1_0_rfs.sv(277): (vlog-2583) [SVCHK] - Some checking for conflicts with always_comb and always_latch variables not yet supported. Run vopt to provide additional design-level checks.
** Warning: /opt/Xilinx/Vivado/2018.3/data/ip/xilinx/stma_v1_0/hdl/stma_v1_0_rfs.sv(278): (vlog-2583) [SVCHK] - Some checking for conflicts with always_comb and always_latch variables not yet supported. Run vopt to provide additional design-level checks.
** Warning: /opt/Xilinx/Vivado/2018.3/data/ip/xilinx/stma_v1_0/hdl/stma_v1_0_rfs.sv(295): (vlog-2583) [SVCHK] - Some checking for conflicts with always_comb and always_latch variables not yet supported. Run vopt to provide additional design-level checks.
** Warning: /opt/Xilinx/Vivado/2018.3/data/ip/xilinx/stma_v1_0/hdl/stma_v1_0_rfs.sv(296): (vlog-2583) [SVCHK] - Some checking for conflicts with always_comb and always_latch variables not yet supported. Run vopt to provide additional design-level checks.
** Warning: /opt/Xilinx/Vivado/2018.3/data/ip/xilinx/stma_v1_0/hdl/stma_v1_0_rfs.sv(298): (vlog-2583) [SVCHK] - Some checking for conflicts with always_comb and always_latch variables not yet supported. Run vopt to provide additional design-level checks.
** Warning: /opt/Xilinx/Vivado/2018.3/data/ip/xilinx/stma_v1_0/hdl/stma_v1_0_rfs.sv(301): (vlog-2583) [SVCHK] - Some checking for conflicts with always_comb and always_latch variables not yet supported. Run vopt to provide additional design-level checks.
** Warning: /opt/Xilinx/Vivado/2018.3/data/ip/xilinx/stma_v1_0/hdl/stma_v1_0_rfs.sv(304): (vlog-2583) [SVCHK] - Some checking for conflicts with always_comb and always_latch variables not yet supported. Run vopt to provide additional design-level checks.
** Warning: /opt/Xilinx/Vivado/2018.3/data/ip/xilinx/stma_v1_0/hdl/stma_v1_0_rfs.sv(305): (vlog-2583) [SVCHK] - Some checking for conflicts with always_comb and always_latch variables not yet supported. Run vopt to provide additional design-level checks.
** Warning: /opt/Xilinx/Vivado/2018.3/data/ip/xilinx/stma_v1_0/hdl/stma_v1_0_rfs.sv(306): (vlog-2583) [SVCHK] - Some checking for conflicts with always_comb and always_latch variables not yet supported. Run vopt to provide additional design-level checks.
** Warning: /opt/Xilinx/Vivado/2018.3/data/ip/xilinx/stma_v1_0/hdl/stma_v1_0_rfs.sv(322): (vlog-2583) [SVCHK] - Some checking for conflicts with always_comb and always_latch variables not yet supported. Run vopt to provide additional design-level checks.
** Warning: /opt/Xilinx/Vivado/2018.3/data/ip/xilinx/stma_v1_0/hdl/stma_v1_0_rfs.sv(325): (vlog-2583) [SVCHK] - Some checking for conflicts with always_comb and always_latch variables not yet supported. Run vopt to provide additional design-level checks.
** Warning: /opt/Xilinx/Vivado/2018.3/data/ip/xilinx/stma_v1_0/hdl/stma_v1_0_rfs.sv(328): (vlog-2583) [SVCHK] - Some checking for conflicts with always_comb and always_latch variables not yet supported. Run vopt to provide additional design-level checks.
** Warning: /opt/Xilinx/Vivado/2018.3/data/ip/xilinx/stma_v1_0/hdl/stma_v1_0_rfs.sv(329): (vlog-2583) [SVCHK] - Some checking for conflicts with always_comb and always_latch variables not yet supported. Run vopt to provide additional design-level checks.
** Warning: /opt/Xilinx/Vivado/2018.3/data/ip/xilinx/stma_v1_0/hdl/stma_v1_0_rfs.sv(476): (vlog-2583) [SVCHK] - Some checking for conflicts with always_comb and always_latch variables not yet supported. Run vopt to provide additional design-level checks.
** Warning: /opt/Xilinx/Vivado/2018.3/data/ip/xilinx/stma_v1_0/hdl/stma_v1_0_rfs.sv(477): (vlog-2583) [SVCHK] - Some checking for conflicts with always_comb and always_latch variables not yet supported. Run vopt to provide additional design-level checks.
** Warning: /opt/Xilinx/Vivado/2018.3/data/ip/xilinx/stma_v1_0/hdl/stma_v1_0_rfs.sv(478): (vlog-2583) [SVCHK] - Some checking for conflicts with always_comb and always_latch variables not yet supported. Run vopt to provide additional design-level checks.
** Warning: /opt/Xilinx/Vivado/2018.3/data/ip/xilinx/stma_v1_0/hdl/stma_v1_0_rfs.sv(478): (vlog-2583) [SVCHK] - Some checking for conflicts with always_comb and always_latch variables not yet supported. Run vopt to provide additional design-level checks.
** Warning: /opt/Xilinx/Vivado/2018.3/data/ip/xilinx/stma_v1_0/hdl/stma_v1_0_rfs.sv(480): (vlog-2583) [SVCHK] - Some checking for conflicts with always_comb and always_latch variables not yet supported. Run vopt to provide additional design-level checks.
** Warning: /opt/Xilinx/Vivado/2018.3/data/ip/xilinx/stma_v1_0/hdl/stma_v1_0_rfs.sv(481): (vlog-2583) [SVCHK] - Some checking for conflicts with always_comb and always_latch variables not yet supported. Run vopt to provide additional design-level checks.
-- Compiling module stma_v1_0_0_fifo_bram
** Warning: /opt/Xilinx/Vivado/2018.3/data/ip/xilinx/stma_v1_0/hdl/stma_v1_0_rfs.sv(713): (vlog-2583) [SVCHK] - Some checking for conflicts with always_comb and always_latch variables not yet supported. Run vopt to provide additional design-level checks.
** Warning: /opt/Xilinx/Vivado/2018.3/data/ip/xilinx/stma_v1_0/hdl/stma_v1_0_rfs.sv(714): (vlog-2583) [SVCHK] - Some checking for conflicts with always_comb and always_latch variables not yet supported. Run vopt to provide additional design-level checks.
** Warning: /opt/Xilinx/Vivado/2018.3/data/ip/xilinx/stma_v1_0/hdl/stma_v1_0_rfs.sv(715): (vlog-2583) [SVCHK] - Some checking for conflicts with always_comb and always_latch variables not yet supported. Run vopt to provide additional design-level checks.
** Warning: /opt/Xilinx/Vivado/2018.3/data/ip/xilinx/stma_v1_0/hdl/stma_v1_0_rfs.sv(750): (vlog-2583) [SVCHK] - Some checking for conflicts with always_comb and always_latch variables not yet supported. Run vopt to provide additional design-level checks.
** Warning: /opt/Xilinx/Vivado/2018.3/data/ip/xilinx/stma_v1_0/hdl/stma_v1_0_rfs.sv(751): (vlog-2583) [SVCHK] - Some checking for conflicts with always_comb and always_latch variables not yet supported. Run vopt to provide additional design-level checks.
-- Compiling module stma_v1_0_0_simple_dport_bram_rst
-- Compiling module stma_v1_0_0_c2h
-- Compiling module stma_v1_0_0_h2c
-- Compiling module stma_v1_0_0_top

Top level modules:
	stma_v1_0_0_top
End time: 13:03:57 on May 03,2019, Elapsed time: 0:00:00
Errors: 0, Warnings: 40
