Model Technology ModelSim SE-64 vmap 10.6b Lib Mapping Utility 2017.05 May 25 2017
vmap unifast /home/dmonk/Firmware/DTC-firmware/DTC-front/DTC-front.cache/compile_simlib/modelsim/unifast 
Modifying modelsim.ini
Model Technology ModelSim SE-64 vcom 10.6b Compiler 2017.05 May 25 2017
Start time: 10:54:15 on Jun 21,2019
vcom -source -93 -64 -work unifast -f /home/dmonk/Firmware/DTC-firmware/DTC-front/DTC-front.cache/compile_simlib/modelsim/unifast/.cxl.vhdl.unifast.unifast.lin64.cmf 
-- Loading package STANDARD
-- Loading package TEXTIO
-- Loading package std_logic_1164
-- Loading package std_logic_arith
-- Loading package STD_LOGIC_SIGNED
-- Loading package VITAL_Timing
-- Loading package VITAL_Primitives
-- Loading package VPKG
-- Compiling entity DSP48E1
-- Compiling architecture DSP48E1_V of DSP48E1
-- Compiling entity MMCME2_ADV
-- Compiling architecture MMCME2_ADV_V of MMCME2_ADV
-- Compiling entity PLLE2_ADV
-- Compiling architecture PLLE2_ADV_V of PLLE2_ADV
-- Compiling entity GTXE2_CHANNEL
-- Compiling architecture GTXE2_CHANNEL_FAST_V of GTXE2_CHANNEL
-- Compiling entity GTHE2_CHANNEL
-- Compiling architecture GTHE2_CHANNEL_FAST_V of GTHE2_CHANNEL
End time: 10:54:16 on Jun 21,2019, Elapsed time: 0:00:01
Errors: 0, Warnings: 0
