#-----------------------------------------------------------
# Vivado v2018.3 (64-bit)
# SW Build 2405991 on Thu Dec  6 23:36:41 MST 2018
# IP Build 2404404 on Fri Dec  7 01:43:56 MST 2018
# Start of session at: Sun Mar 10 16:13:42 2019
# Process ID: 39380
# Current directory: /DataStore/awr01/trunk/dtc
# Command line: vivado top/top.xpr
# Log file: /DataStore/awr01/trunk/dtc/vivado.log
# Journal file: /DataStore/awr01/trunk/dtc/vivado.jou
#-----------------------------------------------------------
start_gui
open_project top/top.xpr
INFO: [Project 1-313] Project file moved from '/DataStore/trunk/dtc/top' since last save.
Scanning sources...
Finished scanning sources
INFO: [IP_Flow 19-234] Refreshing IP repositories
INFO: [IP_Flow 19-1704] No user IP repositories specified
INFO: [IP_Flow 19-2313] Loaded Vivado IP repository '/DataStore/Xilinx/Vivado/2018.3/data/ip'.
WARNING: [IP_Flow 19-2162] IP 'fifo_generator_0' is locked:
* IP definition 'FIFO Generator (13.1)' for IP 'fifo_generator_0' (customized with software release 2016.4) has a newer minor version in the IP Catalog.
* IP definition 'FIFO Generator (13.1)' for IP 'fifo_generator_0' (customized with software release 2016.4) has a different revision in the IP Catalog.
Please select 'Report IP Status' from the 'Tools/Report' menu or run Tcl command 'report_ip_status' for more information.
WARNING: [IP_Flow 19-2162] IP 'blk_mem_zs_mask_32x72' is locked:
* IP definition 'Block Memory Generator (8.3)' for IP 'blk_mem_zs_mask_32x72' (customized with software release 2016.4) has a newer minor version in the IP Catalog.
* IP definition 'Block Memory Generator (8.3)' for IP 'blk_mem_zs_mask_32x72' (customized with software release 2016.4) has a different revision in the IP Catalog.
Please select 'Report IP Status' from the 'Tools/Report' menu or run Tcl command 'report_ip_status' for more information.
WARNING: [IP_Flow 19-2162] IP 'zs_fifo_8k_x_36b' is locked:
* IP definition 'FIFO Generator (13.1)' for IP 'zs_fifo_8k_x_36b' (customized with software release 2016.4) has a newer minor version in the IP Catalog.
* IP definition 'FIFO Generator (13.1)' for IP 'zs_fifo_8k_x_36b' (customized with software release 2016.4) has a different revision in the IP Catalog.
Please select 'Report IP Status' from the 'Tools/Report' menu or run Tcl command 'report_ip_status' for more information.
WARNING: [IP_Flow 19-2162] IP 'amc13_link_gth' is locked:
* IP definition '7 Series FPGAs Transceivers Wizard (3.6)' for IP 'amc13_link_gth' (customized with software release 2016.4) has a different revision in the IP Catalog.
Please select 'Report IP Status' from the 'Tools/Report' menu or run Tcl command 'report_ip_status' for more information.
WARNING: [IP_Flow 19-2162] IP 'virtex7_rx_buf' is locked:
* IP definition 'Block Memory Generator (8.3)' for IP 'virtex7_rx_buf' (customized with software release 2016.4) has a newer minor version in the IP Catalog.
* IP definition 'Block Memory Generator (8.3)' for IP 'virtex7_rx_buf' (customized with software release 2016.4) has a different revision in the IP Catalog.
Please select 'Report IP Status' from the 'Tools/Report' menu or run Tcl command 'report_ip_status' for more information.
WARNING: [IP_Flow 19-2162] IP 'sdpram_32x9_16x10' is locked:
* IP definition 'Block Memory Generator (8.3)' for IP 'sdpram_32x9_16x10' (customized with software release 2016.4) has a newer minor version in the IP Catalog.
* IP definition 'Block Memory Generator (8.3)' for IP 'sdpram_32x9_16x10' (customized with software release 2016.4) has a different revision in the IP Catalog.
Please select 'Report IP Status' from the 'Tools/Report' menu or run Tcl command 'report_ip_status' for more information.
WARNING: [IP_Flow 19-2162] IP 'sdpram_16x10_32x9' is locked:
* IP definition 'Block Memory Generator (8.3)' for IP 'sdpram_16x10_32x9' (customized with software release 2016.4) has a newer minor version in the IP Catalog.
* IP definition 'Block Memory Generator (8.3)' for IP 'sdpram_16x10_32x9' (customized with software release 2016.4) has a different revision in the IP Catalog.
Please select 'Report IP Status' from the 'Tools/Report' menu or run Tcl command 'report_ip_status' for more information.
WARNING: [IP_Flow 19-2162] IP 'blockram_512x36' is locked:
* IP definition 'Block Memory Generator (8.3)' for IP 'blockram_512x36' (customized with software release 2016.4) has a newer minor version in the IP Catalog.
* IP definition 'Block Memory Generator (8.3)' for IP 'blockram_512x36' (customized with software release 2016.4) has a different revision in the IP Catalog.
Please select 'Report IP Status' from the 'Tools/Report' menu or run Tcl command 'report_ip_status' for more information.
WARNING: [IP_Flow 19-2162] IP 'BinarySorterRam' is locked:
* IP definition 'Block Memory Generator (8.3)' for IP 'BinarySorterRam' (customized with software release 2016.4) has a newer minor version in the IP Catalog.
* IP definition 'Block Memory Generator (8.3)' for IP 'BinarySorterRam' (customized with software release 2016.4) has a different revision in the IP Catalog.
Please select 'Report IP Status' from the 'Tools/Report' menu or run Tcl command 'report_ip_status' for more information.
INFO: [Project 1-230] Project 'top.xpr' upgraded for this version of Vivado.
CRITICAL WARNING: [Common 17-1649] The Vivado message database '/DataStore/awr01/trunk/dtc/top/top.runs/synth_1/vivado.pb' contains 48920 messages. Restoring all messages from this message database will impact Vivado performance, so only WARNING, CRITICAL WARNING, and ERROR messages will be restored. To restore all messages from this file use the tcl command 'set_param messaging.loadPbLimit 48921' and re-open the project.
open_project: Time (s): cpu = 00:00:24 ; elapsed = 00:00:10 . Memory (MB): peak = 6591.016 ; gain = 195.047 ; free physical = 23909 ; free virtual = 39950
update_compile_order -fileset sources_1
archive_project /DataStore/awr01/trunk/dtc/top.xpr.zip -force -exclude_run_results -include_local_ip_cache -include_config_settings
INFO: [Coretcl 2-137] starting archive...
INFO: [Coretcl 2-1499] Saving project copy to temporary location './.Xil/Vivado-39380-heppc94' for archiving project
Scanning sources...
Finished scanning sources
INFO: [IP_Flow 19-234] Refreshing IP repositories
INFO: [IP_Flow 19-1704] No user IP repositories specified
INFO: [IP_Flow 19-2313] Loaded Vivado IP repository '/DataStore/Xilinx/Vivado/2018.3/data/ip'.
WARNING: [IP_Flow 19-2162] IP 'fifo_generator_0' is locked:
* IP definition 'FIFO Generator (13.1)' for IP 'fifo_generator_0' (customized with software release 2016.4) has a newer minor version in the IP Catalog.
* IP definition 'FIFO Generator (13.1)' for IP 'fifo_generator_0' (customized with software release 2016.4) has a different revision in the IP Catalog.
Please select 'Report IP Status' from the 'Tools/Report' menu or run Tcl command 'report_ip_status' for more information.
WARNING: [IP_Flow 19-2162] IP 'blk_mem_zs_mask_32x72' is locked:
* IP definition 'Block Memory Generator (8.3)' for IP 'blk_mem_zs_mask_32x72' (customized with software release 2016.4) has a newer minor version in the IP Catalog.
* IP definition 'Block Memory Generator (8.3)' for IP 'blk_mem_zs_mask_32x72' (customized with software release 2016.4) has a different revision in the IP Catalog.
Please select 'Report IP Status' from the 'Tools/Report' menu or run Tcl command 'report_ip_status' for more information.
WARNING: [IP_Flow 19-2162] IP 'zs_fifo_8k_x_36b' is locked:
* IP definition 'FIFO Generator (13.1)' for IP 'zs_fifo_8k_x_36b' (customized with software release 2016.4) has a newer minor version in the IP Catalog.
* IP definition 'FIFO Generator (13.1)' for IP 'zs_fifo_8k_x_36b' (customized with software release 2016.4) has a different revision in the IP Catalog.
Please select 'Report IP Status' from the 'Tools/Report' menu or run Tcl command 'report_ip_status' for more information.
WARNING: [IP_Flow 19-2162] IP 'amc13_link_gth' is locked:
* IP definition '7 Series FPGAs Transceivers Wizard (3.6)' for IP 'amc13_link_gth' (customized with software release 2016.4) has a different revision in the IP Catalog.
Please select 'Report IP Status' from the 'Tools/Report' menu or run Tcl command 'report_ip_status' for more information.
WARNING: [IP_Flow 19-2162] IP 'virtex7_rx_buf' is locked:
* IP definition 'Block Memory Generator (8.3)' for IP 'virtex7_rx_buf' (customized with software release 2016.4) has a newer minor version in the IP Catalog.
* IP definition 'Block Memory Generator (8.3)' for IP 'virtex7_rx_buf' (customized with software release 2016.4) has a different revision in the IP Catalog.
Please select 'Report IP Status' from the 'Tools/Report' menu or run Tcl command 'report_ip_status' for more information.
WARNING: [IP_Flow 19-2162] IP 'sdpram_32x9_16x10' is locked:
* IP definition 'Block Memory Generator (8.3)' for IP 'sdpram_32x9_16x10' (customized with software release 2016.4) has a newer minor version in the IP Catalog.
* IP definition 'Block Memory Generator (8.3)' for IP 'sdpram_32x9_16x10' (customized with software release 2016.4) has a different revision in the IP Catalog.
Please select 'Report IP Status' from the 'Tools/Report' menu or run Tcl command 'report_ip_status' for more information.
WARNING: [IP_Flow 19-2162] IP 'sdpram_16x10_32x9' is locked:
* IP definition 'Block Memory Generator (8.3)' for IP 'sdpram_16x10_32x9' (customized with software release 2016.4) has a newer minor version in the IP Catalog.
* IP definition 'Block Memory Generator (8.3)' for IP 'sdpram_16x10_32x9' (customized with software release 2016.4) has a different revision in the IP Catalog.
Please select 'Report IP Status' from the 'Tools/Report' menu or run Tcl command 'report_ip_status' for more information.
WARNING: [IP_Flow 19-2162] IP 'blockram_512x36' is locked:
* IP definition 'Block Memory Generator (8.3)' for IP 'blockram_512x36' (customized with software release 2016.4) has a newer minor version in the IP Catalog.
* IP definition 'Block Memory Generator (8.3)' for IP 'blockram_512x36' (customized with software release 2016.4) has a different revision in the IP Catalog.
Please select 'Report IP Status' from the 'Tools/Report' menu or run Tcl command 'report_ip_status' for more information.
WARNING: [IP_Flow 19-2162] IP 'BinarySorterRam' is locked:
* IP definition 'Block Memory Generator (8.3)' for IP 'BinarySorterRam' (customized with software release 2016.4) has a newer minor version in the IP Catalog.
* IP definition 'Block Memory Generator (8.3)' for IP 'BinarySorterRam' (customized with software release 2016.4) has a different revision in the IP Catalog.
Please select 'Report IP Status' from the 'Tools/Report' menu or run Tcl command 'report_ip_status' for more information.
INFO: [Coretcl 2-1211] Creating project copy for archival...
WARNING: [IP_Flow 19-2162] IP 'BinarySorterRam' is locked:
* IP definition 'Block Memory Generator (8.3)' for IP 'BinarySorterRam' (customized with software release 2016.4) has a newer minor version in the IP Catalog.
* IP definition 'Block Memory Generator (8.3)' for IP 'BinarySorterRam' (customized with software release 2016.4) has a different revision in the IP Catalog.
Please select 'Report IP Status' from the 'Tools/Report' menu or run Tcl command 'report_ip_status' for more information.
WARNING: [IP_Flow 19-2162] IP 'BinarySorterRam' is locked:
* IP definition 'Block Memory Generator (8.3)' for IP 'BinarySorterRam' (customized with software release 2016.4) has a newer minor version in the IP Catalog.
* IP definition 'Block Memory Generator (8.3)' for IP 'BinarySorterRam' (customized with software release 2016.4) has a different revision in the IP Catalog.
Please select 'Report IP Status' from the 'Tools/Report' menu or run Tcl command 'report_ip_status' for more information.
WARNING: [IP_Flow 19-2162] IP 'amc13_link_gth' is locked:
* IP definition '7 Series FPGAs Transceivers Wizard (3.6)' for IP 'amc13_link_gth' (customized with software release 2016.4) has a different revision in the IP Catalog.
Please select 'Report IP Status' from the 'Tools/Report' menu or run Tcl command 'report_ip_status' for more information.
WARNING: [IP_Flow 19-2162] IP 'amc13_link_gth' is locked:
* IP definition '7 Series FPGAs Transceivers Wizard (3.6)' for IP 'amc13_link_gth' (customized with software release 2016.4) has a different revision in the IP Catalog.
Please select 'Report IP Status' from the 'Tools/Report' menu or run Tcl command 'report_ip_status' for more information.
WARNING: [IP_Flow 19-2162] IP 'blk_mem_zs_mask_32x72' is locked:
* IP definition 'Block Memory Generator (8.3)' for IP 'blk_mem_zs_mask_32x72' (customized with software release 2016.4) has a newer minor version in the IP Catalog.
* IP definition 'Block Memory Generator (8.3)' for IP 'blk_mem_zs_mask_32x72' (customized with software release 2016.4) has a different revision in the IP Catalog.
Please select 'Report IP Status' from the 'Tools/Report' menu or run Tcl command 'report_ip_status' for more information.
WARNING: [IP_Flow 19-2162] IP 'blk_mem_zs_mask_32x72' is locked:
* IP definition 'Block Memory Generator (8.3)' for IP 'blk_mem_zs_mask_32x72' (customized with software release 2016.4) has a newer minor version in the IP Catalog.
* IP definition 'Block Memory Generator (8.3)' for IP 'blk_mem_zs_mask_32x72' (customized with software release 2016.4) has a different revision in the IP Catalog.
Please select 'Report IP Status' from the 'Tools/Report' menu or run Tcl command 'report_ip_status' for more information.
WARNING: [IP_Flow 19-2162] IP 'blockram_512x36' is locked:
* IP definition 'Block Memory Generator (8.3)' for IP 'blockram_512x36' (customized with software release 2016.4) has a newer minor version in the IP Catalog.
* IP definition 'Block Memory Generator (8.3)' for IP 'blockram_512x36' (customized with software release 2016.4) has a different revision in the IP Catalog.
Please select 'Report IP Status' from the 'Tools/Report' menu or run Tcl command 'report_ip_status' for more information.
WARNING: [IP_Flow 19-2162] IP 'blockram_512x36' is locked:
* IP definition 'Block Memory Generator (8.3)' for IP 'blockram_512x36' (customized with software release 2016.4) has a newer minor version in the IP Catalog.
* IP definition 'Block Memory Generator (8.3)' for IP 'blockram_512x36' (customized with software release 2016.4) has a different revision in the IP Catalog.
Please select 'Report IP Status' from the 'Tools/Report' menu or run Tcl command 'report_ip_status' for more information.
WARNING: [IP_Flow 19-2162] IP 'sdpram_16x10_32x9' is locked:
* IP definition 'Block Memory Generator (8.3)' for IP 'sdpram_16x10_32x9' (customized with software release 2016.4) has a newer minor version in the IP Catalog.
* IP definition 'Block Memory Generator (8.3)' for IP 'sdpram_16x10_32x9' (customized with software release 2016.4) has a different revision in the IP Catalog.
Please select 'Report IP Status' from the 'Tools/Report' menu or run Tcl command 'report_ip_status' for more information.
WARNING: [IP_Flow 19-2162] IP 'sdpram_16x10_32x9' is locked:
* IP definition 'Block Memory Generator (8.3)' for IP 'sdpram_16x10_32x9' (customized with software release 2016.4) has a newer minor version in the IP Catalog.
* IP definition 'Block Memory Generator (8.3)' for IP 'sdpram_16x10_32x9' (customized with software release 2016.4) has a different revision in the IP Catalog.
Please select 'Report IP Status' from the 'Tools/Report' menu or run Tcl command 'report_ip_status' for more information.
WARNING: [IP_Flow 19-2162] IP 'sdpram_32x9_16x10' is locked:
* IP definition 'Block Memory Generator (8.3)' for IP 'sdpram_32x9_16x10' (customized with software release 2016.4) has a newer minor version in the IP Catalog.
* IP definition 'Block Memory Generator (8.3)' for IP 'sdpram_32x9_16x10' (customized with software release 2016.4) has a different revision in the IP Catalog.
Please select 'Report IP Status' from the 'Tools/Report' menu or run Tcl command 'report_ip_status' for more information.
WARNING: [IP_Flow 19-2162] IP 'sdpram_32x9_16x10' is locked:
* IP definition 'Block Memory Generator (8.3)' for IP 'sdpram_32x9_16x10' (customized with software release 2016.4) has a newer minor version in the IP Catalog.
* IP definition 'Block Memory Generator (8.3)' for IP 'sdpram_32x9_16x10' (customized with software release 2016.4) has a different revision in the IP Catalog.
Please select 'Report IP Status' from the 'Tools/Report' menu or run Tcl command 'report_ip_status' for more information.
WARNING: [IP_Flow 19-2162] IP 'virtex7_rx_buf' is locked:
* IP definition 'Block Memory Generator (8.3)' for IP 'virtex7_rx_buf' (customized with software release 2016.4) has a newer minor version in the IP Catalog.
* IP definition 'Block Memory Generator (8.3)' for IP 'virtex7_rx_buf' (customized with software release 2016.4) has a different revision in the IP Catalog.
Please select 'Report IP Status' from the 'Tools/Report' menu or run Tcl command 'report_ip_status' for more information.
WARNING: [IP_Flow 19-2162] IP 'virtex7_rx_buf' is locked:
* IP definition 'Block Memory Generator (8.3)' for IP 'virtex7_rx_buf' (customized with software release 2016.4) has a newer minor version in the IP Catalog.
* IP definition 'Block Memory Generator (8.3)' for IP 'virtex7_rx_buf' (customized with software release 2016.4) has a different revision in the IP Catalog.
Please select 'Report IP Status' from the 'Tools/Report' menu or run Tcl command 'report_ip_status' for more information.
WARNING: [IP_Flow 19-2162] IP 'zs_fifo_8k_x_36b' is locked:
* IP definition 'FIFO Generator (13.1)' for IP 'zs_fifo_8k_x_36b' (customized with software release 2016.4) has a newer minor version in the IP Catalog.
* IP definition 'FIFO Generator (13.1)' for IP 'zs_fifo_8k_x_36b' (customized with software release 2016.4) has a different revision in the IP Catalog.
Please select 'Report IP Status' from the 'Tools/Report' menu or run Tcl command 'report_ip_status' for more information.
WARNING: [IP_Flow 19-2162] IP 'zs_fifo_8k_x_36b' is locked:
* IP definition 'FIFO Generator (13.1)' for IP 'zs_fifo_8k_x_36b' (customized with software release 2016.4) has a newer minor version in the IP Catalog.
* IP definition 'FIFO Generator (13.1)' for IP 'zs_fifo_8k_x_36b' (customized with software release 2016.4) has a different revision in the IP Catalog.
Please select 'Report IP Status' from the 'Tools/Report' menu or run Tcl command 'report_ip_status' for more information.
WARNING: [IP_Flow 19-2162] IP 'fifo_generator_0' is locked:
* IP definition 'FIFO Generator (13.1)' for IP 'fifo_generator_0' (customized with software release 2016.4) has a newer minor version in the IP Catalog.
* IP definition 'FIFO Generator (13.1)' for IP 'fifo_generator_0' (customized with software release 2016.4) has a different revision in the IP Catalog.
Please select 'Report IP Status' from the 'Tools/Report' menu or run Tcl command 'report_ip_status' for more information.
WARNING: [IP_Flow 19-2162] IP 'fifo_generator_0' is locked:
* IP definition 'FIFO Generator (13.1)' for IP 'fifo_generator_0' (customized with software release 2016.4) has a newer minor version in the IP Catalog.
* IP definition 'FIFO Generator (13.1)' for IP 'fifo_generator_0' (customized with software release 2016.4) has a different revision in the IP Catalog.
Please select 'Report IP Status' from the 'Tools/Report' menu or run Tcl command 'report_ip_status' for more information.
INFO: [Coretcl 2-135] resetting runs for excluding generated files from archive...
WARNING: [Coretcl 2-105] Run 'synth_1' is currently active
INFO: [Coretcl 2-133] re-setting run 'synth_1'...
WARNING: [Coretcl 2-105] Run 'blk_mem_zs_mask_32x72_synth_1' is currently active
INFO: [Coretcl 2-133] re-setting run 'blk_mem_zs_mask_32x72_synth_1'...
WARNING: [Coretcl 2-105] Run 'zs_fifo_8k_x_36b_synth_1' is currently active
INFO: [Coretcl 2-133] re-setting run 'zs_fifo_8k_x_36b_synth_1'...
WARNING: [Coretcl 2-105] Run 'amc13_link_gth_synth_1' is currently active
INFO: [Coretcl 2-133] re-setting run 'amc13_link_gth_synth_1'...
WARNING: [Coretcl 2-105] Run 'virtex7_rx_buf_synth_1' is currently active
INFO: [Coretcl 2-133] re-setting run 'virtex7_rx_buf_synth_1'...
WARNING: [Coretcl 2-105] Run 'sdpram_32x9_16x10_synth_1' is currently active
INFO: [Coretcl 2-133] re-setting run 'sdpram_32x9_16x10_synth_1'...
WARNING: [Coretcl 2-105] Run 'sdpram_16x10_32x9_synth_1' is currently active
INFO: [Coretcl 2-133] re-setting run 'sdpram_16x10_32x9_synth_1'...
WARNING: [Coretcl 2-105] Run 'blockram_512x36_synth_1' is currently active
INFO: [Coretcl 2-133] re-setting run 'blockram_512x36_synth_1'...
WARNING: [Coretcl 2-105] Run 'BinarySorterRam_synth_1' is currently active
INFO: [Coretcl 2-133] re-setting run 'BinarySorterRam_synth_1'...
INFO: [Coretcl 2-133] re-setting run 'impl_1'...
INFO: [Coretcl 2-133] re-setting run 'blk_mem_zs_mask_32x72_impl_1'...
INFO: [Coretcl 2-133] re-setting run 'zs_fifo_8k_x_36b_impl_1'...
INFO: [Coretcl 2-133] re-setting run 'amc13_link_gth_impl_1'...
INFO: [Coretcl 2-133] re-setting run 'virtex7_rx_buf_impl_1'...
INFO: [Coretcl 2-133] re-setting run 'sdpram_32x9_16x10_impl_1'...
INFO: [Coretcl 2-133] re-setting run 'sdpram_16x10_32x9_impl_1'...
INFO: [Coretcl 2-133] re-setting run 'blockram_512x36_impl_1'...
INFO: [Coretcl 2-133] re-setting run 'BinarySorterRam_impl_1'...
INFO: [Coretcl 2-1212] Importing remotely added design sources and verilog include files (if any)...
INFO: [filemgmt 20-334] All file(s) are already imported in fileset: 'BinarySorterRam'
INFO: [filemgmt 20-348] Importing the appropriate files for fileset: 'BinarySorterRam'
INFO: [filemgmt 20-334] All file(s) are already imported in fileset: 'amc13_link_gth'
INFO: [filemgmt 20-348] Importing the appropriate files for fileset: 'amc13_link_gth'
INFO: [filemgmt 20-334] All file(s) are already imported in fileset: 'blk_mem_zs_mask_32x72'
INFO: [filemgmt 20-348] Importing the appropriate files for fileset: 'blk_mem_zs_mask_32x72'
INFO: [filemgmt 20-334] All file(s) are already imported in fileset: 'blockram_512x36'
INFO: [filemgmt 20-348] Importing the appropriate files for fileset: 'blockram_512x36'
INFO: [filemgmt 20-334] All file(s) are already imported in fileset: 'sdpram_16x10_32x9'
INFO: [filemgmt 20-348] Importing the appropriate files for fileset: 'sdpram_16x10_32x9'
INFO: [filemgmt 20-334] All file(s) are already imported in fileset: 'sdpram_32x9_16x10'
INFO: [filemgmt 20-348] Importing the appropriate files for fileset: 'sdpram_32x9_16x10'
INFO: [filemgmt 20-334] All file(s) are already imported in fileset: 'virtex7_rx_buf'
INFO: [filemgmt 20-348] Importing the appropriate files for fileset: 'virtex7_rx_buf'
INFO: [filemgmt 20-334] All file(s) are already imported in fileset: 'zs_fifo_8k_x_36b'
INFO: [filemgmt 20-348] Importing the appropriate files for fileset: 'zs_fifo_8k_x_36b'
INFO: [filemgmt 20-348] Importing the appropriate files for fileset: 'constrs_1'
INFO: [filemgmt 20-348] Importing the appropriate files for fileset: 'sources_1'
