Model Technology ModelSim SE-64 vmap 10.6b Lib Mapping Utility 2017.05 May 25 2017
vmap tmr_comparator_v1_0_2 /home/dmonk/Firmware/DTC-firmware/DTC-front/DTC-front.cache/compile_simlib/modelsim/tmr_comparator_v1_0_2 
Modifying modelsim.ini
Model Technology ModelSim SE-64 vcom 10.6b Compiler 2017.05 May 25 2017
Start time: 13:04:36 on May 03,2019
vcom -64 -93 -work tmr_comparator_v1_0_2 -f /home/dmonk/Firmware/DTC-firmware/DTC-front/DTC-front.cache/compile_simlib/modelsim/tmr_comparator_v1_0_2/.cxl.vhdl.tmr_comparator_v1_0_2.tmr_comparator_v1_0_2.lin64.cmf 
-- Loading package STANDARD
-- Loading package TEXTIO
-- Loading package std_logic_1164
-- Compiling entity Comparator
-- Compiling architecture IMP of Comparator
-- Compiling entity lmb_comparator
-- Compiling architecture imp of lmb_comparator
-- Loading entity Comparator
-- Compiling entity s_lmb_comparator
-- Compiling architecture imp of s_lmb_comparator
-- Compiling entity bram_comparator
-- Compiling architecture imp of bram_comparator
-- Compiling entity axi_comparator
-- Compiling architecture imp of axi_comparator
-- Compiling entity s_axi_comparator
-- Compiling architecture imp of s_axi_comparator
-- Compiling entity s_axis_comparator
-- Compiling architecture imp of s_axis_comparator
-- Compiling entity m_axis_comparator
-- Compiling architecture imp of m_axis_comparator
-- Compiling entity trace_comparator
-- Compiling architecture imp of trace_comparator
-- Compiling entity interrupt_comparator
-- Compiling architecture imp of interrupt_comparator
-- Compiling entity tmr_test
-- Compiling architecture imp of tmr_test
-- Compiling entity tmr_comparator
-- Compiling architecture imp of tmr_comparator
-- Loading entity Voter
-- Loading entity lmb_comparator
-- Loading entity lmb_voter
-- Loading entity s_lmb_comparator
-- Loading entity s_lmb_voter
-- Loading entity bram_comparator
-- Loading entity bram_voter
-- Loading entity axi_comparator
-- Loading entity axi_voter
-- Loading entity s_axi_comparator
-- Loading entity s_axi_voter
-- Loading entity m_axis_comparator
-- Loading entity m_axis_voter
-- Loading entity s_axis_comparator
-- Loading entity s_axis_voter
-- Loading entity trace_comparator
-- Loading entity trace_voter
-- Loading entity interrupt_comparator
-- Loading entity interrupt_voter
-- Loading entity tmr_test
End time: 13:04:36 on May 03,2019, Elapsed time: 0:00:00
Errors: 0, Warnings: 0
