Model Technology ModelSim SE-64 vmap 10.6b Lib Mapping Utility 2017.05 May 25 2017
vmap mii_to_rmii_v2_0_20 /home/dmonk/Firmware/DTC-firmware/DTC-front/DTC-front.cache/compile_simlib/modelsim/mii_to_rmii_v2_0_20 
Modifying modelsim.ini
Model Technology ModelSim SE-64 vcom 10.6b Compiler 2017.05 May 25 2017
Start time: 10:56:14 on Jun 21,2019
vcom -64 -93 -work mii_to_rmii_v2_0_20 -f /home/dmonk/Firmware/DTC-firmware/DTC-front/DTC-front.cache/compile_simlib/modelsim/mii_to_rmii_v2_0_20/.cxl.vhdl.mii_to_rmii_v2_0_20.mii_to_rmii_v2_0_20.lin64.cmf 
-- Loading package STANDARD
-- Loading package TEXTIO
-- Loading package std_logic_1164
-- Compiling entity rx_fifo_loader
-- Compiling architecture simulation of rx_fifo_loader
-- Compiling entity rx_fifo_disposer
-- Compiling architecture simulation of rx_fifo_disposer
-- Compiling entity rx_fifo
-- Compiling architecture simulation of rx_fifo
-- Compiling entity SRL_FIFO
-- Compiling architecture IMP of SRL_FIFO
-- Compiling entity rmii_tx_fixed
-- Compiling architecture simulation of rmii_tx_fixed
-- Compiling entity rmii_tx_agile
-- Compiling architecture simulation of rmii_tx_agile
-- Loading package std_logic_arith
-- Loading package STD_LOGIC_UNSIGNED
-- Compiling entity rmii_rx_fixed
-- Compiling architecture simulation of rmii_rx_fixed
-- Loading entity SRL_FIFO
-- Compiling entity rmii_rx_agile
-- Compiling architecture simulation of rmii_rx_agile
-- Compiling entity mii_to_rmii
-- Compiling architecture simulation of mii_to_rmii
-- Loading entity rmii_tx_agile
-- Loading entity rmii_rx_agile
-- Loading entity rmii_tx_fixed
-- Loading entity rmii_rx_fixed
End time: 10:56:15 on Jun 21,2019, Elapsed time: 0:00:01
Errors: 0, Warnings: 0
