Model Technology ModelSim SE-64 vmap 10.6b Lib Mapping Utility 2017.05 May 25 2017
vmap audio_formatter_v1_0_0 /home/dmonk/Firmware/DTC-firmware/DTC-front/DTC-front.cache/compile_simlib/modelsim/audio_formatter_v1_0_0 
Modifying modelsim.ini
Model Technology ModelSim SE-64 vlog 10.6b Compiler 2017.05 May 25 2017
Start time: 13:05:00 on May 03,2019
vlog -64 "+incdir+/home/dmonk/.cxl.ip/incl" -work audio_formatter_v1_0_0 -f /home/dmonk/Firmware/DTC-firmware/DTC-front/DTC-front.cache/compile_simlib/modelsim/audio_formatter_v1_0_0/.cxl.verilog.audio_formatter_v1_0_0.audio_formatter_v1_0_0.lin64.cmf 
-- Compiling module audio_formatter_v1_0_0
-- Compiling module audio_formatter_v1_0_0_reset
-- Compiling module audio_formatter_v1_0_0_aes_enc
-- Compiling module audio_formatter_v1_0_0_aes_dec
-- Compiling module audio_formatter_v1_0_0_s2mm_top
-- Compiling module audio_formatter_v1_0_0_s2mm_registers
-- Compiling module audio_formatter_v1_0_0_s2mm
-- Compiling module audio_formatter_v1_0_0_s2mm_sync
-- Compiling module audio_formatter_v1_0_0_s2mm_buffer
-- Compiling module audio_formatter_v1_0_0_s2mm_command_gen
-- Compiling module audio_formatter_v1_0_0_mm2s_top
-- Compiling module audio_formatter_v1_0_0_mm2s_registers
-- Compiling module audio_formatter_v1_0_0_mm2s
-- Compiling module audio_formatter_v1_0_0_mm2s_sync
-- Compiling module audio_formatter_v1_0_0_mm2s_buffer
-- Compiling module audio_formatter_v1_0_0_mm2s_command_gen

Top level modules:
	audio_formatter_v1_0_0
End time: 13:05:00 on May 03,2019, Elapsed time: 0:00:00
Errors: 0, Warnings: 0
