Model Technology ModelSim SE-64 vmap 10.6b Lib Mapping Utility 2017.05 May 25 2017
vmap axi_epc_v2_0_21 /home/dmonk/Firmware/DTC-firmware/DTC-front/DTC-front.cache/compile_simlib/modelsim/axi_epc_v2_0_21 
Modifying modelsim.ini
Model Technology ModelSim SE-64 vcom 10.6b Compiler 2017.05 May 25 2017
Start time: 13:06:33 on May 03,2019
vcom -64 -93 -work axi_epc_v2_0_21 -f /home/dmonk/Firmware/DTC-firmware/DTC-front/DTC-front.cache/compile_simlib/modelsim/axi_epc_v2_0_21/.cxl.vhdl.axi_epc_v2_0_21.axi_epc_v2_0_21.lin64.cmf 
-- Loading package STANDARD
-- Loading package TEXTIO
-- Loading package std_logic_1164
-- Compiling entity ld_arith_reg
-- Loading package NUMERIC_STD
-- Compiling architecture imp of ld_arith_reg
-- Loading package std_logic_arith
-- Loading package STD_LOGIC_UNSIGNED
-- Loading package lib_pkg
-- Compiling entity async_statemachine
-- Compiling architecture imp of async_statemachine
-- Loading entity ld_arith_reg
-- Compiling entity async_counters
-- Compiling architecture imp of async_counters
-- Loading package ATTRIBUTES
-- Loading package std_logic_misc
-- Loading package ipif_pkg
-- Compiling entity sync_cntl
-- Compiling architecture imp of sync_cntl
-- Compiling entity ipic_if_decode
-- Compiling architecture imp of ipic_if_decode
-- Compiling entity data_steer
-- Compiling architecture imp of data_steer
-- Loading entity async_statemachine
-- Loading entity async_counters
-- Compiling entity async_cntl
-- Compiling architecture imp of async_cntl
-- Compiling entity address_gen
-- Compiling architecture imp of address_gen
-- Compiling entity access_mux
-- Compiling architecture imp of access_mux
-- Compiling entity epc_core
-- Compiling architecture imp of epc_core
-- Loading entity ipic_if_decode
-- Loading entity sync_cntl
-- Loading entity async_cntl
-- Loading entity address_gen
-- Loading entity data_steer
-- Loading entity access_mux
-- Compiling entity axi_epc
-- Compiling architecture imp of axi_epc
-- Loading entity axi_lite_ipif
-- Loading entity epc_core
End time: 13:06:33 on May 03,2019, Elapsed time: 0:00:00
Errors: 0, Warnings: 0
