Model Technology ModelSim SE-64 vmap 10.6b Lib Mapping Utility 2017.05 May 25 2017
vmap tmr_manager_v1_0_4 /home/dmonk/Firmware/DTC-firmware/DTC-front/DTC-front.cache/compile_simlib/modelsim/tmr_manager_v1_0_4 
Modifying modelsim.ini
Model Technology ModelSim SE-64 vcom 10.6b Compiler 2017.05 May 25 2017
Start time: 13:03:23 on May 03,2019
vcom -64 -93 -work tmr_manager_v1_0_4 -f /home/dmonk/Firmware/DTC-firmware/DTC-front/DTC-front.cache/compile_simlib/modelsim/tmr_manager_v1_0_4/.cxl.vhdl.tmr_manager_v1_0_4.tmr_manager_v1_0_4.lin64.cmf 
-- Loading package STANDARD
-- Loading package TEXTIO
-- Loading package std_logic_1164
-- Compiling entity mb_sync_bit
-- Compiling architecture IMP of mb_sync_bit
-- Loading entity mb_sync_bit
-- Compiling entity mb_sync_vec
-- Compiling architecture IMP of mb_sync_vec
-- Loading package std_logic_arith
-- Loading package STD_LOGIC_UNSIGNED
-- Compiling entity pselect_mask
-- Compiling architecture imp of pselect_mask
-- Loading package NUMERIC_STD
-- Compiling entity tmr_manager
-- Compiling architecture imp of tmr_manager
-- Loading entity pselect_mask
-- Loading entity mb_sync_vec
End time: 13:03:23 on May 03,2019, Elapsed time: 0:00:00
Errors: 0, Warnings: 0
