Model Technology ModelSim SE-64 vmap 10.6b Lib Mapping Utility 2017.05 May 25 2017
vmap ldpc_v2_0_2 /home/dmonk/Firmware/DTC-firmware/DTC-front/DTC-front.cache/compile_simlib/modelsim/ldpc_v2_0_2 
Modifying modelsim.ini
Model Technology ModelSim SE-64 vlog 10.6b Compiler 2017.05 May 25 2017
Start time: 10:57:28 on Jun 21,2019
vlog -64 -L fec_5g_common_v1_1_0 -L ldpc_v2_0_2 "+incdir+/home/dmonk/.cxl.ip/incl" -sv -work ldpc_v2_0_2 -f /home/dmonk/Firmware/DTC-firmware/DTC-front/DTC-front.cache/compile_simlib/modelsim/ldpc_v2_0_2/.cxl.systemverilog.ldpc_v2_0_2.ldpc_v2_0_2.lin64.cmf 
** Warning: /opt/Xilinx/Vivado/2018.3/data/ip/xilinx/ldpc_v2_0/hdl/ldpc_v2_0_rfs.sv(64): (vlog-2583) [SVCHK] - Some checking for conflicts with always_comb and always_latch variables not yet supported. Run vopt to provide additional design-level checks.
** Warning: /opt/Xilinx/Vivado/2018.3/data/ip/xilinx/ldpc_v2_0/hdl/ldpc_v2_0_rfs.sv(64): (vlog-2583) [SVCHK] - Some checking for conflicts with always_comb and always_latch variables not yet supported. Run vopt to provide additional design-level checks.
** Warning: /opt/Xilinx/Vivado/2018.3/data/ip/xilinx/ldpc_v2_0/hdl/ldpc_v2_0_rfs.sv(64): (vlog-2583) [SVCHK] - Some checking for conflicts with always_comb and always_latch variables not yet supported. Run vopt to provide additional design-level checks.
** Warning: /opt/Xilinx/Vivado/2018.3/data/ip/xilinx/ldpc_v2_0/hdl/ldpc_v2_0_rfs.sv(64): (vlog-2583) [SVCHK] - Some checking for conflicts with always_comb and always_latch variables not yet supported. Run vopt to provide additional design-level checks.
** Warning: /opt/Xilinx/Vivado/2018.3/data/ip/xilinx/ldpc_v2_0/hdl/ldpc_v2_0_rfs.sv(64): (vlog-2583) [SVCHK] - Some checking for conflicts with always_comb and always_latch variables not yet supported. Run vopt to provide additional design-level checks.
** Warning: /opt/Xilinx/Vivado/2018.3/data/ip/xilinx/ldpc_v2_0/hdl/ldpc_v2_0_rfs.sv(64): (vlog-2583) [SVCHK] - Some checking for conflicts with always_comb and always_latch variables not yet supported. Run vopt to provide additional design-level checks.
** Warning: /opt/Xilinx/Vivado/2018.3/data/ip/xilinx/ldpc_v2_0/hdl/ldpc_v2_0_rfs.sv(64): (vlog-2583) [SVCHK] - Some checking for conflicts with always_comb and always_latch variables not yet supported. Run vopt to provide additional design-level checks.
** Warning: /opt/Xilinx/Vivado/2018.3/data/ip/xilinx/ldpc_v2_0/hdl/ldpc_v2_0_rfs.sv(64): (vlog-2583) [SVCHK] - Some checking for conflicts with always_comb and always_latch variables not yet supported. Run vopt to provide additional design-level checks.
** Warning: /opt/Xilinx/Vivado/2018.3/data/ip/xilinx/ldpc_v2_0/hdl/ldpc_v2_0_rfs.sv(64): (vlog-2583) [SVCHK] - Some checking for conflicts with always_comb and always_latch variables not yet supported. Run vopt to provide additional design-level checks.
** Warning: /opt/Xilinx/Vivado/2018.3/data/ip/xilinx/ldpc_v2_0/hdl/ldpc_v2_0_rfs.sv(64): (vlog-2583) [SVCHK] - Some checking for conflicts with always_comb and always_latch variables not yet supported. Run vopt to provide additional design-level checks.
** Warning: /opt/Xilinx/Vivado/2018.3/data/ip/xilinx/ldpc_v2_0/hdl/ldpc_v2_0_rfs.sv(64): (vlog-2583) [SVCHK] - Some checking for conflicts with always_comb and always_latch variables not yet supported. Run vopt to provide additional design-level checks.
** Warning: /opt/Xilinx/Vivado/2018.3/data/ip/xilinx/ldpc_v2_0/hdl/ldpc_v2_0_rfs.sv(64): (vlog-2583) [SVCHK] - Some checking for conflicts with always_comb and always_latch variables not yet supported. Run vopt to provide additional design-level checks.
** Warning: /opt/Xilinx/Vivado/2018.3/data/ip/xilinx/ldpc_v2_0/hdl/ldpc_v2_0_rfs.sv(64): (vlog-2583) [SVCHK] - Some checking for conflicts with always_comb and always_latch variables not yet supported. Run vopt to provide additional design-level checks.
** Warning: /opt/Xilinx/Vivado/2018.3/data/ip/xilinx/ldpc_v2_0/hdl/ldpc_v2_0_rfs.sv(64): (vlog-2583) [SVCHK] - Some checking for conflicts with always_comb and always_latch variables not yet supported. Run vopt to provide additional design-level checks.
** Warning: /opt/Xilinx/Vivado/2018.3/data/ip/xilinx/ldpc_v2_0/hdl/ldpc_v2_0_rfs.sv(64): (vlog-2583) [SVCHK] - Some checking for conflicts with always_comb and always_latch variables not yet supported. Run vopt to provide additional design-level checks.
** Warning: /opt/Xilinx/Vivado/2018.3/data/ip/xilinx/ldpc_v2_0/hdl/ldpc_v2_0_rfs.sv(64): (vlog-2583) [SVCHK] - Some checking for conflicts with always_comb and always_latch variables not yet supported. Run vopt to provide additional design-level checks.
** Warning: /opt/Xilinx/Vivado/2018.3/data/ip/xilinx/ldpc_v2_0/hdl/ldpc_v2_0_rfs.sv(64): (vlog-2583) [SVCHK] - Some checking for conflicts with always_comb and always_latch variables not yet supported. Run vopt to provide additional design-level checks.
** Warning: /opt/Xilinx/Vivado/2018.3/data/ip/xilinx/ldpc_v2_0/hdl/ldpc_v2_0_rfs.sv(64): (vlog-2583) [SVCHK] - Some checking for conflicts with always_comb and always_latch variables not yet supported. Run vopt to provide additional design-level checks.
** Warning: /opt/Xilinx/Vivado/2018.3/data/ip/xilinx/ldpc_v2_0/hdl/ldpc_v2_0_rfs.sv(64): (vlog-2583) [SVCHK] - Some checking for conflicts with always_comb and always_latch variables not yet supported. Run vopt to provide additional design-level checks.
** Warning: /opt/Xilinx/Vivado/2018.3/data/ip/xilinx/ldpc_v2_0/hdl/ldpc_v2_0_rfs.sv(64): (vlog-2583) [SVCHK] - Some checking for conflicts with always_comb and always_latch variables not yet supported. Run vopt to provide additional design-level checks.
** Warning: /opt/Xilinx/Vivado/2018.3/data/ip/xilinx/ldpc_v2_0/hdl/ldpc_v2_0_rfs.sv(64): (vlog-2583) [SVCHK] - Some checking for conflicts with always_comb and always_latch variables not yet supported. Run vopt to provide additional design-level checks.
** Warning: /opt/Xilinx/Vivado/2018.3/data/ip/xilinx/ldpc_v2_0/hdl/ldpc_v2_0_rfs.sv(64): (vlog-2583) [SVCHK] - Some checking for conflicts with always_comb and always_latch variables not yet supported. Run vopt to provide additional design-level checks.
** Warning: /opt/Xilinx/Vivado/2018.3/data/ip/xilinx/ldpc_v2_0/hdl/ldpc_v2_0_rfs.sv(64): (vlog-2583) [SVCHK] - Some checking for conflicts with always_comb and always_latch variables not yet supported. Run vopt to provide additional design-level checks.
** Warning: /opt/Xilinx/Vivado/2018.3/data/ip/xilinx/ldpc_v2_0/hdl/ldpc_v2_0_rfs.sv(64): (vlog-2583) [SVCHK] - Some checking for conflicts with always_comb and always_latch variables not yet supported. Run vopt to provide additional design-level checks.
** Warning: /opt/Xilinx/Vivado/2018.3/data/ip/xilinx/ldpc_v2_0/hdl/ldpc_v2_0_rfs.sv(64): (vlog-2583) [SVCHK] - Some checking for conflicts with always_comb and always_latch variables not yet supported. Run vopt to provide additional design-level checks.
** Warning: /opt/Xilinx/Vivado/2018.3/data/ip/xilinx/ldpc_v2_0/hdl/ldpc_v2_0_rfs.sv(64): (vlog-2583) [SVCHK] - Some checking for conflicts with always_comb and always_latch variables not yet supported. Run vopt to provide additional design-level checks.
** Warning: /opt/Xilinx/Vivado/2018.3/data/ip/xilinx/ldpc_v2_0/hdl/ldpc_v2_0_rfs.sv(64): (vlog-2583) [SVCHK] - Some checking for conflicts with always_comb and always_latch variables not yet supported. Run vopt to provide additional design-level checks.
** Warning: /opt/Xilinx/Vivado/2018.3/data/ip/xilinx/ldpc_v2_0/hdl/ldpc_v2_0_rfs.sv(64): (vlog-2583) [SVCHK] - Some checking for conflicts with always_comb and always_latch variables not yet supported. Run vopt to provide additional design-level checks.
** Warning: /opt/Xilinx/Vivado/2018.3/data/ip/xilinx/ldpc_v2_0/hdl/ldpc_v2_0_rfs.sv(64): (vlog-2583) [SVCHK] - Some checking for conflicts with always_comb and always_latch variables not yet supported. Run vopt to provide additional design-level checks.
** Warning: /opt/Xilinx/Vivado/2018.3/data/ip/xilinx/ldpc_v2_0/hdl/ldpc_v2_0_rfs.sv(64): (vlog-2583) [SVCHK] - Some checking for conflicts with always_comb and always_latch variables not yet supported. Run vopt to provide additional design-level checks.
** Warning: /opt/Xilinx/Vivado/2018.3/data/ip/xilinx/ldpc_v2_0/hdl/ldpc_v2_0_rfs.sv(64): (vlog-2583) [SVCHK] - Some checking for conflicts with always_comb and always_latch variables not yet supported. Run vopt to provide additional design-level checks.
** Warning: /opt/Xilinx/Vivado/2018.3/data/ip/xilinx/ldpc_v2_0/hdl/ldpc_v2_0_rfs.sv(64): (vlog-2583) [SVCHK] - Some checking for conflicts with always_comb and always_latch variables not yet supported. Run vopt to provide additional design-level checks.
** Warning: /opt/Xilinx/Vivado/2018.3/data/ip/xilinx/ldpc_v2_0/hdl/ldpc_v2_0_rfs.sv(64): (vlog-2583) [SVCHK] - Some checking for conflicts with always_comb and always_latch variables not yet supported. Run vopt to provide additional design-level checks.
** Warning: /opt/Xilinx/Vivado/2018.3/data/ip/xilinx/ldpc_v2_0/hdl/ldpc_v2_0_rfs.sv(64): (vlog-2583) [SVCHK] - Some checking for conflicts with always_comb and always_latch variables not yet supported. Run vopt to provide additional design-level checks.
** Warning: /opt/Xilinx/Vivado/2018.3/data/ip/xilinx/ldpc_v2_0/hdl/ldpc_v2_0_rfs.sv(64): (vlog-2583) [SVCHK] - Some checking for conflicts with always_comb and always_latch variables not yet supported. Run vopt to provide additional design-level checks.
** Warning: /opt/Xilinx/Vivado/2018.3/data/ip/xilinx/ldpc_v2_0/hdl/ldpc_v2_0_rfs.sv(64): (vlog-2583) [SVCHK] - Some checking for conflicts with always_comb and always_latch variables not yet supported. Run vopt to provide additional design-level checks.
** Warning: /opt/Xilinx/Vivado/2018.3/data/ip/xilinx/ldpc_v2_0/hdl/ldpc_v2_0_rfs.sv(64): (vlog-2583) [SVCHK] - Some checking for conflicts with always_comb and always_latch variables not yet supported. Run vopt to provide additional design-level checks.
** Warning: /opt/Xilinx/Vivado/2018.3/data/ip/xilinx/ldpc_v2_0/hdl/ldpc_v2_0_rfs.sv(64): (vlog-2583) [SVCHK] - Some checking for conflicts with always_comb and always_latch variables not yet supported. Run vopt to provide additional design-level checks.
** Warning: /opt/Xilinx/Vivado/2018.3/data/ip/xilinx/ldpc_v2_0/hdl/ldpc_v2_0_rfs.sv(64): (vlog-2583) [SVCHK] - Some checking for conflicts with always_comb and always_latch variables not yet supported. Run vopt to provide additional design-level checks.
** Warning: /opt/Xilinx/Vivado/2018.3/data/ip/xilinx/ldpc_v2_0/hdl/ldpc_v2_0_rfs.sv(64): (vlog-2583) [SVCHK] - Some checking for conflicts with always_comb and always_latch variables not yet supported. Run vopt to provide additional design-level checks.
** Warning: /opt/Xilinx/Vivado/2018.3/data/ip/xilinx/ldpc_v2_0/hdl/ldpc_v2_0_rfs.sv(64): (vlog-2583) [SVCHK] - Some checking for conflicts with always_comb and always_latch variables not yet supported. Run vopt to provide additional design-level checks.
** Warning: /opt/Xilinx/Vivado/2018.3/data/ip/xilinx/ldpc_v2_0/hdl/ldpc_v2_0_rfs.sv(64): (vlog-2583) [SVCHK] - Some checking for conflicts with always_comb and always_latch variables not yet supported. Run vopt to provide additional design-level checks.
** Warning: /opt/Xilinx/Vivado/2018.3/data/ip/xilinx/ldpc_v2_0/hdl/ldpc_v2_0_rfs.sv(64): (vlog-2583) [SVCHK] - Some checking for conflicts with always_comb and always_latch variables not yet supported. Run vopt to provide additional design-level checks.
** Warning: /opt/Xilinx/Vivado/2018.3/data/ip/xilinx/ldpc_v2_0/hdl/ldpc_v2_0_rfs.sv(64): (vlog-2583) [SVCHK] - Some checking for conflicts with always_comb and always_latch variables not yet supported. Run vopt to provide additional design-level checks.
** Warning: /opt/Xilinx/Vivado/2018.3/data/ip/xilinx/ldpc_v2_0/hdl/ldpc_v2_0_rfs.sv(64): (vlog-2583) [SVCHK] - Some checking for conflicts with always_comb and always_latch variables not yet supported. Run vopt to provide additional design-level checks.
** Warning: /opt/Xilinx/Vivado/2018.3/data/ip/xilinx/ldpc_v2_0/hdl/ldpc_v2_0_rfs.sv(64): (vlog-2583) [SVCHK] - Some checking for conflicts with always_comb and always_latch variables not yet supported. Run vopt to provide additional design-level checks.
** Warning: /opt/Xilinx/Vivado/2018.3/data/ip/xilinx/ldpc_v2_0/hdl/ldpc_v2_0_rfs.sv(64): (vlog-2583) [SVCHK] - Some checking for conflicts with always_comb and always_latch variables not yet supported. Run vopt to provide additional design-level checks.
** Warning: /opt/Xilinx/Vivado/2018.3/data/ip/xilinx/ldpc_v2_0/hdl/ldpc_v2_0_rfs.sv(64): (vlog-2583) [SVCHK] - Some checking for conflicts with always_comb and always_latch variables not yet supported. Run vopt to provide additional design-level checks.
** Warning: /opt/Xilinx/Vivado/2018.3/data/ip/xilinx/ldpc_v2_0/hdl/ldpc_v2_0_rfs.sv(64): (vlog-2583) [SVCHK] - Some checking for conflicts with always_comb and always_latch variables not yet supported. Run vopt to provide additional design-level checks.
** Warning: /opt/Xilinx/Vivado/2018.3/data/ip/xilinx/ldpc_v2_0/hdl/ldpc_v2_0_rfs.sv(64): (vlog-2583) [SVCHK] - Some checking for conflicts with always_comb and always_latch variables not yet supported. Run vopt to provide additional design-level checks.
** Warning: /opt/Xilinx/Vivado/2018.3/data/ip/xilinx/ldpc_v2_0/hdl/ldpc_v2_0_rfs.sv(64): (vlog-2583) [SVCHK] - Some checking for conflicts with always_comb and always_latch variables not yet supported. Run vopt to provide additional design-level checks.
** Warning: /opt/Xilinx/Vivado/2018.3/data/ip/xilinx/ldpc_v2_0/hdl/ldpc_v2_0_rfs.sv(64): (vlog-2583) [SVCHK] - Some checking for conflicts with always_comb and always_latch variables not yet supported. Run vopt to provide additional design-level checks.
** Warning: /opt/Xilinx/Vivado/2018.3/data/ip/xilinx/ldpc_v2_0/hdl/ldpc_v2_0_rfs.sv(64): (vlog-2583) [SVCHK] - Some checking for conflicts with always_comb and always_latch variables not yet supported. Run vopt to provide additional design-level checks.
** Warning: /opt/Xilinx/Vivado/2018.3/data/ip/xilinx/ldpc_v2_0/hdl/ldpc_v2_0_rfs.sv(64): (vlog-2583) [SVCHK] - Some checking for conflicts with always_comb and always_latch variables not yet supported. Run vopt to provide additional design-level checks.
** Warning: /opt/Xilinx/Vivado/2018.3/data/ip/xilinx/ldpc_v2_0/hdl/ldpc_v2_0_rfs.sv(64): (vlog-2583) [SVCHK] - Some checking for conflicts with always_comb and always_latch variables not yet supported. Run vopt to provide additional design-level checks.
** Warning: /opt/Xilinx/Vivado/2018.3/data/ip/xilinx/ldpc_v2_0/hdl/ldpc_v2_0_rfs.sv(64): (vlog-2583) [SVCHK] - Some checking for conflicts with always_comb and always_latch variables not yet supported. Run vopt to provide additional design-level checks.
** Warning: /opt/Xilinx/Vivado/2018.3/data/ip/xilinx/ldpc_v2_0/hdl/ldpc_v2_0_rfs.sv(64): (vlog-2583) [SVCHK] - Some checking for conflicts with always_comb and always_latch variables not yet supported. Run vopt to provide additional design-level checks.
** Warning: /opt/Xilinx/Vivado/2018.3/data/ip/xilinx/ldpc_v2_0/hdl/ldpc_v2_0_rfs.sv(64): (vlog-2583) [SVCHK] - Some checking for conflicts with always_comb and always_latch variables not yet supported. Run vopt to provide additional design-level checks.
** Warning: /opt/Xilinx/Vivado/2018.3/data/ip/xilinx/ldpc_v2_0/hdl/ldpc_v2_0_rfs.sv(64): (vlog-2583) [SVCHK] - Some checking for conflicts with always_comb and always_latch variables not yet supported. Run vopt to provide additional design-level checks.
** Warning: /opt/Xilinx/Vivado/2018.3/data/ip/xilinx/ldpc_v2_0/hdl/ldpc_v2_0_rfs.sv(64): (vlog-2583) [SVCHK] - Some checking for conflicts with always_comb and always_latch variables not yet supported. Run vopt to provide additional design-level checks.
** Warning: /opt/Xilinx/Vivado/2018.3/data/ip/xilinx/ldpc_v2_0/hdl/ldpc_v2_0_rfs.sv(64): (vlog-2583) [SVCHK] - Some checking for conflicts with always_comb and always_latch variables not yet supported. Run vopt to provide additional design-level checks.
** Warning: /opt/Xilinx/Vivado/2018.3/data/ip/xilinx/ldpc_v2_0/hdl/ldpc_v2_0_rfs.sv(64): (vlog-2583) [SVCHK] - Some checking for conflicts with always_comb and always_latch variables not yet supported. Run vopt to provide additional design-level checks.
** Warning: /opt/Xilinx/Vivado/2018.3/data/ip/xilinx/ldpc_v2_0/hdl/ldpc_v2_0_rfs.sv(64): (vlog-2583) [SVCHK] - Some checking for conflicts with always_comb and always_latch variables not yet supported. Run vopt to provide additional design-level checks.
** Warning: /opt/Xilinx/Vivado/2018.3/data/ip/xilinx/ldpc_v2_0/hdl/ldpc_v2_0_rfs.sv(64): (vlog-2583) [SVCHK] - Some checking for conflicts with always_comb and always_latch variables not yet supported. Run vopt to provide additional design-level checks.
** Warning: /opt/Xilinx/Vivado/2018.3/data/ip/xilinx/ldpc_v2_0/hdl/ldpc_v2_0_rfs.sv(64): (vlog-2583) [SVCHK] - Some checking for conflicts with always_comb and always_latch variables not yet supported. Run vopt to provide additional design-level checks.
** Warning: /opt/Xilinx/Vivado/2018.3/data/ip/xilinx/ldpc_v2_0/hdl/ldpc_v2_0_rfs.sv(64): (vlog-2583) [SVCHK] - Some checking for conflicts with always_comb and always_latch variables not yet supported. Run vopt to provide additional design-level checks.
** Warning: /opt/Xilinx/Vivado/2018.3/data/ip/xilinx/ldpc_v2_0/hdl/ldpc_v2_0_rfs.sv(64): (vlog-2583) [SVCHK] - Some checking for conflicts with always_comb and always_latch variables not yet supported. Run vopt to provide additional design-level checks.
** Warning: /opt/Xilinx/Vivado/2018.3/data/ip/xilinx/ldpc_v2_0/hdl/ldpc_v2_0_rfs.sv(64): (vlog-2583) [SVCHK] - Some checking for conflicts with always_comb and always_latch variables not yet supported. Run vopt to provide additional design-level checks.
** Warning: /opt/Xilinx/Vivado/2018.3/data/ip/xilinx/ldpc_v2_0/hdl/ldpc_v2_0_rfs.sv(64): (vlog-2583) [SVCHK] - Some checking for conflicts with always_comb and always_latch variables not yet supported. Run vopt to provide additional design-level checks.
** Warning: /opt/Xilinx/Vivado/2018.3/data/ip/xilinx/ldpc_v2_0/hdl/ldpc_v2_0_rfs.sv(64): (vlog-2583) [SVCHK] - Some checking for conflicts with always_comb and always_latch variables not yet supported. Run vopt to provide additional design-level checks.
** Warning: /opt/Xilinx/Vivado/2018.3/data/ip/xilinx/ldpc_v2_0/hdl/ldpc_v2_0_rfs.sv(64): (vlog-2583) [SVCHK] - Some checking for conflicts with always_comb and always_latch variables not yet supported. Run vopt to provide additional design-level checks.
** Warning: /opt/Xilinx/Vivado/2018.3/data/ip/xilinx/ldpc_v2_0/hdl/ldpc_v2_0_rfs.sv(64): (vlog-2583) [SVCHK] - Some checking for conflicts with always_comb and always_latch variables not yet supported. Run vopt to provide additional design-level checks.
** Warning: /opt/Xilinx/Vivado/2018.3/data/ip/xilinx/ldpc_v2_0/hdl/ldpc_v2_0_rfs.sv(64): (vlog-2583) [SVCHK] - Some checking for conflicts with always_comb and always_latch variables not yet supported. Run vopt to provide additional design-level checks.
** Warning: /opt/Xilinx/Vivado/2018.3/data/ip/xilinx/ldpc_v2_0/hdl/ldpc_v2_0_rfs.sv(64): (vlog-2583) [SVCHK] - Some checking for conflicts with always_comb and always_latch variables not yet supported. Run vopt to provide additional design-level checks.
** Warning: /opt/Xilinx/Vivado/2018.3/data/ip/xilinx/ldpc_v2_0/hdl/ldpc_v2_0_rfs.sv(64): (vlog-2583) [SVCHK] - Some checking for conflicts with always_comb and always_latch variables not yet supported. Run vopt to provide additional design-level checks.
** Warning: /opt/Xilinx/Vivado/2018.3/data/ip/xilinx/ldpc_v2_0/hdl/ldpc_v2_0_rfs.sv(64): (vlog-2583) [SVCHK] - Some checking for conflicts with always_comb and always_latch variables not yet supported. Run vopt to provide additional design-level checks.
** Warning: /opt/Xilinx/Vivado/2018.3/data/ip/xilinx/ldpc_v2_0/hdl/ldpc_v2_0_rfs.sv(64): (vlog-2583) [SVCHK] - Some checking for conflicts with always_comb and always_latch variables not yet supported. Run vopt to provide additional design-level checks.
** Warning: /opt/Xilinx/Vivado/2018.3/data/ip/xilinx/ldpc_v2_0/hdl/ldpc_v2_0_rfs.sv(64): (vlog-2583) [SVCHK] - Some checking for conflicts with always_comb and always_latch variables not yet supported. Run vopt to provide additional design-level checks.
** Warning: /opt/Xilinx/Vivado/2018.3/data/ip/xilinx/ldpc_v2_0/hdl/ldpc_v2_0_rfs.sv(64): (vlog-2583) [SVCHK] - Some checking for conflicts with always_comb and always_latch variables not yet supported. Run vopt to provide additional design-level checks.
** Warning: /opt/Xilinx/Vivado/2018.3/data/ip/xilinx/ldpc_v2_0/hdl/ldpc_v2_0_rfs.sv(64): (vlog-2583) [SVCHK] - Some checking for conflicts with always_comb and always_latch variables not yet supported. Run vopt to provide additional design-level checks.
** Warning: /opt/Xilinx/Vivado/2018.3/data/ip/xilinx/ldpc_v2_0/hdl/ldpc_v2_0_rfs.sv(64): (vlog-2583) [SVCHK] - Some checking for conflicts with always_comb and always_latch variables not yet supported. Run vopt to provide additional design-level checks.
** Warning: /opt/Xilinx/Vivado/2018.3/data/ip/xilinx/ldpc_v2_0/hdl/ldpc_v2_0_rfs.sv(64): (vlog-2583) [SVCHK] - Some checking for conflicts with always_comb and always_latch variables not yet supported. Run vopt to provide additional design-level checks.
** Warning: /opt/Xilinx/Vivado/2018.3/data/ip/xilinx/ldpc_v2_0/hdl/ldpc_v2_0_rfs.sv(64): (vlog-2583) [SVCHK] - Some checking for conflicts with always_comb and always_latch variables not yet supported. Run vopt to provide additional design-level checks.
** Warning: /opt/Xilinx/Vivado/2018.3/data/ip/xilinx/ldpc_v2_0/hdl/ldpc_v2_0_rfs.sv(64): (vlog-2583) [SVCHK] - Some checking for conflicts with always_comb and always_latch variables not yet supported. Run vopt to provide additional design-level checks.
** Warning: /opt/Xilinx/Vivado/2018.3/data/ip/xilinx/ldpc_v2_0/hdl/ldpc_v2_0_rfs.sv(64): (vlog-2583) [SVCHK] - Some checking for conflicts with always_comb and always_latch variables not yet supported. Run vopt to provide additional design-level checks.
** Warning: /opt/Xilinx/Vivado/2018.3/data/ip/xilinx/ldpc_v2_0/hdl/ldpc_v2_0_rfs.sv(64): (vlog-2583) [SVCHK] - Some checking for conflicts with always_comb and always_latch variables not yet supported. Run vopt to provide additional design-level checks.
** Warning: /opt/Xilinx/Vivado/2018.3/data/ip/xilinx/ldpc_v2_0/hdl/ldpc_v2_0_rfs.sv(64): (vlog-2583) [SVCHK] - Some checking for conflicts with always_comb and always_latch variables not yet supported. Run vopt to provide additional design-level checks.
** Warning: /opt/Xilinx/Vivado/2018.3/data/ip/xilinx/ldpc_v2_0/hdl/ldpc_v2_0_rfs.sv(64): (vlog-2583) [SVCHK] - Some checking for conflicts with always_comb and always_latch variables not yet supported. Run vopt to provide additional design-level checks.
** Warning: /opt/Xilinx/Vivado/2018.3/data/ip/xilinx/ldpc_v2_0/hdl/ldpc_v2_0_rfs.sv(64): (vlog-2583) [SVCHK] - Some checking for conflicts with always_comb and always_latch variables not yet supported. Run vopt to provide additional design-level checks.
** Warning: /opt/Xilinx/Vivado/2018.3/data/ip/xilinx/ldpc_v2_0/hdl/ldpc_v2_0_rfs.sv(64): (vlog-2583) [SVCHK] - Some checking for conflicts with always_comb and always_latch variables not yet supported. Run vopt to provide additional design-level checks.
** Warning: /opt/Xilinx/Vivado/2018.3/data/ip/xilinx/ldpc_v2_0/hdl/ldpc_v2_0_rfs.sv(64): (vlog-2583) [SVCHK] - Some checking for conflicts with always_comb and always_latch variables not yet supported. Run vopt to provide additional design-level checks.
** Warning: /opt/Xilinx/Vivado/2018.3/data/ip/xilinx/ldpc_v2_0/hdl/ldpc_v2_0_rfs.sv(64): (vlog-2583) [SVCHK] - Some checking for conflicts with always_comb and always_latch variables not yet supported. Run vopt to provide additional design-level checks.
** Warning: /opt/Xilinx/Vivado/2018.3/data/ip/xilinx/ldpc_v2_0/hdl/ldpc_v2_0_rfs.sv(64): (vlog-2583) [SVCHK] - Some checking for conflicts with always_comb and always_latch variables not yet supported. Run vopt to provide additional design-level checks.
** Warning: /opt/Xilinx/Vivado/2018.3/data/ip/xilinx/ldpc_v2_0/hdl/ldpc_v2_0_rfs.sv(64): (vlog-2583) [SVCHK] - Some checking for conflicts with always_comb and always_latch variables not yet supported. Run vopt to provide additional design-level checks.
** Warning: /opt/Xilinx/Vivado/2018.3/data/ip/xilinx/ldpc_v2_0/hdl/ldpc_v2_0_rfs.sv(64): (vlog-2583) [SVCHK] - Some checking for conflicts with always_comb and always_latch variables not yet supported. Run vopt to provide additional design-level checks.
** Warning: /opt/Xilinx/Vivado/2018.3/data/ip/xilinx/ldpc_v2_0/hdl/ldpc_v2_0_rfs.sv(64): (vlog-2583) [SVCHK] - Some checking for conflicts with always_comb and always_latch variables not yet supported. Run vopt to provide additional design-level checks.
** Warning: /opt/Xilinx/Vivado/2018.3/data/ip/xilinx/ldpc_v2_0/hdl/ldpc_v2_0_rfs.sv(64): (vlog-2583) [SVCHK] - Some checking for conflicts with always_comb and always_latch variables not yet supported. Run vopt to provide additional design-level checks.
** Warning: /opt/Xilinx/Vivado/2018.3/data/ip/xilinx/ldpc_v2_0/hdl/ldpc_v2_0_rfs.sv(64): (vlog-2583) [SVCHK] - Some checking for conflicts with always_comb and always_latch variables not yet supported. Run vopt to provide additional design-level checks.
** Warning: /opt/Xilinx/Vivado/2018.3/data/ip/xilinx/ldpc_v2_0/hdl/ldpc_v2_0_rfs.sv(64): (vlog-2583) [SVCHK] - Some checking for conflicts with always_comb and always_latch variables not yet supported. Run vopt to provide additional design-level checks.
** Warning: /opt/Xilinx/Vivado/2018.3/data/ip/xilinx/ldpc_v2_0/hdl/ldpc_v2_0_rfs.sv(64): (vlog-2583) [SVCHK] - Some checking for conflicts with always_comb and always_latch variables not yet supported. Run vopt to provide additional design-level checks.
** Warning: /opt/Xilinx/Vivado/2018.3/data/ip/xilinx/ldpc_v2_0/hdl/ldpc_v2_0_rfs.sv(64): (vlog-2583) [SVCHK] - Some checking for conflicts with always_comb and always_latch variables not yet supported. Run vopt to provide additional design-level checks.
** Warning: /opt/Xilinx/Vivado/2018.3/data/ip/xilinx/ldpc_v2_0/hdl/ldpc_v2_0_rfs.sv(64): (vlog-2583) [SVCHK] - Some checking for conflicts with always_comb and always_latch variables not yet supported. Run vopt to provide additional design-level checks.
** Warning: /opt/Xilinx/Vivado/2018.3/data/ip/xilinx/ldpc_v2_0/hdl/ldpc_v2_0_rfs.sv(64): (vlog-2583) [SVCHK] - Some checking for conflicts with always_comb and always_latch variables not yet supported. Run vopt to provide additional design-level checks.
** Warning: /opt/Xilinx/Vivado/2018.3/data/ip/xilinx/ldpc_v2_0/hdl/ldpc_v2_0_rfs.sv(64): (vlog-2583) [SVCHK] - Some checking for conflicts with always_comb and always_latch variables not yet supported. Run vopt to provide additional design-level checks.
** Warning: /opt/Xilinx/Vivado/2018.3/data/ip/xilinx/ldpc_v2_0/hdl/ldpc_v2_0_rfs.sv(64): (vlog-2583) [SVCHK] - Some checking for conflicts with always_comb and always_latch variables not yet supported. Run vopt to provide additional design-level checks.
** Warning: /opt/Xilinx/Vivado/2018.3/data/ip/xilinx/ldpc_v2_0/hdl/ldpc_v2_0_rfs.sv(64): (vlog-2583) [SVCHK] - Some checking for conflicts with always_comb and always_latch variables not yet supported. Run vopt to provide additional design-level checks.
** Warning: /opt/Xilinx/Vivado/2018.3/data/ip/xilinx/ldpc_v2_0/hdl/ldpc_v2_0_rfs.sv(64): (vlog-2583) [SVCHK] - Some checking for conflicts with always_comb and always_latch variables not yet supported. Run vopt to provide additional design-level checks.
** Warning: /opt/Xilinx/Vivado/2018.3/data/ip/xilinx/ldpc_v2_0/hdl/ldpc_v2_0_rfs.sv(64): (vlog-2583) [SVCHK] - Some checking for conflicts with always_comb and always_latch variables not yet supported. Run vopt to provide additional design-level checks.
** Warning: /opt/Xilinx/Vivado/2018.3/data/ip/xilinx/ldpc_v2_0/hdl/ldpc_v2_0_rfs.sv(64): (vlog-2583) [SVCHK] - Some checking for conflicts with always_comb and always_latch variables not yet supported. Run vopt to provide additional design-level checks.
** Warning: /opt/Xilinx/Vivado/2018.3/data/ip/xilinx/ldpc_v2_0/hdl/ldpc_v2_0_rfs.sv(64): (vlog-2583) [SVCHK] - Some checking for conflicts with always_comb and always_latch variables not yet supported. Run vopt to provide additional design-level checks.
** Warning: /opt/Xilinx/Vivado/2018.3/data/ip/xilinx/ldpc_v2_0/hdl/ldpc_v2_0_rfs.sv(64): (vlog-2583) [SVCHK] - Some checking for conflicts with always_comb and always_latch variables not yet supported. Run vopt to provide additional design-level checks.
** Warning: /opt/Xilinx/Vivado/2018.3/data/ip/xilinx/ldpc_v2_0/hdl/ldpc_v2_0_rfs.sv(64): (vlog-2583) [SVCHK] - Some checking for conflicts with always_comb and always_latch variables not yet supported. Run vopt to provide additional design-level checks.
** Warning: /opt/Xilinx/Vivado/2018.3/data/ip/xilinx/ldpc_v2_0/hdl/ldpc_v2_0_rfs.sv(64): (vlog-2583) [SVCHK] - Some checking for conflicts with always_comb and always_latch variables not yet supported. Run vopt to provide additional design-level checks.
** Warning: /opt/Xilinx/Vivado/2018.3/data/ip/xilinx/ldpc_v2_0/hdl/ldpc_v2_0_rfs.sv(64): (vlog-2583) [SVCHK] - Some checking for conflicts with always_comb and always_latch variables not yet supported. Run vopt to provide additional design-level checks.
** Warning: /opt/Xilinx/Vivado/2018.3/data/ip/xilinx/ldpc_v2_0/hdl/ldpc_v2_0_rfs.sv(64): (vlog-2583) [SVCHK] - Some checking for conflicts with always_comb and always_latch variables not yet supported. Run vopt to provide additional design-level checks.
** Warning: /opt/Xilinx/Vivado/2018.3/data/ip/xilinx/ldpc_v2_0/hdl/ldpc_v2_0_rfs.sv(64): (vlog-2583) [SVCHK] - Some checking for conflicts with always_comb and always_latch variables not yet supported. Run vopt to provide additional design-level checks.
** Warning: /opt/Xilinx/Vivado/2018.3/data/ip/xilinx/ldpc_v2_0/hdl/ldpc_v2_0_rfs.sv(64): (vlog-2583) [SVCHK] - Some checking for conflicts with always_comb and always_latch variables not yet supported. Run vopt to provide additional design-level checks.
** Warning: /opt/Xilinx/Vivado/2018.3/data/ip/xilinx/ldpc_v2_0/hdl/ldpc_v2_0_rfs.sv(64): (vlog-2583) [SVCHK] - Some checking for conflicts with always_comb and always_latch variables not yet supported. Run vopt to provide additional design-level checks.
** Warning: /opt/Xilinx/Vivado/2018.3/data/ip/xilinx/ldpc_v2_0/hdl/ldpc_v2_0_rfs.sv(64): (vlog-2583) [SVCHK] - Some checking for conflicts with always_comb and always_latch variables not yet supported. Run vopt to provide additional design-level checks.
** Warning: /opt/Xilinx/Vivado/2018.3/data/ip/xilinx/ldpc_v2_0/hdl/ldpc_v2_0_rfs.sv(64): (vlog-2583) [SVCHK] - Some checking for conflicts with always_comb and always_latch variables not yet supported. Run vopt to provide additional design-level checks.
** Warning: /opt/Xilinx/Vivado/2018.3/data/ip/xilinx/ldpc_v2_0/hdl/ldpc_v2_0_rfs.sv(64): (vlog-2583) [SVCHK] - Some checking for conflicts with always_comb and always_latch variables not yet supported. Run vopt to provide additional design-level checks.
** Warning: /opt/Xilinx/Vivado/2018.3/data/ip/xilinx/ldpc_v2_0/hdl/ldpc_v2_0_rfs.sv(64): (vlog-2583) [SVCHK] - Some checking for conflicts with always_comb and always_latch variables not yet supported. Run vopt to provide additional design-level checks.
** Warning: /opt/Xilinx/Vivado/2018.3/data/ip/xilinx/ldpc_v2_0/hdl/ldpc_v2_0_rfs.sv(64): (vlog-2583) [SVCHK] - Some checking for conflicts with always_comb and always_latch variables not yet supported. Run vopt to provide additional design-level checks.
** Warning: /opt/Xilinx/Vivado/2018.3/data/ip/xilinx/ldpc_v2_0/hdl/ldpc_v2_0_rfs.sv(64): (vlog-2583) [SVCHK] - Some checking for conflicts with always_comb and always_latch variables not yet supported. Run vopt to provide additional design-level checks.
** Warning: /opt/Xilinx/Vivado/2018.3/data/ip/xilinx/ldpc_v2_0/hdl/ldpc_v2_0_rfs.sv(64): (vlog-2583) [SVCHK] - Some checking for conflicts with always_comb and always_latch variables not yet supported. Run vopt to provide additional design-level checks.
** Warning: /opt/Xilinx/Vivado/2018.3/data/ip/xilinx/ldpc_v2_0/hdl/ldpc_v2_0_rfs.sv(64): (vlog-2583) [SVCHK] - Some checking for conflicts with always_comb and always_latch variables not yet supported. Run vopt to provide additional design-level checks.
** Warning: /opt/Xilinx/Vivado/2018.3/data/ip/xilinx/ldpc_v2_0/hdl/ldpc_v2_0_rfs.sv(64): (vlog-2583) [SVCHK] - Some checking for conflicts with always_comb and always_latch variables not yet supported. Run vopt to provide additional design-level checks.
** Warning: /opt/Xilinx/Vivado/2018.3/data/ip/xilinx/ldpc_v2_0/hdl/ldpc_v2_0_rfs.sv(64): (vlog-2583) [SVCHK] - Some checking for conflicts with always_comb and always_latch variables not yet supported. Run vopt to provide additional design-level checks.
** Warning: /opt/Xilinx/Vivado/2018.3/data/ip/xilinx/ldpc_v2_0/hdl/ldpc_v2_0_rfs.sv(64): (vlog-2583) [SVCHK] - Some checking for conflicts with always_comb and always_latch variables not yet supported. Run vopt to provide additional design-level checks.
** Warning: /opt/Xilinx/Vivado/2018.3/data/ip/xilinx/ldpc_v2_0/hdl/ldpc_v2_0_rfs.sv(64): (vlog-2583) [SVCHK] - Some checking for conflicts with always_comb and always_latch variables not yet supported. Run vopt to provide additional design-level checks.
** Warning: /opt/Xilinx/Vivado/2018.3/data/ip/xilinx/ldpc_v2_0/hdl/ldpc_v2_0_rfs.sv(64): (vlog-2583) [SVCHK] - Some checking for conflicts with always_comb and always_latch variables not yet supported. Run vopt to provide additional design-level checks.
** Warning: /opt/Xilinx/Vivado/2018.3/data/ip/xilinx/ldpc_v2_0/hdl/ldpc_v2_0_rfs.sv(64): (vlog-2583) [SVCHK] - Some checking for conflicts with always_comb and always_latch variables not yet supported. Run vopt to provide additional design-level checks.
** Warning: /opt/Xilinx/Vivado/2018.3/data/ip/xilinx/ldpc_v2_0/hdl/ldpc_v2_0_rfs.sv(64): (vlog-2583) [SVCHK] - Some checking for conflicts with always_comb and always_latch variables not yet supported. Run vopt to provide additional design-level checks.
** Warning: /opt/Xilinx/Vivado/2018.3/data/ip/xilinx/ldpc_v2_0/hdl/ldpc_v2_0_rfs.sv(64): (vlog-2583) [SVCHK] - Some checking for conflicts with always_comb and always_latch variables not yet supported. Run vopt to provide additional design-level checks.
** Warning: /opt/Xilinx/Vivado/2018.3/data/ip/xilinx/ldpc_v2_0/hdl/ldpc_v2_0_rfs.sv(64): (vlog-2583) [SVCHK] - Some checking for conflicts with always_comb and always_latch variables not yet supported. Run vopt to provide additional design-level checks.
** Warning: /opt/Xilinx/Vivado/2018.3/data/ip/xilinx/ldpc_v2_0/hdl/ldpc_v2_0_rfs.sv(64): (vlog-2583) [SVCHK] - Some checking for conflicts with always_comb and always_latch variables not yet supported. Run vopt to provide additional design-level checks.
** Warning: /opt/Xilinx/Vivado/2018.3/data/ip/xilinx/ldpc_v2_0/hdl/ldpc_v2_0_rfs.sv(64): (vlog-2583) [SVCHK] - Some checking for conflicts with always_comb and always_latch variables not yet supported. Run vopt to provide additional design-level checks.
** Warning: /opt/Xilinx/Vivado/2018.3/data/ip/xilinx/ldpc_v2_0/hdl/ldpc_v2_0_rfs.sv(64): (vlog-2583) [SVCHK] - Some checking for conflicts with always_comb and always_latch variables not yet supported. Run vopt to provide additional design-level checks.
** Warning: /opt/Xilinx/Vivado/2018.3/data/ip/xilinx/ldpc_v2_0/hdl/ldpc_v2_0_rfs.sv(64): (vlog-2583) [SVCHK] - Some checking for conflicts with always_comb and always_latch variables not yet supported. Run vopt to provide additional design-level checks.
** Warning: /opt/Xilinx/Vivado/2018.3/data/ip/xilinx/ldpc_v2_0/hdl/ldpc_v2_0_rfs.sv(64): (vlog-2583) [SVCHK] - Some checking for conflicts with always_comb and always_latch variables not yet supported. Run vopt to provide additional design-level checks.
** Warning: /opt/Xilinx/Vivado/2018.3/data/ip/xilinx/ldpc_v2_0/hdl/ldpc_v2_0_rfs.sv(64): (vlog-2583) [SVCHK] - Some checking for conflicts with always_comb and always_latch variables not yet supported. Run vopt to provide additional design-level checks.
** Warning: /opt/Xilinx/Vivado/2018.3/data/ip/xilinx/ldpc_v2_0/hdl/ldpc_v2_0_rfs.sv(64): (vlog-2583) [SVCHK] - Some checking for conflicts with always_comb and always_latch variables not yet supported. Run vopt to provide additional design-level checks.
** Warning: /opt/Xilinx/Vivado/2018.3/data/ip/xilinx/ldpc_v2_0/hdl/ldpc_v2_0_rfs.sv(64): (vlog-2583) [SVCHK] - Some checking for conflicts with always_comb and always_latch variables not yet supported. Run vopt to provide additional design-level checks.
** Warning: /opt/Xilinx/Vivado/2018.3/data/ip/xilinx/ldpc_v2_0/hdl/ldpc_v2_0_rfs.sv(64): (vlog-2583) [SVCHK] - Some checking for conflicts with always_comb and always_latch variables not yet supported. Run vopt to provide additional design-level checks.
** Warning: /opt/Xilinx/Vivado/2018.3/data/ip/xilinx/ldpc_v2_0/hdl/ldpc_v2_0_rfs.sv(64): (vlog-2583) [SVCHK] - Some checking for conflicts with always_comb and always_latch variables not yet supported. Run vopt to provide additional design-level checks.
** Warning: /opt/Xilinx/Vivado/2018.3/data/ip/xilinx/ldpc_v2_0/hdl/ldpc_v2_0_rfs.sv(64): (vlog-2583) [SVCHK] - Some checking for conflicts with always_comb and always_latch variables not yet supported. Run vopt to provide additional design-level checks.
** Warning: /opt/Xilinx/Vivado/2018.3/data/ip/xilinx/ldpc_v2_0/hdl/ldpc_v2_0_rfs.sv(64): (vlog-2583) [SVCHK] - Some checking for conflicts with always_comb and always_latch variables not yet supported. Run vopt to provide additional design-level checks.
** Warning: /opt/Xilinx/Vivado/2018.3/data/ip/xilinx/ldpc_v2_0/hdl/ldpc_v2_0_rfs.sv(64): (vlog-2583) [SVCHK] - Some checking for conflicts with always_comb and always_latch variables not yet supported. Run vopt to provide additional design-level checks.
** Warning: /opt/Xilinx/Vivado/2018.3/data/ip/xilinx/ldpc_v2_0/hdl/ldpc_v2_0_rfs.sv(64): (vlog-2583) [SVCHK] - Some checking for conflicts with always_comb and always_latch variables not yet supported. Run vopt to provide additional design-level checks.
** Warning: /opt/Xilinx/Vivado/2018.3/data/ip/xilinx/ldpc_v2_0/hdl/ldpc_v2_0_rfs.sv(64): (vlog-2583) [SVCHK] - Some checking for conflicts with always_comb and always_latch variables not yet supported. Run vopt to provide additional design-level checks.
** Warning: /opt/Xilinx/Vivado/2018.3/data/ip/xilinx/ldpc_v2_0/hdl/ldpc_v2_0_rfs.sv(64): (vlog-2583) [SVCHK] - Some checking for conflicts with always_comb and always_latch variables not yet supported. Run vopt to provide additional design-level checks.
** Warning: /opt/Xilinx/Vivado/2018.3/data/ip/xilinx/ldpc_v2_0/hdl/ldpc_v2_0_rfs.sv(64): (vlog-2583) [SVCHK] - Some checking for conflicts with always_comb and always_latch variables not yet supported. Run vopt to provide additional design-level checks.
** Warning: /opt/Xilinx/Vivado/2018.3/data/ip/xilinx/ldpc_v2_0/hdl/ldpc_v2_0_rfs.sv(64): (vlog-2583) [SVCHK] - Some checking for conflicts with always_comb and always_latch variables not yet supported. Run vopt to provide additional design-level checks.
** Warning: /opt/Xilinx/Vivado/2018.3/data/ip/xilinx/ldpc_v2_0/hdl/ldpc_v2_0_rfs.sv(64): (vlog-2583) [SVCHK] - Some checking for conflicts with always_comb and always_latch variables not yet supported. Run vopt to provide additional design-level checks.
** Warning: /opt/Xilinx/Vivado/2018.3/data/ip/xilinx/ldpc_v2_0/hdl/ldpc_v2_0_rfs.sv(64): (vlog-2583) [SVCHK] - Some checking for conflicts with always_comb and always_latch variables not yet supported. Run vopt to provide additional design-level checks.
** Warning: /opt/Xilinx/Vivado/2018.3/data/ip/xilinx/ldpc_v2_0/hdl/ldpc_v2_0_rfs.sv(64): (vlog-2583) [SVCHK] - Some checking for conflicts with always_comb and always_latch variables not yet supported. Run vopt to provide additional design-level checks.
** Warning: /opt/Xilinx/Vivado/2018.3/data/ip/xilinx/ldpc_v2_0/hdl/ldpc_v2_0_rfs.sv(64): (vlog-2583) [SVCHK] - Some checking for conflicts with always_comb and always_latch variables not yet supported. Run vopt to provide additional design-level checks.
** Warning: /opt/Xilinx/Vivado/2018.3/data/ip/xilinx/ldpc_v2_0/hdl/ldpc_v2_0_rfs.sv(64): (vlog-2583) [SVCHK] - Some checking for conflicts with always_comb and always_latch variables not yet supported. Run vopt to provide additional design-level checks.
** Warning: /opt/Xilinx/Vivado/2018.3/data/ip/xilinx/ldpc_v2_0/hdl/ldpc_v2_0_rfs.sv(64): (vlog-2583) [SVCHK] - Some checking for conflicts with always_comb and always_latch variables not yet supported. Run vopt to provide additional design-level checks.
** Warning: /opt/Xilinx/Vivado/2018.3/data/ip/xilinx/ldpc_v2_0/hdl/ldpc_v2_0_rfs.sv(64): (vlog-2583) [SVCHK] - Some checking for conflicts with always_comb and always_latch variables not yet supported. Run vopt to provide additional design-level checks.
** Warning: /opt/Xilinx/Vivado/2018.3/data/ip/xilinx/ldpc_v2_0/hdl/ldpc_v2_0_rfs.sv(64): (vlog-2583) [SVCHK] - Some checking for conflicts with always_comb and always_latch variables not yet supported. Run vopt to provide additional design-level checks.
** Warning: /opt/Xilinx/Vivado/2018.3/data/ip/xilinx/ldpc_v2_0/hdl/ldpc_v2_0_rfs.sv(64): (vlog-2583) [SVCHK] - Some checking for conflicts with always_comb and always_latch variables not yet supported. Run vopt to provide additional design-level checks.
** Warning: /opt/Xilinx/Vivado/2018.3/data/ip/xilinx/ldpc_v2_0/hdl/ldpc_v2_0_rfs.sv(64): (vlog-2583) [SVCHK] - Some checking for conflicts with always_comb and always_latch variables not yet supported. Run vopt to provide additional design-level checks.
** Warning: /opt/Xilinx/Vivado/2018.3/data/ip/xilinx/ldpc_v2_0/hdl/ldpc_v2_0_rfs.sv(64): (vlog-2583) [SVCHK] - Some checking for conflicts with always_comb and always_latch variables not yet supported. Run vopt to provide additional design-level checks.
** Warning: /opt/Xilinx/Vivado/2018.3/data/ip/xilinx/ldpc_v2_0/hdl/ldpc_v2_0_rfs.sv(64): (vlog-2583) [SVCHK] - Some checking for conflicts with always_comb and always_latch variables not yet supported. Run vopt to provide additional design-level checks.
** Warning: /opt/Xilinx/Vivado/2018.3/data/ip/xilinx/ldpc_v2_0/hdl/ldpc_v2_0_rfs.sv(64): (vlog-2583) [SVCHK] - Some checking for conflicts with always_comb and always_latch variables not yet supported. Run vopt to provide additional design-level checks.
** Warning: /opt/Xilinx/Vivado/2018.3/data/ip/xilinx/ldpc_v2_0/hdl/ldpc_v2_0_rfs.sv(64): (vlog-2583) [SVCHK] - Some checking for conflicts with always_comb and always_latch variables not yet supported. Run vopt to provide additional design-level checks.
** Warning: /opt/Xilinx/Vivado/2018.3/data/ip/xilinx/ldpc_v2_0/hdl/ldpc_v2_0_rfs.sv(64): (vlog-2583) [SVCHK] - Some checking for conflicts with always_comb and always_latch variables not yet supported. Run vopt to provide additional design-level checks.
** Warning: /opt/Xilinx/Vivado/2018.3/data/ip/xilinx/ldpc_v2_0/hdl/ldpc_v2_0_rfs.sv(64): (vlog-2583) [SVCHK] - Some checking for conflicts with always_comb and always_latch variables not yet supported. Run vopt to provide additional design-level checks.
** Warning: /opt/Xilinx/Vivado/2018.3/data/ip/xilinx/ldpc_v2_0/hdl/ldpc_v2_0_rfs.sv(64): (vlog-2583) [SVCHK] - Some checking for conflicts with always_comb and always_latch variables not yet supported. Run vopt to provide additional design-level checks.
** Warning: /opt/Xilinx/Vivado/2018.3/data/ip/xilinx/ldpc_v2_0/hdl/ldpc_v2_0_rfs.sv(64): (vlog-2583) [SVCHK] - Some checking for conflicts with always_comb and always_latch variables not yet supported. Run vopt to provide additional design-level checks.
** Warning: /opt/Xilinx/Vivado/2018.3/data/ip/xilinx/ldpc_v2_0/hdl/ldpc_v2_0_rfs.sv(64): (vlog-2583) [SVCHK] - Some checking for conflicts with always_comb and always_latch variables not yet supported. Run vopt to provide additional design-level checks.
** Warning: /opt/Xilinx/Vivado/2018.3/data/ip/xilinx/ldpc_v2_0/hdl/ldpc_v2_0_rfs.sv(64): (vlog-2583) [SVCHK] - Some checking for conflicts with always_comb and always_latch variables not yet supported. Run vopt to provide additional design-level checks.
** Warning: /opt/Xilinx/Vivado/2018.3/data/ip/xilinx/ldpc_v2_0/hdl/ldpc_v2_0_rfs.sv(64): (vlog-2583) [SVCHK] - Some checking for conflicts with always_comb and always_latch variables not yet supported. Run vopt to provide additional design-level checks.
** Warning: /opt/Xilinx/Vivado/2018.3/data/ip/xilinx/ldpc_v2_0/hdl/ldpc_v2_0_rfs.sv(64): (vlog-2583) [SVCHK] - Some checking for conflicts with always_comb and always_latch variables not yet supported. Run vopt to provide additional design-level checks.
** Warning: /opt/Xilinx/Vivado/2018.3/data/ip/xilinx/ldpc_v2_0/hdl/ldpc_v2_0_rfs.sv(64): (vlog-2583) [SVCHK] - Some checking for conflicts with always_comb and always_latch variables not yet supported. Run vopt to provide additional design-level checks.

Top level modules:
End time: 10:57:28 on Jun 21,2019, Elapsed time: 0:00:00
Errors: 0, Warnings: 352
