INFO: [VRFC 10-163] Analyzing VHDL file "/home/dmonk/Firmware/DTC-firmware/DTC-front/DTC-front.srcs/sources_1/new/utilities.vhd" into library xil_defaultlib
INFO: [VRFC 10-163] Analyzing VHDL file "/home/dmonk/Firmware/DTC-firmware/DTC-front/DTC-front.srcs/sources_1/new/FunkyMiniBus.vhd" into library xil_defaultlib
INFO: [VRFC 10-3107] analyzing entity 'FMBusRamDecoder'
INFO: [VRFC 10-3107] analyzing entity 'FMBusRegDecoder'
INFO: [VRFC 10-3107] analyzing entity 'FMBusMaster'
INFO: [VRFC 10-163] Analyzing VHDL file "/home/dmonk/Firmware/DTC-firmware/DTC-front/DTC-front.srcs/sources_1/new/DataTypes.vhd" into library xil_defaultlib
INFO: [VRFC 10-163] Analyzing VHDL file "/home/dmonk/Firmware/DTC-firmware/DTC-front/DTC-front.srcs/sources_1/new/CICStubPipe.vhd" into library xil_defaultlib
INFO: [VRFC 10-3107] analyzing entity 'CICStubPipe'
INFO: [VRFC 10-163] Analyzing VHDL file "/home/dmonk/Firmware/DTC-firmware/DTC-front/DTC-front.srcs/sources_1/new/LinkFormatter.vhd" into library xil_defaultlib
INFO: [VRFC 10-3107] analyzing entity 'LinkFormatter2'
INFO: [VRFC 10-163] Analyzing VHDL file "/home/dmonk/Firmware/DTC-firmware/DTC-front/DTC-front.srcs/sources_1/new/LinkGenerator.vhd" into library xil_defaultlib
INFO: [VRFC 10-3107] analyzing entity 'LinkGenerator'
ERROR: [VRFC 10-2989] 'hread' is not declared [/home/dmonk/Firmware/DTC-firmware/DTC-front/DTC-front.srcs/sources_1/new/LinkGenerator.vhd:57]
ERROR: [VRFC 10-3782] unit 'behavioral' ignored due to previous errors [/home/dmonk/Firmware/DTC-firmware/DTC-front/DTC-front.srcs/sources_1/new/LinkGenerator.vhd:39]
INFO: [VRFC 10-3070] VHDL file '/home/dmonk/Firmware/DTC-firmware/DTC-front/DTC-front.srcs/sources_1/new/LinkGenerator.vhd' ignored due to errors
INFO: [VRFC 10-163] Analyzing VHDL file "/home/dmonk/Firmware/DTC-firmware/DTC-front/DTC-front.srcs/sources_1/new/utilities.vhd" into library xil_defaultlib
INFO: [VRFC 10-163] Analyzing VHDL file "/home/dmonk/Firmware/DTC-firmware/DTC-front/DTC-front.srcs/sources_1/new/FunkyMiniBus.vhd" into library xil_defaultlib
INFO: [VRFC 10-3107] analyzing entity 'FMBusRamDecoder'
INFO: [VRFC 10-3107] analyzing entity 'FMBusRegDecoder'
INFO: [VRFC 10-3107] analyzing entity 'FMBusMaster'
INFO: [VRFC 10-163] Analyzing VHDL file "/home/dmonk/Firmware/DTC-firmware/DTC-front/DTC-front.srcs/sources_1/new/DataTypes.vhd" into library xil_defaultlib
INFO: [VRFC 10-163] Analyzing VHDL file "/home/dmonk/Firmware/DTC-firmware/DTC-front/DTC-front.srcs/sources_1/new/CICStubPipe.vhd" into library xil_defaultlib
INFO: [VRFC 10-3107] analyzing entity 'CICStubPipe'
INFO: [VRFC 10-163] Analyzing VHDL file "/home/dmonk/Firmware/DTC-firmware/DTC-front/DTC-front.srcs/sources_1/new/LinkFormatter.vhd" into library xil_defaultlib
INFO: [VRFC 10-3107] analyzing entity 'LinkFormatter2'
INFO: [VRFC 10-163] Analyzing VHDL file "/home/dmonk/Firmware/DTC-firmware/DTC-front/DTC-front.srcs/sources_1/new/LinkGenerator.vhd" into library xil_defaultlib
INFO: [VRFC 10-3107] analyzing entity 'LinkGenerator'
ERROR: [VRFC 10-2989] 'hread' is not declared [/home/dmonk/Firmware/DTC-firmware/DTC-front/DTC-front.srcs/sources_1/new/LinkGenerator.vhd:57]
ERROR: [VRFC 10-3782] unit 'behavioral' ignored due to previous errors [/home/dmonk/Firmware/DTC-firmware/DTC-front/DTC-front.srcs/sources_1/new/LinkGenerator.vhd:39]
INFO: [VRFC 10-3070] VHDL file '/home/dmonk/Firmware/DTC-firmware/DTC-front/DTC-front.srcs/sources_1/new/LinkGenerator.vhd' ignored due to errors
INFO: [VRFC 10-163] Analyzing VHDL file "/home/dmonk/Firmware/DTC-firmware/DTC-front/DTC-front.srcs/sources_1/new/utilities.vhd" into library xil_defaultlib
INFO: [VRFC 10-163] Analyzing VHDL file "/home/dmonk/Firmware/DTC-firmware/DTC-front/DTC-front.srcs/sources_1/new/FunkyMiniBus.vhd" into library xil_defaultlib
INFO: [VRFC 10-3107] analyzing entity 'FMBusRamDecoder'
INFO: [VRFC 10-3107] analyzing entity 'FMBusRegDecoder'
INFO: [VRFC 10-3107] analyzing entity 'FMBusMaster'
INFO: [VRFC 10-163] Analyzing VHDL file "/home/dmonk/Firmware/DTC-firmware/DTC-front/DTC-front.srcs/sources_1/new/DataTypes.vhd" into library xil_defaultlib
INFO: [VRFC 10-163] Analyzing VHDL file "/home/dmonk/Firmware/DTC-firmware/DTC-front/DTC-front.srcs/sources_1/new/CICStubPipe.vhd" into library xil_defaultlib
INFO: [VRFC 10-3107] analyzing entity 'CICStubPipe'
INFO: [VRFC 10-163] Analyzing VHDL file "/home/dmonk/Firmware/DTC-firmware/DTC-front/DTC-front.srcs/sources_1/new/LinkFormatter.vhd" into library xil_defaultlib
INFO: [VRFC 10-3107] analyzing entity 'LinkFormatter2'
INFO: [VRFC 10-163] Analyzing VHDL file "/home/dmonk/Firmware/DTC-firmware/DTC-front/DTC-front.srcs/sources_1/new/top.vhd" into library xil_defaultlib
INFO: [VRFC 10-3107] analyzing entity 'top'
INFO: [VRFC 10-163] Analyzing VHDL file "/home/dmonk/Firmware/DTC-firmware/DTC-front/DTC-front.srcs/sources_1/new/Testbench.vhd" into library xil_defaultlib
INFO: [VRFC 10-3107] analyzing entity 'Testbench'
INFO: [VRFC 10-163] Analyzing VHDL file "/home/dmonk/Firmware/DTC-firmware/DTC-front/DTC-front.srcs/sources_1/new/LinkGenerator.vhd" into library xil_defaultlib
INFO: [VRFC 10-3107] analyzing entity 'LinkGenerator'
ERROR: [VRFC 10-2989] 'hread' is not declared [/home/dmonk/Firmware/DTC-firmware/DTC-front/DTC-front.srcs/sources_1/new/LinkGenerator.vhd:57]
ERROR: [VRFC 10-3782] unit 'behavioral' ignored due to previous errors [/home/dmonk/Firmware/DTC-firmware/DTC-front/DTC-front.srcs/sources_1/new/LinkGenerator.vhd:39]
INFO: [VRFC 10-3070] VHDL file '/home/dmonk/Firmware/DTC-firmware/DTC-front/DTC-front.srcs/sources_1/new/LinkGenerator.vhd' ignored due to errors
INFO: [VRFC 10-163] Analyzing VHDL file "/home/dmonk/Firmware/DTC-firmware/DTC-front/DTC-front.srcs/sources_1/new/LinkGenerator.vhd" into library xil_defaultlib
INFO: [VRFC 10-3107] analyzing entity 'LinkGenerator'
ERROR: [VRFC 10-2989] 'hread' is not declared [/home/dmonk/Firmware/DTC-firmware/DTC-front/DTC-front.srcs/sources_1/new/LinkGenerator.vhd:57]
ERROR: [VRFC 10-3782] unit 'behavioral' ignored due to previous errors [/home/dmonk/Firmware/DTC-firmware/DTC-front/DTC-front.srcs/sources_1/new/LinkGenerator.vhd:39]
INFO: [VRFC 10-3070] VHDL file '/home/dmonk/Firmware/DTC-firmware/DTC-front/DTC-front.srcs/sources_1/new/LinkGenerator.vhd' ignored due to errors
