Model Technology ModelSim SE-64 vmap 10.6b Lib Mapping Utility 2017.05 May 25 2017
vmap lib_fifo_v1_0_12 /home/dmonk/Firmware/DTC-firmware/DTC-front/DTC-front.cache/compile_simlib/modelsim/lib_fifo_v1_0_12 
Modifying modelsim.ini
Model Technology ModelSim SE-64 vcom 10.6b Compiler 2017.05 May 25 2017
Start time: 10:56:46 on Jun 21,2019
vcom -64 -93 -work lib_fifo_v1_0_12 -f /home/dmonk/Firmware/DTC-firmware/DTC-front/DTC-front.cache/compile_simlib/modelsim/lib_fifo_v1_0_12/.cxl.vhdl.lib_fifo_v1_0_12.lib_fifo_v1_0_12.lin64.cmf 
-- Loading package STANDARD
-- Loading package TEXTIO
-- Loading package std_logic_1164
-- Loading package NUMERIC_STD
-- Loading package ATTRIBUTES
-- Loading package std_logic_misc
-- Loading package std_logic_arith
-- Loading package STD_LOGIC_UNSIGNED
-- Loading package VCOMPONENTS
-- Compiling entity async_fifo_fg
-- Compiling architecture implementation of async_fifo_fg
-- Compiling entity sync_fifo_fg
-- Compiling architecture implementation of sync_fifo_fg
End time: 10:56:46 on Jun 21,2019, Elapsed time: 0:00:00
Errors: 0, Warnings: 0
